# Mon May  3 15:57:11 2021: braker.pl version 2.1.1

# Mon May  3 15:57:11 2021: Configuring of BRAKER for using external tools...

# Mon May  3 15:57:11 2021: Command line flag --AUGUSTUS_CONFIG_PATH was provided. Setting $AUGUSTUS_CONFIG_PATH in braker.pl to /home/mama5390/augustus_config.
# Mon May  3 15:57:11 2021: Setting $AUGUSTUS_BIN_PATH to command line argument --AUGUSTUS_BIN_PATH value /sw/bioinfo/augustus/3.4.0/snowy/bin.
# Mon May  3 15:57:11 2021: Setting $AUGUSTUS_SCRIPTS_PATH to command line argument --AUGUSTUS_SCRIPTS_PATH value /sw/bioinfo/augustus/3.4.0/snowy/scripts.
# Mon May  3 15:57:11 2021: Setting $GENEMARK_PATH to command line argument --GENEMARK_PATH value /sw/bioinfo/GeneMark/4.62-es/snowy.
# Mon May  3 15:57:11 2021: Did not find environment variable $BAMTOOLS_PATH (either variable does not exist, or the path given in variable does not exist). Will try to set this variable in a different way, later.
# Mon May  3 15:57:11 2021: Trying to guess $BAMTOOLS_BIN_PATH from location of bamtools executable that is available in your $PATH.
# Mon May  3 15:57:11 2021: Setting $BAMTOOLS_BIN_PATH to /sw/bioinfo/bamtools/2.5.1/snowy/bin
# Mon May  3 15:57:11 2021: Did not find environment variable $SAMTOOLS_PATH  (either variable does not exist, or the path given in variable doesnot exist). Will try to set this variable in a different way, later.
# Mon May  3 15:57:11 2021: Trying to guess $SAMTOOLS_PATH from location of samtools executable in your $PATH.
# Mon May  3 15:57:11 2021: Setting $SAMTOOLS_PATH to /sw/bioinfo/samtools/1.8/snowy/bin
# Mon May  3 15:57:11 2021: Did not find environment variable $BLAST_PATH
# Mon May  3 15:57:11 2021: Trying to guess $BLAST_PATH from location of blastp executable that is available in your $PATH.
# Mon May  3 15:57:11 2021: Setting $BLAST_PATH to /sw/bioinfo/blast/2.9.0+/snowy/bin
# Mon May  3 15:57:11 2021: Configuration of BRAKER for using external tools is complete!

# Mon May  3 15:57:11 2021: WARNING: /domus/h1/mama5390/genome_analysis/genome_analysis/scripts/braker/M.Natalensis already exists. Braker will use existing files, if they are newer than the input files. You can choose another working directory with --workingdir=dir or overwrite it with --overwrite.
# Mon May  3 15:57:11 2021: changing into working directory /domus/h1/mama5390/genome_analysis/genome_analysis/scripts/braker
cd /domus/h1/mama5390/genome_analysis/genome_analysis/scripts/braker

# Mon May  3 15:57:11 2021: Creating parameter template files for AUGUSTUS with new_species.pl

# Mon May  3 15:57:11 2021: Converting bam files to hints
# Mon May  3 15:57:11 2021: Preparing hints for running GeneMark

# Mon May  3 15:57:11 2021: Filtering intron hints for GeneMark from /domus/h1/mama5390/genome_analysis/genome_analysis/scripts/braker/M.Natalensis/hintsfile.gff...
cat /domus/h1/mama5390/genome_analysis/genome_analysis/scripts/braker/M.Natalensis/genemark_hintsfile.gff.rnaseq | sort -n -k 4,4 | sort -s -n -k 5,5 | sort -s -k 3,3 | sort -s -k 1,1 | /sw/bioinfo/augustus/3.4.0/rackham/scripts/join_mult_hints.pl > /domus/h1/mama5390/genome_analysis/genome_analysis/scripts/braker/M.Natalensis/genemark_hintsfile.gff.rnaseq.tmp
mv /domus/h1/mama5390/genome_analysis/genome_analysis/scripts/braker/M.Natalensis/genemark_hintsfile.gff.rnaseq.tmp /domus/h1/mama5390/genome_analysis/genome_analysis/scripts/braker/M.Natalensis/genemark_hintsfile.gff

# Mon May  3 15:57:11 2021: Checking whether file /domus/h1/mama5390/genome_analysis/genome_analysis/scripts/braker/M.Natalensis/genemark_hintsfile.gff contains sufficient multiplicity information...
# Mon May  3 15:57:11 2021: Executing GeneMark-ET

# Mon May  3 15:57:11 2021: changing into GeneMark-ET directory /domus/h1/mama5390/genome_analysis/genome_analysis/scripts/braker/M.Natalensis/GeneMark-ET
cd /domus/h1/mama5390/genome_analysis/genome_analysis/scripts/braker/M.Natalensis/GeneMark-ET

# Mon May  3 15:57:11 2021: Executing gmes_petap.pl
perl /sw/bioinfo/GeneMark/4.62-es/snowy/gmes_petap.pl --verbose --sequence=/domus/h1/mama5390/genome_analysis/genome_analysis/scripts/braker/M.Natalensis/genome.fa --ET=/domus/h1/mama5390/genome_analysis/genome_analysis/scripts/braker/M.Natalensis/genemark_hintsfile.gff --et_score 10 --max_intergenic 50000 --cores=1 1>/domus/h1/mama5390/genome_analysis/genome_analysis/scripts/braker/M.Natalensis/GeneMark-ET.stdout 2>/domus/h1/mama5390/genome_analysis/genome_analysis/scripts/braker/M.Natalensis/errors/GeneMark-ET.stderr

