[2021-05-20 15:19:10,907] multiqc                                            [DEBUG  ]  No MultiQC config found: /sw/bioinfo/MultiQC/1.10.1/rackham/lib/python3.7/site-packages/multiqc_config.yaml
[2021-05-20 15:19:10,908] multiqc                                            [DEBUG  ]  No MultiQC config found: /home/mama5390/.multiqc_config.yaml
[2021-05-20 15:19:10,908] multiqc                                            [DEBUG  ]  No MultiQC config found: multiqc_config.yaml
[2021-05-20 15:19:10,908] multiqc                                            [DEBUG  ]  Command used: /sw/bioinfo/MultiQC/1.10.1/rackham/bin/multiqc . -d -s
[2021-05-20 15:19:11,162] multiqc                                            [DEBUG  ]  Latest MultiQC version is v1.10.1
[2021-05-20 15:19:11,162] multiqc                                            [INFO   ]  Not cleaning sample names
[2021-05-20 15:19:11,163] multiqc                                            [INFO   ]  This is MultiQC v1.10.1
[2021-05-20 15:19:11,163] multiqc                                            [DEBUG  ]  Command     : /sw/bioinfo/MultiQC/1.10.1/rackham/bin/multiqc . -d -s
[2021-05-20 15:19:11,163] multiqc                                            [DEBUG  ]  Working dir : /domus/h1/mama5390/genome_analysis/genome_analysis/out_files/fastqc_wgs
[2021-05-20 15:19:11,163] multiqc                                            [INFO   ]  Template    : default
[2021-05-20 15:19:11,163] multiqc                                            [DEBUG  ]  Running Python 3.7.2 (default, Mar 14 2019, 18:52:14)  [GCC 4.8.5 20150623 (Red Hat 4.8.5-36)]
[2021-05-20 15:19:11,163] multiqc                                            [INFO   ]  Prepending directory to sample names
[2021-05-20 15:19:11,163] multiqc                                            [INFO   ]  Searching   : /domus/h1/mama5390/genome_analysis/genome_analysis/out_files/fastqc_wgs
[2021-05-20 15:19:11,164] multiqc                                            [DEBUG  ]  Analysing modules: custom_content, ngsderive, purple, conpair, peddy, somalier, methylQA, mosdepth, phantompeakqualtools, qualimap, preseq, quast, qorts, rna_seqc, rockhopper, rsem, rseqc, busco, goleft_indexcov, disambiguate, supernova, deeptools, sargasso, verifybamid, mirtrace, happy, mirtop, homer, hops, macs2, theta2, snpeff, gatk, htseq, bcftools, featureCounts, fgbio, dragen, dedup, damageprofiler, biobambam2, jcvi, mtnucratio, picard, sentieon, prokka, qc3C, samblaster, samtools, sexdeterrmine, eigenstratdatabasetools, bamtools, jellyfish, vcftools, longranger, stacks, varscan2, bbmap, bismark, biscuit, hicexplorer, hicup, hicpro, salmon, kallisto, slamdunk, star, hisat2, tophat, bowtie2, bowtie1, snpsplit, kat, leehom, adapterRemoval, clipandmerge, cutadapt, flexbar, kaiju, kraken, malt, trimmomatic, sickle, skewer, sortmerna, biobloomtools, fastq_screen, afterqc, fastp, fastqc, pychopper, pycoqc, minionqc, multivcfanalyzer, clusterflow, bcl2fastq, interop, ivar, flash, seqyclean, optitype
[2021-05-20 15:19:11,164] multiqc                                            [DEBUG  ]  Using temporary directory for creating report: /scratch/tmp7hlx3bdr
[2021-05-20 15:19:11,352] multiqc                                            [DEBUG  ]  Ignoring directory as matched fn_ignore_dirs: ./multiqc_data
[2021-05-20 15:19:11,419] multiqc                                            [DEBUG  ]  File ignored by hicexplorer because it exceeded search pattern filesize limit: sel3_SRR5819794_trim_1U_fastqc.html
[2021-05-20 15:19:11,428] multiqc                                            [DEBUG  ]  File ignored by longranger/invocation because it exceeded search pattern filesize limit: sel3_SRR5819794_trim_1U_fastqc.html
[2021-05-20 15:19:11,503] multiqc                                            [DEBUG  ]  File ignored by hicexplorer because it exceeded search pattern filesize limit: sel3_SRR5819794_trim_2P_fastqc.html
[2021-05-20 15:19:11,511] multiqc                                            [DEBUG  ]  File ignored by longranger/invocation because it exceeded search pattern filesize limit: sel3_SRR5819794_trim_2P_fastqc.html
[2021-05-20 15:19:11,649] multiqc                                            [DEBUG  ]  File ignored by hicexplorer because it exceeded search pattern filesize limit: sel3_SRR5819794_trim_2U_fastqc.html
[2021-05-20 15:19:11,657] multiqc                                            [DEBUG  ]  File ignored by longranger/invocation because it exceeded search pattern filesize limit: sel3_SRR5819794_trim_2U_fastqc.html
[2021-05-20 15:19:11,724] multiqc                                            [DEBUG  ]  File ignored by hicexplorer because it exceeded search pattern filesize limit: sel3_SRR5819795_trim_1P_fastqc.html
[2021-05-20 15:19:11,731] multiqc                                            [DEBUG  ]  File ignored by longranger/invocation because it exceeded search pattern filesize limit: sel3_SRR5819795_trim_1P_fastqc.html
[2021-05-20 15:19:11,794] multiqc                                            [DEBUG  ]  File ignored by hicexplorer because it exceeded search pattern filesize limit: sel3_SRR5819795_trim_1U_fastqc.html
[2021-05-20 15:19:11,802] multiqc                                            [DEBUG  ]  File ignored by longranger/invocation because it exceeded search pattern filesize limit: sel3_SRR5819795_trim_1U_fastqc.html
[2021-05-20 15:19:11,862] multiqc                                            [DEBUG  ]  File ignored by hicexplorer because it exceeded search pattern filesize limit: sel3_SRR5819795_trim_2P_fastqc.html
[2021-05-20 15:19:11,870] multiqc                                            [DEBUG  ]  File ignored by longranger/invocation because it exceeded search pattern filesize limit: sel3_SRR5819795_trim_2P_fastqc.html
[2021-05-20 15:19:11,930] multiqc                                            [DEBUG  ]  File ignored by hicexplorer because it exceeded search pattern filesize limit: sel3_SRR5819795_trim_2U_fastqc.html
[2021-05-20 15:19:11,938] multiqc                                            [DEBUG  ]  File ignored by longranger/invocation because it exceeded search pattern filesize limit: sel3_SRR5819795_trim_2U_fastqc.html
[2021-05-20 15:19:12,001] multiqc                                            [DEBUG  ]  File ignored by hicexplorer because it exceeded search pattern filesize limit: sel3_SRR5819796_trim_1P_fastqc.html
[2021-05-20 15:19:12,010] multiqc                                            [DEBUG  ]  File ignored by longranger/invocation because it exceeded search pattern filesize limit: sel3_SRR5819796_trim_1P_fastqc.html
[2021-05-20 15:19:12,073] multiqc                                            [DEBUG  ]  File ignored by hicexplorer because it exceeded search pattern filesize limit: sel3_SRR5819796_trim_1U_fastqc.html
[2021-05-20 15:19:12,083] multiqc                                            [DEBUG  ]  File ignored by longranger/invocation because it exceeded search pattern filesize limit: sel3_SRR5819796_trim_1U_fastqc.html
[2021-05-20 15:19:12,145] multiqc                                            [DEBUG  ]  File ignored by hicexplorer because it exceeded search pattern filesize limit: sel3_SRR5819796_trim_2P_fastqc.html
[2021-05-20 15:19:12,153] multiqc                                            [DEBUG  ]  File ignored by longranger/invocation because it exceeded search pattern filesize limit: sel3_SRR5819796_trim_2P_fastqc.html
[2021-05-20 15:19:12,219] multiqc                                            [DEBUG  ]  File ignored by hicexplorer because it exceeded search pattern filesize limit: sel3_SRR5819796_trim_2U_fastqc.html
[2021-05-20 15:19:12,226] multiqc                                            [DEBUG  ]  File ignored by longranger/invocation because it exceeded search pattern filesize limit: sel3_SRR5819796_trim_2U_fastqc.html
[2021-05-20 15:19:12,296] multiqc                                            [DEBUG  ]  File ignored by hicexplorer because it exceeded search pattern filesize limit: sel3_SRR5819797_trim_1P_fastqc.html
[2021-05-20 15:19:12,304] multiqc                                            [DEBUG  ]  File ignored by longranger/invocation because it exceeded search pattern filesize limit: sel3_SRR5819797_trim_1P_fastqc.html
[2021-05-20 15:19:12,367] multiqc                                            [DEBUG  ]  File ignored by hicexplorer because it exceeded search pattern filesize limit: sel3_SRR5819797_trim_1U_fastqc.html
[2021-05-20 15:19:12,376] multiqc                                            [DEBUG  ]  File ignored by longranger/invocation because it exceeded search pattern filesize limit: sel3_SRR5819797_trim_1U_fastqc.html
[2021-05-20 15:19:12,442] multiqc                                            [DEBUG  ]  File ignored by hicexplorer because it exceeded search pattern filesize limit: sel3_SRR5819797_trim_2P_fastqc.html
[2021-05-20 15:19:12,450] multiqc                                            [DEBUG  ]  File ignored by longranger/invocation because it exceeded search pattern filesize limit: sel3_SRR5819797_trim_2P_fastqc.html
[2021-05-20 15:19:12,512] multiqc                                            [DEBUG  ]  File ignored by hicexplorer because it exceeded search pattern filesize limit: sel3_SRR5819797_trim_2U_fastqc.html
[2021-05-20 15:19:12,520] multiqc                                            [DEBUG  ]  File ignored by longranger/invocation because it exceeded search pattern filesize limit: sel3_SRR5819797_trim_2U_fastqc.html
[2021-05-20 15:19:12,581] multiqc                                            [DEBUG  ]  File ignored by hicexplorer because it exceeded search pattern filesize limit: sel3_SRR5819798_trim_1P_fastqc.html
[2021-05-20 15:19:12,589] multiqc                                            [DEBUG  ]  File ignored by longranger/invocation because it exceeded search pattern filesize limit: sel3_SRR5819798_trim_1P_fastqc.html
[2021-05-20 15:19:12,655] multiqc                                            [DEBUG  ]  File ignored by hicexplorer because it exceeded search pattern filesize limit: sel3_SRR5819798_trim_1U_fastqc.html
[2021-05-20 15:19:12,663] multiqc                                            [DEBUG  ]  File ignored by longranger/invocation because it exceeded search pattern filesize limit: sel3_SRR5819798_trim_1U_fastqc.html
[2021-05-20 15:19:12,728] multiqc                                            [DEBUG  ]  File ignored by hicexplorer because it exceeded search pattern filesize limit: sel3_SRR5819798_trim_2P_fastqc.html
[2021-05-20 15:19:12,737] multiqc                                            [DEBUG  ]  File ignored by longranger/invocation because it exceeded search pattern filesize limit: sel3_SRR5819798_trim_2P_fastqc.html
[2021-05-20 15:19:12,799] multiqc                                            [DEBUG  ]  File ignored by hicexplorer because it exceeded search pattern filesize limit: sel3_SRR5819798_trim_2U_fastqc.html
[2021-05-20 15:19:12,810] multiqc                                            [DEBUG  ]  File ignored by longranger/invocation because it exceeded search pattern filesize limit: sel3_SRR5819798_trim_2U_fastqc.html
[2021-05-20 15:19:12,874] multiqc                                            [DEBUG  ]  File ignored by hicexplorer because it exceeded search pattern filesize limit: sel3_SRR5819799_trim_1P_fastqc.html
[2021-05-20 15:19:12,882] multiqc                                            [DEBUG  ]  File ignored by longranger/invocation because it exceeded search pattern filesize limit: sel3_SRR5819799_trim_1P_fastqc.html
[2021-05-20 15:19:12,945] multiqc                                            [DEBUG  ]  File ignored by hicexplorer because it exceeded search pattern filesize limit: sel3_SRR5819799_trim_2P_fastqc.html
[2021-05-20 15:19:12,954] multiqc                                            [DEBUG  ]  File ignored by longranger/invocation because it exceeded search pattern filesize limit: sel3_SRR5819799_trim_2P_fastqc.html
[2021-05-20 15:19:13,021] multiqc                                            [DEBUG  ]  File ignored by hicexplorer because it exceeded search pattern filesize limit: sel3_SRR5819799_trim_2U_fastqc.html
[2021-05-20 15:19:13,028] multiqc                                            [DEBUG  ]  File ignored by longranger/invocation because it exceeded search pattern filesize limit: sel3_SRR5819799_trim_2U_fastqc.html
[2021-05-20 15:19:13,077] multiqc                                            [DEBUG  ]  Ignoring file as matched an ignore pattern: multiqc_report.html
[2021-05-20 15:19:13,091] multiqc                                            [DEBUG  ]  File ignored by hicexplorer because it exceeded search pattern filesize limit: sel3_SRR5819794_trim_1P_fastqc.html
[2021-05-20 15:19:13,099] multiqc                                            [DEBUG  ]  File ignored by longranger/invocation because it exceeded search pattern filesize limit: sel3_SRR5819794_trim_1P_fastqc.html
[2021-05-20 15:19:13,166] multiqc                                            [DEBUG  ]  File ignored by hicexplorer because it exceeded search pattern filesize limit: sel3_SRR5819799_trim_1U_fastqc.html
[2021-05-20 15:19:13,174] multiqc                                            [DEBUG  ]  File ignored by longranger/invocation because it exceeded search pattern filesize limit: sel3_SRR5819799_trim_1U_fastqc.html
[2021-05-20 15:19:13,237] multiqc                                            [DEBUG  ]  File ignored by hicexplorer because it exceeded search pattern filesize limit: multiqc_report_wgs.html
[2021-05-20 15:19:13,247] multiqc                                            [DEBUG  ]  File ignored by longranger/invocation because it exceeded search pattern filesize limit: multiqc_report_wgs.html
[2021-05-20 15:19:13,247] multiqc                                            [DEBUG  ]  File ignored by rockhopper because it exceeded search pattern filesize limit: multiqc_report_wgs.html
[2021-05-20 15:19:13,247] multiqc                                            [DEBUG  ]  File ignored by rseqc/bam_stat because it exceeded search pattern filesize limit: multiqc_report_wgs.html
[2021-05-20 15:19:13,247] multiqc                                            [DEBUG  ]  File ignored by rseqc/junction_annotation because it exceeded search pattern filesize limit: multiqc_report_wgs.html
[2021-05-20 15:19:13,247] multiqc                                            [DEBUG  ]  File ignored by rseqc/read_distribution because it exceeded search pattern filesize limit: multiqc_report_wgs.html
[2021-05-20 15:19:13,247] multiqc                                            [DEBUG  ]  File ignored by rseqc/infer_experiment because it exceeded search pattern filesize limit: multiqc_report_wgs.html
[2021-05-20 15:19:13,253] multiqc                                            [DEBUG  ]  File ignored by stacks/sumstats because it exceeded search pattern filesize limit: multiqc_report_wgs.html
[2021-05-20 15:19:14,366] multiqc.plots.bargraph                             [DEBUG  ]  Using matplotlib version 3.0.3
[2021-05-20 15:19:14,368] multiqc.plots.linegraph                            [DEBUG  ]  Using matplotlib version 3.0.3
[2021-05-20 15:19:14,370] multiqc                                            [DEBUG  ]  No samples found: custom_content
[2021-05-20 15:19:14,377] multiqc                                            [DEBUG  ]  No samples found: ngsderive
[2021-05-20 15:19:14,386] multiqc                                            [DEBUG  ]  No samples found: purple
[2021-05-20 15:19:14,393] multiqc                                            [DEBUG  ]  No samples found: conpair
[2021-05-20 15:19:14,401] multiqc                                            [DEBUG  ]  No samples found: peddy
[2021-05-20 15:19:14,409] multiqc                                            [DEBUG  ]  No samples found: somalier
[2021-05-20 15:19:14,417] multiqc                                            [DEBUG  ]  No samples found: methylQA
[2021-05-20 15:19:14,428] multiqc                                            [DEBUG  ]  No samples found: mosdepth
[2021-05-20 15:19:14,435] multiqc                                            [DEBUG  ]  No samples found: phantompeakqualtools
[2021-05-20 15:19:14,440] multiqc                                            [DEBUG  ]  No samples found: qualimap
[2021-05-20 15:19:14,447] multiqc                                            [DEBUG  ]  No samples found: preseq
[2021-05-20 15:19:14,455] multiqc                                            [DEBUG  ]  No samples found: quast
[2021-05-20 15:19:14,462] multiqc                                            [DEBUG  ]  No samples found: qorts
[2021-05-20 15:19:14,469] multiqc                                            [DEBUG  ]  No samples found: rna_seqc
[2021-05-20 15:19:14,476] multiqc                                            [DEBUG  ]  No samples found: rockhopper
[2021-05-20 15:19:14,483] multiqc                                            [DEBUG  ]  No samples found: rsem
[2021-05-20 15:19:14,499] multiqc                                            [DEBUG  ]  No samples found: rseqc
[2021-05-20 15:19:14,507] multiqc                                            [DEBUG  ]  No samples found: busco
[2021-05-20 15:19:14,515] multiqc                                            [DEBUG  ]  No samples found: goleft_indexcov
[2021-05-20 15:19:14,523] multiqc                                            [DEBUG  ]  No samples found: disambiguate
[2021-05-20 15:19:14,530] multiqc                                            [DEBUG  ]  No samples found: supernova
[2021-05-20 15:19:14,546] multiqc                                            [DEBUG  ]  No samples found: deeptools
[2021-05-20 15:19:14,553] multiqc                                            [DEBUG  ]  No samples found: sargasso
[2021-05-20 15:19:14,560] multiqc                                            [DEBUG  ]  No samples found: verifybamid
[2021-05-20 15:19:14,568] multiqc                                            [DEBUG  ]  No samples found: mirtrace
[2021-05-20 15:19:14,576] multiqc                                            [DEBUG  ]  No samples found: happy
[2021-05-20 15:19:14,583] multiqc                                            [DEBUG  ]  No samples found: mirtop
[2021-05-20 15:19:14,593] multiqc                                            [DEBUG  ]  No samples found: homer
[2021-05-20 15:19:14,601] multiqc                                            [DEBUG  ]  No samples found: hops
[2021-05-20 15:19:14,608] multiqc                                            [DEBUG  ]  No samples found: macs2
[2021-05-20 15:19:14,614] multiqc                                            [DEBUG  ]  No samples found: theta2
[2021-05-20 15:19:14,622] multiqc                                            [DEBUG  ]  No samples found: snpeff
[2021-05-20 15:19:14,631] multiqc                                            [DEBUG  ]  No samples found: gatk
[2021-05-20 15:19:14,638] multiqc                                            [DEBUG  ]  No samples found: htseq
[2021-05-20 15:19:14,647] multiqc                                            [DEBUG  ]  No samples found: bcftools
[2021-05-20 15:19:14,655] multiqc                                            [DEBUG  ]  No samples found: featureCounts
[2021-05-20 15:19:14,667] multiqc                                            [DEBUG  ]  No samples found: fgbio
[2021-05-20 15:19:14,683] multiqc                                            [DEBUG  ]  No samples found: dragen
[2021-05-20 15:19:14,692] multiqc                                            [DEBUG  ]  No samples found: dedup
[2021-05-20 15:19:14,700] multiqc                                            [DEBUG  ]  No samples found: damageprofiler
[2021-05-20 15:19:14,729] multiqc                                            [DEBUG  ]  No samples found: biobambam2
[2021-05-20 15:19:14,737] multiqc                                            [DEBUG  ]  No samples found: jcvi
[2021-05-20 15:19:14,745] multiqc                                            [DEBUG  ]  No samples found: mtnucratio
[2021-05-20 15:19:14,749] multiqc                                            [DEBUG  ]  No samples found: picard
[2021-05-20 15:19:14,761] multiqc                                            [DEBUG  ]  No samples found: sentieon
[2021-05-20 15:19:14,769] multiqc                                            [DEBUG  ]  No samples found: prokka
[2021-05-20 15:19:14,776] multiqc                                            [DEBUG  ]  No samples found: qc3C
[2021-05-20 15:19:14,783] multiqc                                            [DEBUG  ]  No samples found: samblaster
[2021-05-20 15:19:14,794] multiqc                                            [DEBUG  ]  No samples found: samtools
[2021-05-20 15:19:14,802] multiqc                                            [DEBUG  ]  No samples found: sexdeterrmine
[2021-05-20 15:19:14,811] multiqc                                            [DEBUG  ]  No samples found: eigenstratdatabasetools
[2021-05-20 15:19:14,820] multiqc                                            [DEBUG  ]  No samples found: bamtools
[2021-05-20 15:19:14,827] multiqc                                            [DEBUG  ]  No samples found: jellyfish
[2021-05-20 15:19:14,838] multiqc                                            [DEBUG  ]  No samples found: vcftools
[2021-05-20 15:19:14,845] multiqc                                            [DEBUG  ]  No samples found: longranger
[2021-05-20 15:19:14,852] multiqc                                            [DEBUG  ]  No samples found: stacks
[2021-05-20 15:19:14,859] multiqc                                            [DEBUG  ]  No samples found: varscan2
[2021-05-20 15:19:14,877] multiqc                                            [DEBUG  ]  No samples found: bbmap
[2021-05-20 15:19:14,886] multiqc                                            [DEBUG  ]  No samples found: bismark
[2021-05-20 15:19:14,893] multiqc                                            [DEBUG  ]  No samples found: biscuit
[2021-05-20 15:19:14,900] multiqc                                            [DEBUG  ]  No samples found: hicexplorer
[2021-05-20 15:19:14,908] multiqc                                            [DEBUG  ]  No samples found: hicup
[2021-05-20 15:19:14,916] multiqc                                            [DEBUG  ]  No samples found: hicpro
[2021-05-20 15:19:14,926] multiqc                                            [DEBUG  ]  No samples found: salmon
[2021-05-20 15:19:14,933] multiqc                                            [DEBUG  ]  No samples found: kallisto
[2021-05-20 15:19:14,941] multiqc                                            [DEBUG  ]  No samples found: slamdunk
[2021-05-20 15:19:14,948] multiqc                                            [DEBUG  ]  No samples found: star
[2021-05-20 15:19:14,956] multiqc                                            [DEBUG  ]  No samples found: hisat2
[2021-05-20 15:19:14,964] multiqc                                            [DEBUG  ]  No samples found: tophat
[2021-05-20 15:19:14,971] multiqc                                            [DEBUG  ]  No samples found: bowtie2
[2021-05-20 15:19:14,980] multiqc                                            [DEBUG  ]  No samples found: bowtie1
[2021-05-20 15:19:14,987] multiqc                                            [DEBUG  ]  No samples found: snpsplit
[2021-05-20 15:19:14,994] multiqc                                            [DEBUG  ]  No samples found: kat
[2021-05-20 15:19:15,001] multiqc                                            [DEBUG  ]  No samples found: leehom
[2021-05-20 15:19:15,009] multiqc                                            [DEBUG  ]  No samples found: adapterRemoval
[2021-05-20 15:19:15,017] multiqc                                            [DEBUG  ]  No samples found: clipandmerge
[2021-05-20 15:19:15,024] multiqc                                            [DEBUG  ]  No samples found: cutadapt
[2021-05-20 15:19:15,032] multiqc                                            [DEBUG  ]  No samples found: flexbar
[2021-05-20 15:19:15,039] multiqc                                            [DEBUG  ]  No samples found: kaiju
[2021-05-20 15:19:15,047] multiqc                                            [DEBUG  ]  No samples found: kraken
[2021-05-20 15:19:15,054] multiqc                                            [DEBUG  ]  No samples found: malt
[2021-05-20 15:19:15,062] multiqc                                            [DEBUG  ]  No samples found: trimmomatic
[2021-05-20 15:19:15,070] multiqc                                            [DEBUG  ]  No samples found: sickle
[2021-05-20 15:19:15,078] multiqc                                            [DEBUG  ]  No samples found: skewer
[2021-05-20 15:19:15,086] multiqc                                            [DEBUG  ]  No samples found: sortmerna
[2021-05-20 15:19:15,093] multiqc                                            [DEBUG  ]  No samples found: biobloomtools
[2021-05-20 15:19:15,101] multiqc                                            [DEBUG  ]  No samples found: fastq_screen
[2021-05-20 15:19:15,109] multiqc                                            [DEBUG  ]  No samples found: afterqc
[2021-05-20 15:19:15,117] multiqc                                            [DEBUG  ]  No samples found: fastp
[2021-05-20 15:19:15,970] multiqc.modules.fastqc.fastqc                      [INFO   ]  Found 24 reports
[2021-05-20 15:19:16,486] multiqc                                            [DEBUG  ]  No samples found: pychopper
[2021-05-20 15:19:16,493] multiqc                                            [DEBUG  ]  No samples found: pycoqc
[2021-05-20 15:19:16,500] multiqc                                            [DEBUG  ]  No samples found: minionqc
[2021-05-20 15:19:16,507] multiqc                                            [DEBUG  ]  No samples found: multivcfanalyzer
[2021-05-20 15:19:16,515] multiqc                                            [DEBUG  ]  No samples found: clusterflow
[2021-05-20 15:19:16,522] multiqc                                            [DEBUG  ]  No samples found: bcl2fastq
[2021-05-20 15:19:16,530] multiqc                                            [DEBUG  ]  No samples found: interop
[2021-05-20 15:19:16,537] multiqc                                            [DEBUG  ]  No samples found: ivar
[2021-05-20 15:19:16,545] multiqc                                            [DEBUG  ]  No samples found: flash
[2021-05-20 15:19:16,552] multiqc                                            [DEBUG  ]  No samples found: seqyclean
[2021-05-20 15:19:16,560] multiqc                                            [DEBUG  ]  No samples found: optitype
[2021-05-20 15:19:16,605] multiqc                                            [INFO   ]  Compressing plot data
[2021-05-20 15:19:17,173] multiqc                                            [WARNING]  Previous MultiQC output found! Adjusting filenames..
[2021-05-20 15:19:17,173] multiqc                                            [WARNING]  Use -f or --force to overwrite existing reports instead
[2021-05-20 15:19:17,174] multiqc                                            [INFO   ]  Report      : multiqc_report_1.html
[2021-05-20 15:19:17,174] multiqc                                            [INFO   ]  Data        : multiqc_data_1
[2021-05-20 15:19:17,174] multiqc                                            [DEBUG  ]  Moving data file from '/scratch/tmp7hlx3bdr/multiqc_data' to '/domus/h1/mama5390/genome_analysis/genome_analysis/out_files/fastqc_wgs/multiqc_data_1'
[2021-05-20 15:19:17,373] multiqc                                            [INFO   ]  MultiQC complete
