/sw/bioinfo/GeneMark/4.62-es/snowy/gmes_petap.pl : [Tue May  4 10:36:45 2021] /sw/bioinfo/GeneMark/4.62-es/rackham/probuild --reformat_fasta --uppercase --allow_x --letters_per_line 60 --out data/dna.fna --label _dna --trace info/dna.trace --in /domus/h1/mama5390/genome_analysis/genome_analysis/scripts/braker/genome.fa  --mask_soft 1000 
/sw/bioinfo/GeneMark/4.62-es/snowy/gmes_petap.pl : [Tue May  4 10:36:45 2021] /sw/bioinfo/GeneMark/4.62-es/rackham/reformat_gff.pl --out data/et.gff  --trace info/dna.trace  --in /domus/h1/mama5390/genome_analysis/genome_analysis/scripts/braker/genemark_hintsfile.gff  --quiet
/sw/bioinfo/GeneMark/4.62-es/snowy/gmes_petap.pl : [Tue May  4 10:36:45 2021] /sw/bioinfo/GeneMark/4.62-es/rackham/probuild  --seq data/dna.fna  --allow_x  --stat info/dna.general  --details
/sw/bioinfo/GeneMark/4.62-es/snowy/gmes_petap.pl : [Tue May  4 10:36:46 2021] /sw/bioinfo/GeneMark/4.62-es/rackham/probuild  --seq data/dna.fna  --allow_x  --stat_fasta info/dna.multi_fasta
/sw/bioinfo/GeneMark/4.62-es/snowy/gmes_petap.pl : [Tue May  4 10:36:46 2021] /sw/bioinfo/GeneMark/4.62-es/rackham/probuild  --seq data/dna.fna  --allow_x  --substring_n_distr info/dna.gap_distr
/sw/bioinfo/GeneMark/4.62-es/snowy/gmes_petap.pl : [Tue May  4 10:36:46 2021] /sw/bioinfo/GeneMark/4.62-es/rackham/gc_distr.pl --in data/dna.fna  --out info/dna.gc.csv  --w 1000,8000
/sw/bioinfo/GeneMark/4.62-es/snowy/gmes_petap.pl : [Tue May  4 10:36:46 2021] /sw/bioinfo/GeneMark/4.62-es/rackham/probuild  --seq /domus/h1/mama5390/genome_analysis/genome_analysis/scripts/braker/GeneMark-ET/data/dna.fna  --split dna.fa  --max_contig 5000000 --min_contig 500 --letters_per_line 100 --split_at_n 5000 --split_at_x 5000 --allow_x --x_to_n  --trace ../../info/training.trace 
/sw/bioinfo/GeneMark/4.62-es/snowy/gmes_petap.pl : [Tue May  4 10:36:46 2021] /sw/bioinfo/GeneMark/4.62-es/rackham/rescale_gff.pl  --in data/et.gff  --trace info/training.trace  --out data/et_training.gff
/sw/bioinfo/GeneMark/4.62-es/snowy/gmes_petap.pl : [Tue May  4 10:36:46 2021] /sw/bioinfo/GeneMark/4.62-es/rackham/probuild --seq data/training.fna --stat info/training.general --allow_x  --GC_PRECISION 0  --details
/sw/bioinfo/GeneMark/4.62-es/snowy/gmes_petap.pl : [Tue May  4 10:36:47 2021] /sw/bioinfo/GeneMark/4.62-es/rackham/parse_by_introns.pl  --section ET_ini  --cfg  /domus/h1/mama5390/genome_analysis/genome_analysis/scripts/braker/GeneMark-ET/run.cfg  --parse_dir /domus/h1/mama5390/genome_analysis/genome_analysis/scripts/braker/GeneMark-ET/run/ET_ini
/sw/bioinfo/GeneMark/4.62-es/snowy/gmes_petap.pl : [Tue May  4 10:36:47 2021] /sw/bioinfo/GeneMark/4.62-es/rackham/make_nt_freq_mat.pl --cfg /domus/h1/mama5390/genome_analysis/genome_analysis/scripts/braker/GeneMark-ET/run.cfg --section donor_GT    --format DONOR 
/sw/bioinfo/GeneMark/4.62-es/snowy/gmes_petap.pl : [Tue May  4 10:36:47 2021] /sw/bioinfo/GeneMark/4.62-es/rackham/make_nt_freq_mat.pl --cfg /domus/h1/mama5390/genome_analysis/genome_analysis/scripts/braker/GeneMark-ET/run.cfg --section acceptor_AG --format ACCEPTOR 
/sw/bioinfo/GeneMark/4.62-es/snowy/gmes_petap.pl : [Tue May  4 10:36:49 2021] /sw/bioinfo/GeneMark/4.62-es/rackham/histogram.pl --cfg /domus/h1/mama5390/genome_analysis/genome_analysis/scripts/braker/GeneMark-ET/run.cfg --section intron_DUR
/sw/bioinfo/GeneMark/4.62-es/snowy/gmes_petap.pl : [Tue May  4 10:36:50 2021] /sw/bioinfo/GeneMark/4.62-es/rackham/build_mod.pl --cfg /domus/h1/mama5390/genome_analysis/genome_analysis/scripts/braker/GeneMark-ET/run.cfg  --section ET_ini --def /sw/bioinfo/GeneMark/4.62-es/rackham/heu_dir/heu_05_gcode_1_gc_45.mod 
/sw/bioinfo/GeneMark/4.62-es/snowy/gmes_petap.pl : [Tue May  4 10:36:50 2021] ln -sf  /domus/h1/mama5390/genome_analysis/genome_analysis/scripts/braker/GeneMark-ET/run/ET_ini/et_ini.mod  run/ini.mod
/sw/bioinfo/GeneMark/4.62-es/snowy/gmes_petap.pl : [Tue May  4 10:36:50 2021] 1 contigs in training
/sw/bioinfo/GeneMark/4.62-es/snowy/gmes_petap.pl : [Tue May  4 10:38:14 2021] ln -sf /domus/h1/mama5390/genome_analysis/genome_analysis/scripts/braker/GeneMark-ET/run/ET_ini/et_ini.mod  /domus/h1/mama5390/genome_analysis/genome_analysis/scripts/braker/GeneMark-ET/run/ET_A_1/prev.mod
/sw/bioinfo/GeneMark/4.62-es/snowy/gmes_petap.pl : [Tue May  4 10:38:14 2021] /sw/bioinfo/GeneMark/4.62-es/rackham/parse_ET.pl --section ET_A --cfg  /domus/h1/mama5390/genome_analysis/genome_analysis/scripts/braker/GeneMark-ET/run.cfg  --v
/sw/bioinfo/GeneMark/4.62-es/snowy/gmes_petap.pl : [Tue May  4 10:38:14 2021] /sw/bioinfo/GeneMark/4.62-es/rackham/make_nt_freq_mat.pl --cfg /domus/h1/mama5390/genome_analysis/genome_analysis/scripts/braker/GeneMark-ET/run.cfg --section start_ATG  --format INI
/sw/bioinfo/GeneMark/4.62-es/snowy/gmes_petap.pl : [Tue May  4 10:38:14 2021] /sw/bioinfo/GeneMark/4.62-es/rackham/make_nt_freq_mat.pl --cfg /domus/h1/mama5390/genome_analysis/genome_analysis/scripts/braker/GeneMark-ET/run.cfg --section stop_TAA   --format TERM_TAA
/sw/bioinfo/GeneMark/4.62-es/snowy/gmes_petap.pl : [Tue May  4 10:38:14 2021] /sw/bioinfo/GeneMark/4.62-es/rackham/make_nt_freq_mat.pl --cfg /domus/h1/mama5390/genome_analysis/genome_analysis/scripts/braker/GeneMark-ET/run.cfg --section stop_TAG   --format TERM_TAG
/sw/bioinfo/GeneMark/4.62-es/snowy/gmes_petap.pl : [Tue May  4 10:38:14 2021] /sw/bioinfo/GeneMark/4.62-es/rackham/make_nt_freq_mat.pl --cfg /domus/h1/mama5390/genome_analysis/genome_analysis/scripts/braker/GeneMark-ET/run.cfg --section stop_TGA   --format TERM_TGA
/sw/bioinfo/GeneMark/4.62-es/snowy/gmes_petap.pl : [Tue May  4 10:38:15 2021] /sw/bioinfo/GeneMark/4.62-es/rackham/probuild --cod cod.seq --non non.seq --mkmod_euk mkch    --MKCHAIN_L_MARGING 0  --MKCHAIN_R_MARGING 0  --MKCHAIN_PSEUDOCOUNTS 1  --MKCHAIN_PRECISION 8 --revcomp_non  --ORDM 5 
/sw/bioinfo/GeneMark/4.62-es/snowy/gmes_petap.pl : [Tue May  4 10:38:15 2021] /sw/bioinfo/GeneMark/4.62-es/rackham/build_mod.pl --cfg /domus/h1/mama5390/genome_analysis/genome_analysis/scripts/braker/GeneMark-ET/run.cfg --section ET_A --def prev.mod  --out ET_A_1.mod 
/sw/bioinfo/GeneMark/4.62-es/snowy/gmes_petap.pl : [Tue May  4 10:38:15 2021] 1 contigs in training
/sw/bioinfo/GeneMark/4.62-es/snowy/gmes_petap.pl : [Tue May  4 10:39:38 2021] ln -sf /domus/h1/mama5390/genome_analysis/genome_analysis/scripts/braker/GeneMark-ET/run/ET_A_1/ET_A_1.mod  /domus/h1/mama5390/genome_analysis/genome_analysis/scripts/braker/GeneMark-ET/run/ET_B_1/prev.mod
/sw/bioinfo/GeneMark/4.62-es/snowy/gmes_petap.pl : [Tue May  4 10:39:39 2021] /sw/bioinfo/GeneMark/4.62-es/rackham/parse_ET.pl --section ET_B --cfg  /domus/h1/mama5390/genome_analysis/genome_analysis/scripts/braker/GeneMark-ET/run.cfg  --v
/sw/bioinfo/GeneMark/4.62-es/snowy/gmes_petap.pl : [Tue May  4 10:39:39 2021] /sw/bioinfo/GeneMark/4.62-es/rackham/make_nt_freq_mat.pl --cfg /domus/h1/mama5390/genome_analysis/genome_analysis/scripts/braker/GeneMark-ET/run.cfg --section start_ATG  --format INI
/sw/bioinfo/GeneMark/4.62-es/snowy/gmes_petap.pl : [Tue May  4 10:39:39 2021] /sw/bioinfo/GeneMark/4.62-es/rackham/make_nt_freq_mat.pl --cfg /domus/h1/mama5390/genome_analysis/genome_analysis/scripts/braker/GeneMark-ET/run.cfg --section stop_TAA   --format TERM_TAA
/sw/bioinfo/GeneMark/4.62-es/snowy/gmes_petap.pl : [Tue May  4 10:39:39 2021] /sw/bioinfo/GeneMark/4.62-es/rackham/make_nt_freq_mat.pl --cfg /domus/h1/mama5390/genome_analysis/genome_analysis/scripts/braker/GeneMark-ET/run.cfg --section stop_TAG   --format TERM_TAG
/sw/bioinfo/GeneMark/4.62-es/snowy/gmes_petap.pl : [Tue May  4 10:39:39 2021] /sw/bioinfo/GeneMark/4.62-es/rackham/make_nt_freq_mat.pl --cfg /domus/h1/mama5390/genome_analysis/genome_analysis/scripts/braker/GeneMark-ET/run.cfg --section stop_TGA   --format TERM_TGA
/sw/bioinfo/GeneMark/4.62-es/snowy/gmes_petap.pl : [Tue May  4 10:39:40 2021] /sw/bioinfo/GeneMark/4.62-es/rackham/probuild --cod cod.seq --non non.seq --mkmod_euk mkch    --MKCHAIN_L_MARGING 0  --MKCHAIN_R_MARGING 0  --MKCHAIN_PSEUDOCOUNTS 1  --MKCHAIN_PRECISION 8 --revcomp_non  --ORDM 5 
/sw/bioinfo/GeneMark/4.62-es/snowy/gmes_petap.pl : [Tue May  4 10:39:41 2021] /sw/bioinfo/GeneMark/4.62-es/rackham/histogram.pl --cfg /domus/h1/mama5390/genome_analysis/genome_analysis/scripts/braker/GeneMark-ET/run.cfg --section initial_DUR
/sw/bioinfo/GeneMark/4.62-es/snowy/gmes_petap.pl : [Tue May  4 10:39:43 2021] /sw/bioinfo/GeneMark/4.62-es/rackham/histogram.pl --cfg /domus/h1/mama5390/genome_analysis/genome_analysis/scripts/braker/GeneMark-ET/run.cfg --section internal_DUR
/sw/bioinfo/GeneMark/4.62-es/snowy/gmes_petap.pl : [Tue May  4 10:39:45 2021] /sw/bioinfo/GeneMark/4.62-es/rackham/histogram.pl --cfg /domus/h1/mama5390/genome_analysis/genome_analysis/scripts/braker/GeneMark-ET/run.cfg --section terminal_DUR
/sw/bioinfo/GeneMark/4.62-es/snowy/gmes_petap.pl : [Tue May  4 10:39:46 2021] /sw/bioinfo/GeneMark/4.62-es/rackham/histogram.pl --cfg /domus/h1/mama5390/genome_analysis/genome_analysis/scripts/braker/GeneMark-ET/run.cfg --section single_DUR
/sw/bioinfo/GeneMark/4.62-es/snowy/gmes_petap.pl : [Tue May  4 10:39:46 2021] /sw/bioinfo/GeneMark/4.62-es/rackham/build_mod.pl --cfg /domus/h1/mama5390/genome_analysis/genome_analysis/scripts/braker/GeneMark-ET/run.cfg --section ET_B --def prev.mod  --out ET_B_1.mod 
/sw/bioinfo/GeneMark/4.62-es/snowy/gmes_petap.pl : [Tue May  4 10:39:46 2021] 1 contigs in training
/sw/bioinfo/GeneMark/4.62-es/snowy/gmes_petap.pl : [Tue May  4 10:41:10 2021] ln -sf /domus/h1/mama5390/genome_analysis/genome_analysis/scripts/braker/GeneMark-ET/run/ET_B_1/ET_B_1.mod  /domus/h1/mama5390/genome_analysis/genome_analysis/scripts/braker/GeneMark-ET/run/ET_C_1/prev.mod
/sw/bioinfo/GeneMark/4.62-es/snowy/gmes_petap.pl : [Tue May  4 10:41:10 2021] /sw/bioinfo/GeneMark/4.62-es/rackham/parse_ET.pl --section ET_C --cfg  /domus/h1/mama5390/genome_analysis/genome_analysis/scripts/braker/GeneMark-ET/run.cfg  --v
/sw/bioinfo/GeneMark/4.62-es/snowy/gmes_petap.pl : [Tue May  4 10:41:10 2021] /sw/bioinfo/GeneMark/4.62-es/rackham/make_nt_freq_mat.pl --cfg /domus/h1/mama5390/genome_analysis/genome_analysis/scripts/braker/GeneMark-ET/run.cfg --section start_ATG  --format INI
/sw/bioinfo/GeneMark/4.62-es/snowy/gmes_petap.pl : [Tue May  4 10:41:11 2021] /sw/bioinfo/GeneMark/4.62-es/rackham/make_nt_freq_mat.pl --cfg /domus/h1/mama5390/genome_analysis/genome_analysis/scripts/braker/GeneMark-ET/run.cfg --section stop_TAA   --format TERM_TAA
/sw/bioinfo/GeneMark/4.62-es/snowy/gmes_petap.pl : [Tue May  4 10:41:11 2021] /sw/bioinfo/GeneMark/4.62-es/rackham/make_nt_freq_mat.pl --cfg /domus/h1/mama5390/genome_analysis/genome_analysis/scripts/braker/GeneMark-ET/run.cfg --section stop_TAG   --format TERM_TAG
/sw/bioinfo/GeneMark/4.62-es/snowy/gmes_petap.pl : [Tue May  4 10:41:11 2021] /sw/bioinfo/GeneMark/4.62-es/rackham/make_nt_freq_mat.pl --cfg /domus/h1/mama5390/genome_analysis/genome_analysis/scripts/braker/GeneMark-ET/run.cfg --section stop_TGA   --format TERM_TGA
/sw/bioinfo/GeneMark/4.62-es/snowy/gmes_petap.pl : [Tue May  4 10:41:11 2021] /sw/bioinfo/GeneMark/4.62-es/rackham/probuild --cod cod.seq --non non.seq --mkmod_euk mkch    --MKCHAIN_L_MARGING 0  --MKCHAIN_R_MARGING 0  --MKCHAIN_PSEUDOCOUNTS 1  --MKCHAIN_PRECISION 8 --revcomp_non  --ORDM 5 
/sw/bioinfo/GeneMark/4.62-es/snowy/gmes_petap.pl : [Tue May  4 10:41:13 2021] /sw/bioinfo/GeneMark/4.62-es/rackham/histogram.pl --cfg /domus/h1/mama5390/genome_analysis/genome_analysis/scripts/braker/GeneMark-ET/run.cfg --section initial_DUR
/sw/bioinfo/GeneMark/4.62-es/snowy/gmes_petap.pl : [Tue May  4 10:41:15 2021] /sw/bioinfo/GeneMark/4.62-es/rackham/histogram.pl --cfg /domus/h1/mama5390/genome_analysis/genome_analysis/scripts/braker/GeneMark-ET/run.cfg --section internal_DUR
/sw/bioinfo/GeneMark/4.62-es/snowy/gmes_petap.pl : [Tue May  4 10:41:17 2021] /sw/bioinfo/GeneMark/4.62-es/rackham/histogram.pl --cfg /domus/h1/mama5390/genome_analysis/genome_analysis/scripts/braker/GeneMark-ET/run.cfg --section terminal_DUR
/sw/bioinfo/GeneMark/4.62-es/snowy/gmes_petap.pl : [Tue May  4 10:41:17 2021] /sw/bioinfo/GeneMark/4.62-es/rackham/histogram.pl --cfg /domus/h1/mama5390/genome_analysis/genome_analysis/scripts/braker/GeneMark-ET/run.cfg --section single_DUR
/sw/bioinfo/GeneMark/4.62-es/snowy/gmes_petap.pl : [Tue May  4 10:41:47 2021] /sw/bioinfo/GeneMark/4.62-es/rackham/histogram.pl --cfg /domus/h1/mama5390/genome_analysis/genome_analysis/scripts/braker/GeneMark-ET/run.cfg --section intergenic_DUR
/sw/bioinfo/GeneMark/4.62-es/snowy/gmes_petap.pl : [Tue May  4 10:41:47 2021] /sw/bioinfo/GeneMark/4.62-es/rackham/make_nt_freq_mat.pl --cfg /domus/h1/mama5390/genome_analysis/genome_analysis/scripts/braker/GeneMark-ET/run.cfg --section donor_GT    --format DONOR_0    --phase 0  --quiet
/sw/bioinfo/GeneMark/4.62-es/snowy/gmes_petap.pl : [Tue May  4 10:41:48 2021] /sw/bioinfo/GeneMark/4.62-es/rackham/make_nt_freq_mat.pl --cfg /domus/h1/mama5390/genome_analysis/genome_analysis/scripts/braker/GeneMark-ET/run.cfg --section acceptor_AG --format ACCEPTOR_0 --phase 0 
/sw/bioinfo/GeneMark/4.62-es/snowy/gmes_petap.pl : [Tue May  4 10:41:48 2021]  cat  GT.mat > donor.mat 
/sw/bioinfo/GeneMark/4.62-es/snowy/gmes_petap.pl : [Tue May  4 10:41:48 2021]  cat  AG.mat > acceptor.mat 
/sw/bioinfo/GeneMark/4.62-es/snowy/gmes_petap.pl : [Tue May  4 10:41:48 2021] /sw/bioinfo/GeneMark/4.62-es/rackham/make_nt_freq_mat.pl --cfg /domus/h1/mama5390/genome_analysis/genome_analysis/scripts/braker/GeneMark-ET/run.cfg --section donor_GT    --format DONOR_1    --phase 1  --quiet
/sw/bioinfo/GeneMark/4.62-es/snowy/gmes_petap.pl : [Tue May  4 10:41:48 2021] /sw/bioinfo/GeneMark/4.62-es/rackham/make_nt_freq_mat.pl --cfg /domus/h1/mama5390/genome_analysis/genome_analysis/scripts/braker/GeneMark-ET/run.cfg --section acceptor_AG --format ACCEPTOR_1 --phase 1 
/sw/bioinfo/GeneMark/4.62-es/snowy/gmes_petap.pl : [Tue May  4 10:41:48 2021]  cat  GT.mat >> donor.mat 
/sw/bioinfo/GeneMark/4.62-es/snowy/gmes_petap.pl : [Tue May  4 10:41:48 2021]  cat  AG.mat >> acceptor.mat 
/sw/bioinfo/GeneMark/4.62-es/snowy/gmes_petap.pl : [Tue May  4 10:41:48 2021] /sw/bioinfo/GeneMark/4.62-es/rackham/make_nt_freq_mat.pl --cfg /domus/h1/mama5390/genome_analysis/genome_analysis/scripts/braker/GeneMark-ET/run.cfg --section donor_GT    --format DONOR_2    --phase 2  --quiet
/sw/bioinfo/GeneMark/4.62-es/snowy/gmes_petap.pl : [Tue May  4 10:41:48 2021] error
/sw/bioinfo/GeneMark/4.62-es/snowy/gmes_petap.pl : [Tue May  4 13:52:52 2021] /sw/bioinfo/GeneMark/4.62-es/rackham/probuild --reformat_fasta --uppercase --allow_x --letters_per_line 60 --out data/dna.fna --label _dna --trace info/dna.trace --in /domus/h1/mama5390/genome_analysis/genome_analysis/scripts/braker/genome.fa  --mask_soft 1000 
/sw/bioinfo/GeneMark/4.62-es/snowy/gmes_petap.pl : [Tue May  4 13:52:52 2021] /sw/bioinfo/GeneMark/4.62-es/rackham/reformat_gff.pl --out data/et.gff  --trace info/dna.trace  --in /domus/h1/mama5390/genome_analysis/genome_analysis/scripts/braker/genemark_hintsfile.gff  --quiet
/sw/bioinfo/GeneMark/4.62-es/snowy/gmes_petap.pl : [Tue May  4 13:52:52 2021] /sw/bioinfo/GeneMark/4.62-es/rackham/probuild  --seq data/dna.fna  --allow_x  --stat info/dna.general  --details
/sw/bioinfo/GeneMark/4.62-es/snowy/gmes_petap.pl : [Tue May  4 13:52:52 2021] /sw/bioinfo/GeneMark/4.62-es/rackham/probuild  --seq data/dna.fna  --allow_x  --stat_fasta info/dna.multi_fasta
/sw/bioinfo/GeneMark/4.62-es/snowy/gmes_petap.pl : [Tue May  4 13:52:52 2021] /sw/bioinfo/GeneMark/4.62-es/rackham/probuild  --seq data/dna.fna  --allow_x  --substring_n_distr info/dna.gap_distr
/sw/bioinfo/GeneMark/4.62-es/snowy/gmes_petap.pl : [Tue May  4 13:52:52 2021] /sw/bioinfo/GeneMark/4.62-es/rackham/gc_distr.pl --in data/dna.fna  --out info/dna.gc.csv  --w 1000,8000
/sw/bioinfo/GeneMark/4.62-es/snowy/gmes_petap.pl : [Tue May  4 13:52:53 2021] /sw/bioinfo/GeneMark/4.62-es/rackham/probuild  --seq /domus/h1/mama5390/genome_analysis/genome_analysis/scripts/braker/GeneMark-ET/data/dna.fna  --split dna.fa  --max_contig 5000000 --min_contig 500 --letters_per_line 100 --split_at_n 5000 --split_at_x 5000 --allow_x --x_to_n  --trace ../../info/training.trace 
/sw/bioinfo/GeneMark/4.62-es/snowy/gmes_petap.pl : [Tue May  4 13:52:53 2021] /sw/bioinfo/GeneMark/4.62-es/rackham/rescale_gff.pl  --in data/et.gff  --trace info/training.trace  --out data/et_training.gff
/sw/bioinfo/GeneMark/4.62-es/snowy/gmes_petap.pl : [Tue May  4 13:52:53 2021] /sw/bioinfo/GeneMark/4.62-es/rackham/probuild --seq data/training.fna --stat info/training.general --allow_x  --GC_PRECISION 0  --details
/sw/bioinfo/GeneMark/4.62-es/snowy/gmes_petap.pl : [Tue May  4 13:52:53 2021] /sw/bioinfo/GeneMark/4.62-es/rackham/parse_by_introns.pl  --section ET_ini  --cfg  /domus/h1/mama5390/genome_analysis/genome_analysis/scripts/braker/GeneMark-ET/run.cfg  --parse_dir /domus/h1/mama5390/genome_analysis/genome_analysis/scripts/braker/GeneMark-ET/run/ET_ini
/sw/bioinfo/GeneMark/4.62-es/snowy/gmes_petap.pl : [Tue May  4 13:52:53 2021] /sw/bioinfo/GeneMark/4.62-es/rackham/make_nt_freq_mat.pl --cfg /domus/h1/mama5390/genome_analysis/genome_analysis/scripts/braker/GeneMark-ET/run.cfg --section donor_GT    --format DONOR 
/sw/bioinfo/GeneMark/4.62-es/snowy/gmes_petap.pl : [Tue May  4 13:52:53 2021] /sw/bioinfo/GeneMark/4.62-es/rackham/make_nt_freq_mat.pl --cfg /domus/h1/mama5390/genome_analysis/genome_analysis/scripts/braker/GeneMark-ET/run.cfg --section acceptor_AG --format ACCEPTOR 
/sw/bioinfo/GeneMark/4.62-es/snowy/gmes_petap.pl : [Tue May  4 13:52:56 2021] /sw/bioinfo/GeneMark/4.62-es/rackham/histogram.pl --cfg /domus/h1/mama5390/genome_analysis/genome_analysis/scripts/braker/GeneMark-ET/run.cfg --section intron_DUR
/sw/bioinfo/GeneMark/4.62-es/snowy/gmes_petap.pl : [Tue May  4 13:52:56 2021] /sw/bioinfo/GeneMark/4.62-es/rackham/build_mod.pl --cfg /domus/h1/mama5390/genome_analysis/genome_analysis/scripts/braker/GeneMark-ET/run.cfg  --section ET_ini --def /sw/bioinfo/GeneMark/4.62-es/rackham/heu_dir/heu_05_gcode_1_gc_45.mod 
/sw/bioinfo/GeneMark/4.62-es/snowy/gmes_petap.pl : [Tue May  4 13:52:56 2021] ln -sf  /domus/h1/mama5390/genome_analysis/genome_analysis/scripts/braker/GeneMark-ET/run/ET_ini/et_ini.mod  run/ini.mod
/sw/bioinfo/GeneMark/4.62-es/snowy/gmes_petap.pl : [Tue May  4 13:52:56 2021] 1 contigs in training
/sw/bioinfo/GeneMark/4.62-es/snowy/gmes_petap.pl : [Tue May  4 13:54:18 2021] ln -sf /domus/h1/mama5390/genome_analysis/genome_analysis/scripts/braker/GeneMark-ET/run/ET_ini/et_ini.mod  /domus/h1/mama5390/genome_analysis/genome_analysis/scripts/braker/GeneMark-ET/run/ET_A_1/prev.mod
/sw/bioinfo/GeneMark/4.62-es/snowy/gmes_petap.pl : [Tue May  4 13:54:19 2021] /sw/bioinfo/GeneMark/4.62-es/rackham/parse_ET.pl --section ET_A --cfg  /domus/h1/mama5390/genome_analysis/genome_analysis/scripts/braker/GeneMark-ET/run.cfg  --v
/sw/bioinfo/GeneMark/4.62-es/snowy/gmes_petap.pl : [Tue May  4 13:54:19 2021] /sw/bioinfo/GeneMark/4.62-es/rackham/make_nt_freq_mat.pl --cfg /domus/h1/mama5390/genome_analysis/genome_analysis/scripts/braker/GeneMark-ET/run.cfg --section start_ATG  --format INI
/sw/bioinfo/GeneMark/4.62-es/snowy/gmes_petap.pl : [Tue May  4 13:54:19 2021] /sw/bioinfo/GeneMark/4.62-es/rackham/make_nt_freq_mat.pl --cfg /domus/h1/mama5390/genome_analysis/genome_analysis/scripts/braker/GeneMark-ET/run.cfg --section stop_TAA   --format TERM_TAA
/sw/bioinfo/GeneMark/4.62-es/snowy/gmes_petap.pl : [Tue May  4 13:54:19 2021] /sw/bioinfo/GeneMark/4.62-es/rackham/make_nt_freq_mat.pl --cfg /domus/h1/mama5390/genome_analysis/genome_analysis/scripts/braker/GeneMark-ET/run.cfg --section stop_TAG   --format TERM_TAG
/sw/bioinfo/GeneMark/4.62-es/snowy/gmes_petap.pl : [Tue May  4 13:54:19 2021] /sw/bioinfo/GeneMark/4.62-es/rackham/make_nt_freq_mat.pl --cfg /domus/h1/mama5390/genome_analysis/genome_analysis/scripts/braker/GeneMark-ET/run.cfg --section stop_TGA   --format TERM_TGA
/sw/bioinfo/GeneMark/4.62-es/snowy/gmes_petap.pl : [Tue May  4 13:54:19 2021] /sw/bioinfo/GeneMark/4.62-es/rackham/probuild --cod cod.seq --non non.seq --mkmod_euk mkch    --MKCHAIN_L_MARGING 0  --MKCHAIN_R_MARGING 0  --MKCHAIN_PSEUDOCOUNTS 1  --MKCHAIN_PRECISION 8 --revcomp_non  --ORDM 5 
/sw/bioinfo/GeneMark/4.62-es/snowy/gmes_petap.pl : [Tue May  4 13:54:20 2021] /sw/bioinfo/GeneMark/4.62-es/rackham/build_mod.pl --cfg /domus/h1/mama5390/genome_analysis/genome_analysis/scripts/braker/GeneMark-ET/run.cfg --section ET_A --def prev.mod  --out ET_A_1.mod 
/sw/bioinfo/GeneMark/4.62-es/snowy/gmes_petap.pl : [Tue May  4 13:54:20 2021] 1 contigs in training
/sw/bioinfo/GeneMark/4.62-es/snowy/gmes_petap.pl : [Tue May  4 13:55:42 2021] ln -sf /domus/h1/mama5390/genome_analysis/genome_analysis/scripts/braker/GeneMark-ET/run/ET_A_1/ET_A_1.mod  /domus/h1/mama5390/genome_analysis/genome_analysis/scripts/braker/GeneMark-ET/run/ET_B_1/prev.mod
/sw/bioinfo/GeneMark/4.62-es/snowy/gmes_petap.pl : [Tue May  4 13:55:42 2021] /sw/bioinfo/GeneMark/4.62-es/rackham/parse_ET.pl --section ET_B --cfg  /domus/h1/mama5390/genome_analysis/genome_analysis/scripts/braker/GeneMark-ET/run.cfg  --v
/sw/bioinfo/GeneMark/4.62-es/snowy/gmes_petap.pl : [Tue May  4 13:55:42 2021] /sw/bioinfo/GeneMark/4.62-es/rackham/make_nt_freq_mat.pl --cfg /domus/h1/mama5390/genome_analysis/genome_analysis/scripts/braker/GeneMark-ET/run.cfg --section start_ATG  --format INI
/sw/bioinfo/GeneMark/4.62-es/snowy/gmes_petap.pl : [Tue May  4 13:55:42 2021] /sw/bioinfo/GeneMark/4.62-es/rackham/make_nt_freq_mat.pl --cfg /domus/h1/mama5390/genome_analysis/genome_analysis/scripts/braker/GeneMark-ET/run.cfg --section stop_TAA   --format TERM_TAA
/sw/bioinfo/GeneMark/4.62-es/snowy/gmes_petap.pl : [Tue May  4 13:55:42 2021] /sw/bioinfo/GeneMark/4.62-es/rackham/make_nt_freq_mat.pl --cfg /domus/h1/mama5390/genome_analysis/genome_analysis/scripts/braker/GeneMark-ET/run.cfg --section stop_TAG   --format TERM_TAG
/sw/bioinfo/GeneMark/4.62-es/snowy/gmes_petap.pl : [Tue May  4 13:55:43 2021] /sw/bioinfo/GeneMark/4.62-es/rackham/make_nt_freq_mat.pl --cfg /domus/h1/mama5390/genome_analysis/genome_analysis/scripts/braker/GeneMark-ET/run.cfg --section stop_TGA   --format TERM_TGA
/sw/bioinfo/GeneMark/4.62-es/snowy/gmes_petap.pl : [Tue May  4 13:55:43 2021] /sw/bioinfo/GeneMark/4.62-es/rackham/probuild --cod cod.seq --non non.seq --mkmod_euk mkch    --MKCHAIN_L_MARGING 0  --MKCHAIN_R_MARGING 0  --MKCHAIN_PSEUDOCOUNTS 1  --MKCHAIN_PRECISION 8 --revcomp_non  --ORDM 5 
/sw/bioinfo/GeneMark/4.62-es/snowy/gmes_petap.pl : [Tue May  4 13:55:44 2021] /sw/bioinfo/GeneMark/4.62-es/rackham/histogram.pl --cfg /domus/h1/mama5390/genome_analysis/genome_analysis/scripts/braker/GeneMark-ET/run.cfg --section initial_DUR
/sw/bioinfo/GeneMark/4.62-es/snowy/gmes_petap.pl : [Tue May  4 13:55:46 2021] /sw/bioinfo/GeneMark/4.62-es/rackham/histogram.pl --cfg /domus/h1/mama5390/genome_analysis/genome_analysis/scripts/braker/GeneMark-ET/run.cfg --section internal_DUR
/sw/bioinfo/GeneMark/4.62-es/snowy/gmes_petap.pl : [Tue May  4 13:55:48 2021] /sw/bioinfo/GeneMark/4.62-es/rackham/histogram.pl --cfg /domus/h1/mama5390/genome_analysis/genome_analysis/scripts/braker/GeneMark-ET/run.cfg --section terminal_DUR
/sw/bioinfo/GeneMark/4.62-es/snowy/gmes_petap.pl : [Tue May  4 13:55:49 2021] /sw/bioinfo/GeneMark/4.62-es/rackham/histogram.pl --cfg /domus/h1/mama5390/genome_analysis/genome_analysis/scripts/braker/GeneMark-ET/run.cfg --section single_DUR
/sw/bioinfo/GeneMark/4.62-es/snowy/gmes_petap.pl : [Tue May  4 13:55:49 2021] /sw/bioinfo/GeneMark/4.62-es/rackham/build_mod.pl --cfg /domus/h1/mama5390/genome_analysis/genome_analysis/scripts/braker/GeneMark-ET/run.cfg --section ET_B --def prev.mod  --out ET_B_1.mod 
/sw/bioinfo/GeneMark/4.62-es/snowy/gmes_petap.pl : [Tue May  4 13:55:49 2021] 1 contigs in training
/sw/bioinfo/GeneMark/4.62-es/snowy/gmes_petap.pl : [Tue May  4 13:57:12 2021] ln -sf /domus/h1/mama5390/genome_analysis/genome_analysis/scripts/braker/GeneMark-ET/run/ET_B_1/ET_B_1.mod  /domus/h1/mama5390/genome_analysis/genome_analysis/scripts/braker/GeneMark-ET/run/ET_C_1/prev.mod
/sw/bioinfo/GeneMark/4.62-es/snowy/gmes_petap.pl : [Tue May  4 13:57:13 2021] /sw/bioinfo/GeneMark/4.62-es/rackham/parse_ET.pl --section ET_C --cfg  /domus/h1/mama5390/genome_analysis/genome_analysis/scripts/braker/GeneMark-ET/run.cfg  --v
/sw/bioinfo/GeneMark/4.62-es/snowy/gmes_petap.pl : [Tue May  4 13:57:13 2021] /sw/bioinfo/GeneMark/4.62-es/rackham/make_nt_freq_mat.pl --cfg /domus/h1/mama5390/genome_analysis/genome_analysis/scripts/braker/GeneMark-ET/run.cfg --section start_ATG  --format INI
/sw/bioinfo/GeneMark/4.62-es/snowy/gmes_petap.pl : [Tue May  4 13:57:13 2021] /sw/bioinfo/GeneMark/4.62-es/rackham/make_nt_freq_mat.pl --cfg /domus/h1/mama5390/genome_analysis/genome_analysis/scripts/braker/GeneMark-ET/run.cfg --section stop_TAA   --format TERM_TAA
/sw/bioinfo/GeneMark/4.62-es/snowy/gmes_petap.pl : [Tue May  4 13:57:13 2021] /sw/bioinfo/GeneMark/4.62-es/rackham/make_nt_freq_mat.pl --cfg /domus/h1/mama5390/genome_analysis/genome_analysis/scripts/braker/GeneMark-ET/run.cfg --section stop_TAG   --format TERM_TAG
/sw/bioinfo/GeneMark/4.62-es/snowy/gmes_petap.pl : [Tue May  4 13:57:13 2021] /sw/bioinfo/GeneMark/4.62-es/rackham/make_nt_freq_mat.pl --cfg /domus/h1/mama5390/genome_analysis/genome_analysis/scripts/braker/GeneMark-ET/run.cfg --section stop_TGA   --format TERM_TGA
/sw/bioinfo/GeneMark/4.62-es/snowy/gmes_petap.pl : [Tue May  4 13:57:13 2021] /sw/bioinfo/GeneMark/4.62-es/rackham/probuild --cod cod.seq --non non.seq --mkmod_euk mkch    --MKCHAIN_L_MARGING 0  --MKCHAIN_R_MARGING 0  --MKCHAIN_PSEUDOCOUNTS 1  --MKCHAIN_PRECISION 8 --revcomp_non  --ORDM 5 
/sw/bioinfo/GeneMark/4.62-es/snowy/gmes_petap.pl : [Tue May  4 13:57:15 2021] /sw/bioinfo/GeneMark/4.62-es/rackham/histogram.pl --cfg /domus/h1/mama5390/genome_analysis/genome_analysis/scripts/braker/GeneMark-ET/run.cfg --section initial_DUR
/sw/bioinfo/GeneMark/4.62-es/snowy/gmes_petap.pl : [Tue May  4 13:57:17 2021] /sw/bioinfo/GeneMark/4.62-es/rackham/histogram.pl --cfg /domus/h1/mama5390/genome_analysis/genome_analysis/scripts/braker/GeneMark-ET/run.cfg --section internal_DUR
/sw/bioinfo/GeneMark/4.62-es/snowy/gmes_petap.pl : [Tue May  4 13:57:19 2021] /sw/bioinfo/GeneMark/4.62-es/rackham/histogram.pl --cfg /domus/h1/mama5390/genome_analysis/genome_analysis/scripts/braker/GeneMark-ET/run.cfg --section terminal_DUR
/sw/bioinfo/GeneMark/4.62-es/snowy/gmes_petap.pl : [Tue May  4 13:57:20 2021] /sw/bioinfo/GeneMark/4.62-es/rackham/histogram.pl --cfg /domus/h1/mama5390/genome_analysis/genome_analysis/scripts/braker/GeneMark-ET/run.cfg --section single_DUR
/sw/bioinfo/GeneMark/4.62-es/snowy/gmes_petap.pl : [Tue May  4 13:57:50 2021] /sw/bioinfo/GeneMark/4.62-es/rackham/histogram.pl --cfg /domus/h1/mama5390/genome_analysis/genome_analysis/scripts/braker/GeneMark-ET/run.cfg --section intergenic_DUR
/sw/bioinfo/GeneMark/4.62-es/snowy/gmes_petap.pl : [Tue May  4 13:57:50 2021] /sw/bioinfo/GeneMark/4.62-es/rackham/make_nt_freq_mat.pl --cfg /domus/h1/mama5390/genome_analysis/genome_analysis/scripts/braker/GeneMark-ET/run.cfg --section donor_GT    --format DONOR_0    --phase 0  --quiet
/sw/bioinfo/GeneMark/4.62-es/snowy/gmes_petap.pl : [Tue May  4 13:57:50 2021] /sw/bioinfo/GeneMark/4.62-es/rackham/make_nt_freq_mat.pl --cfg /domus/h1/mama5390/genome_analysis/genome_analysis/scripts/braker/GeneMark-ET/run.cfg --section acceptor_AG --format ACCEPTOR_0 --phase 0 
/sw/bioinfo/GeneMark/4.62-es/snowy/gmes_petap.pl : [Tue May  4 13:57:51 2021]  cat  GT.mat > donor.mat 
/sw/bioinfo/GeneMark/4.62-es/snowy/gmes_petap.pl : [Tue May  4 13:57:51 2021]  cat  AG.mat > acceptor.mat 
/sw/bioinfo/GeneMark/4.62-es/snowy/gmes_petap.pl : [Tue May  4 13:57:51 2021] /sw/bioinfo/GeneMark/4.62-es/rackham/make_nt_freq_mat.pl --cfg /domus/h1/mama5390/genome_analysis/genome_analysis/scripts/braker/GeneMark-ET/run.cfg --section donor_GT    --format DONOR_1    --phase 1  --quiet
/sw/bioinfo/GeneMark/4.62-es/snowy/gmes_petap.pl : [Tue May  4 13:57:51 2021] /sw/bioinfo/GeneMark/4.62-es/rackham/make_nt_freq_mat.pl --cfg /domus/h1/mama5390/genome_analysis/genome_analysis/scripts/braker/GeneMark-ET/run.cfg --section acceptor_AG --format ACCEPTOR_1 --phase 1 
/sw/bioinfo/GeneMark/4.62-es/snowy/gmes_petap.pl : [Tue May  4 13:57:51 2021]  cat  GT.mat >> donor.mat 
/sw/bioinfo/GeneMark/4.62-es/snowy/gmes_petap.pl : [Tue May  4 13:57:51 2021]  cat  AG.mat >> acceptor.mat 
/sw/bioinfo/GeneMark/4.62-es/snowy/gmes_petap.pl : [Tue May  4 13:57:51 2021] /sw/bioinfo/GeneMark/4.62-es/rackham/make_nt_freq_mat.pl --cfg /domus/h1/mama5390/genome_analysis/genome_analysis/scripts/braker/GeneMark-ET/run.cfg --section donor_GT    --format DONOR_2    --phase 2  --quiet
/sw/bioinfo/GeneMark/4.62-es/snowy/gmes_petap.pl : [Tue May  4 13:57:51 2021] error
/sw/bioinfo/GeneMark/4.62-es/snowy/gmes_petap.pl : [Tue May  4 14:01:09 2021] /sw/bioinfo/GeneMark/4.62-es/rackham/probuild --reformat_fasta --uppercase --allow_x --letters_per_line 60 --out data/dna.fna --label _dna --trace info/dna.trace --in /domus/h1/mama5390/genome_analysis/genome_analysis/scripts/braker/genome.fa  --mask_soft 1000 
/sw/bioinfo/GeneMark/4.62-es/snowy/gmes_petap.pl : [Tue May  4 14:01:09 2021] /sw/bioinfo/GeneMark/4.62-es/rackham/reformat_gff.pl --out data/et.gff  --trace info/dna.trace  --in /domus/h1/mama5390/genome_analysis/genome_analysis/scripts/braker/genemark_hintsfile.gff  --quiet
/sw/bioinfo/GeneMark/4.62-es/snowy/gmes_petap.pl : [Tue May  4 14:01:09 2021] /sw/bioinfo/GeneMark/4.62-es/rackham/probuild  --seq data/dna.fna  --allow_x  --stat info/dna.general  --details
/sw/bioinfo/GeneMark/4.62-es/snowy/gmes_petap.pl : [Tue May  4 14:01:09 2021] /sw/bioinfo/GeneMark/4.62-es/rackham/probuild  --seq data/dna.fna  --allow_x  --stat_fasta info/dna.multi_fasta
/sw/bioinfo/GeneMark/4.62-es/snowy/gmes_petap.pl : [Tue May  4 14:01:09 2021] /sw/bioinfo/GeneMark/4.62-es/rackham/probuild  --seq data/dna.fna  --allow_x  --substring_n_distr info/dna.gap_distr
/sw/bioinfo/GeneMark/4.62-es/snowy/gmes_petap.pl : [Tue May  4 14:01:09 2021] /sw/bioinfo/GeneMark/4.62-es/rackham/gc_distr.pl --in data/dna.fna  --out info/dna.gc.csv  --w 1000,8000
/sw/bioinfo/GeneMark/4.62-es/snowy/gmes_petap.pl : [Tue May  4 14:01:10 2021] /sw/bioinfo/GeneMark/4.62-es/rackham/probuild  --seq /domus/h1/mama5390/genome_analysis/genome_analysis/scripts/braker/GeneMark-ET/data/dna.fna  --split dna.fa  --max_contig 5000000 --min_contig 500 --letters_per_line 100 --split_at_n 5000 --split_at_x 5000 --allow_x --x_to_n  --trace ../../info/training.trace 
/sw/bioinfo/GeneMark/4.62-es/snowy/gmes_petap.pl : [Tue May  4 14:01:10 2021] /sw/bioinfo/GeneMark/4.62-es/rackham/rescale_gff.pl  --in data/et.gff  --trace info/training.trace  --out data/et_training.gff
/sw/bioinfo/GeneMark/4.62-es/snowy/gmes_petap.pl : [Tue May  4 14:01:10 2021] /sw/bioinfo/GeneMark/4.62-es/rackham/probuild --seq data/training.fna --stat info/training.general --allow_x  --GC_PRECISION 0  --details
/sw/bioinfo/GeneMark/4.62-es/snowy/gmes_petap.pl : [Tue May  4 14:01:10 2021] /sw/bioinfo/GeneMark/4.62-es/rackham/parse_by_introns.pl  --section ET_ini  --cfg  /domus/h1/mama5390/genome_analysis/genome_analysis/scripts/braker/GeneMark-ET/run.cfg  --parse_dir /domus/h1/mama5390/genome_analysis/genome_analysis/scripts/braker/GeneMark-ET/run/ET_ini
/sw/bioinfo/GeneMark/4.62-es/snowy/gmes_petap.pl : [Tue May  4 14:01:10 2021] /sw/bioinfo/GeneMark/4.62-es/rackham/make_nt_freq_mat.pl --cfg /domus/h1/mama5390/genome_analysis/genome_analysis/scripts/braker/GeneMark-ET/run.cfg --section donor_GT    --format DONOR 
/sw/bioinfo/GeneMark/4.62-es/snowy/gmes_petap.pl : [Tue May  4 14:01:10 2021] /sw/bioinfo/GeneMark/4.62-es/rackham/make_nt_freq_mat.pl --cfg /domus/h1/mama5390/genome_analysis/genome_analysis/scripts/braker/GeneMark-ET/run.cfg --section acceptor_AG --format ACCEPTOR 
/sw/bioinfo/GeneMark/4.62-es/snowy/gmes_petap.pl : [Tue May  4 14:01:13 2021] /sw/bioinfo/GeneMark/4.62-es/rackham/histogram.pl --cfg /domus/h1/mama5390/genome_analysis/genome_analysis/scripts/braker/GeneMark-ET/run.cfg --section intron_DUR
/sw/bioinfo/GeneMark/4.62-es/snowy/gmes_petap.pl : [Tue May  4 14:01:13 2021] /sw/bioinfo/GeneMark/4.62-es/rackham/build_mod.pl --cfg /domus/h1/mama5390/genome_analysis/genome_analysis/scripts/braker/GeneMark-ET/run.cfg  --section ET_ini --def /sw/bioinfo/GeneMark/4.62-es/rackham/heu_dir/heu_05_gcode_1_gc_45.mod 
/sw/bioinfo/GeneMark/4.62-es/snowy/gmes_petap.pl : [Tue May  4 14:01:13 2021] ln -sf  /domus/h1/mama5390/genome_analysis/genome_analysis/scripts/braker/GeneMark-ET/run/ET_ini/et_ini.mod  run/ini.mod
/sw/bioinfo/GeneMark/4.62-es/snowy/gmes_petap.pl : [Tue May  4 14:01:13 2021] 1 contigs in training
/sw/bioinfo/GeneMark/4.62-es/snowy/gmes_petap.pl : [Tue May  4 14:02:35 2021] ln -sf /domus/h1/mama5390/genome_analysis/genome_analysis/scripts/braker/GeneMark-ET/run/ET_ini/et_ini.mod  /domus/h1/mama5390/genome_analysis/genome_analysis/scripts/braker/GeneMark-ET/run/ET_A_1/prev.mod
/sw/bioinfo/GeneMark/4.62-es/snowy/gmes_petap.pl : [Tue May  4 14:02:35 2021] /sw/bioinfo/GeneMark/4.62-es/rackham/parse_ET.pl --section ET_A --cfg  /domus/h1/mama5390/genome_analysis/genome_analysis/scripts/braker/GeneMark-ET/run.cfg  --v
/sw/bioinfo/GeneMark/4.62-es/snowy/gmes_petap.pl : [Tue May  4 14:02:35 2021] /sw/bioinfo/GeneMark/4.62-es/rackham/make_nt_freq_mat.pl --cfg /domus/h1/mama5390/genome_analysis/genome_analysis/scripts/braker/GeneMark-ET/run.cfg --section start_ATG  --format INI
/sw/bioinfo/GeneMark/4.62-es/snowy/gmes_petap.pl : [Tue May  4 14:02:36 2021] /sw/bioinfo/GeneMark/4.62-es/rackham/make_nt_freq_mat.pl --cfg /domus/h1/mama5390/genome_analysis/genome_analysis/scripts/braker/GeneMark-ET/run.cfg --section stop_TAA   --format TERM_TAA
/sw/bioinfo/GeneMark/4.62-es/snowy/gmes_petap.pl : [Tue May  4 14:02:36 2021] /sw/bioinfo/GeneMark/4.62-es/rackham/make_nt_freq_mat.pl --cfg /domus/h1/mama5390/genome_analysis/genome_analysis/scripts/braker/GeneMark-ET/run.cfg --section stop_TAG   --format TERM_TAG
/sw/bioinfo/GeneMark/4.62-es/snowy/gmes_petap.pl : [Tue May  4 14:02:36 2021] /sw/bioinfo/GeneMark/4.62-es/rackham/make_nt_freq_mat.pl --cfg /domus/h1/mama5390/genome_analysis/genome_analysis/scripts/braker/GeneMark-ET/run.cfg --section stop_TGA   --format TERM_TGA
/sw/bioinfo/GeneMark/4.62-es/snowy/gmes_petap.pl : [Tue May  4 14:02:36 2021] /sw/bioinfo/GeneMark/4.62-es/rackham/probuild --cod cod.seq --non non.seq --mkmod_euk mkch    --MKCHAIN_L_MARGING 0  --MKCHAIN_R_MARGING 0  --MKCHAIN_PSEUDOCOUNTS 1  --MKCHAIN_PRECISION 8 --revcomp_non  --ORDM 5 
/sw/bioinfo/GeneMark/4.62-es/snowy/gmes_petap.pl : [Tue May  4 14:02:36 2021] /sw/bioinfo/GeneMark/4.62-es/rackham/build_mod.pl --cfg /domus/h1/mama5390/genome_analysis/genome_analysis/scripts/braker/GeneMark-ET/run.cfg --section ET_A --def prev.mod  --out ET_A_1.mod 
/sw/bioinfo/GeneMark/4.62-es/snowy/gmes_petap.pl : [Tue May  4 14:02:36 2021] 1 contigs in training
/sw/bioinfo/GeneMark/4.62-es/snowy/gmes_petap.pl : [Tue May  4 14:03:59 2021] ln -sf /domus/h1/mama5390/genome_analysis/genome_analysis/scripts/braker/GeneMark-ET/run/ET_A_1/ET_A_1.mod  /domus/h1/mama5390/genome_analysis/genome_analysis/scripts/braker/GeneMark-ET/run/ET_B_1/prev.mod
/sw/bioinfo/GeneMark/4.62-es/snowy/gmes_petap.pl : [Tue May  4 14:03:59 2021] /sw/bioinfo/GeneMark/4.62-es/rackham/parse_ET.pl --section ET_B --cfg  /domus/h1/mama5390/genome_analysis/genome_analysis/scripts/braker/GeneMark-ET/run.cfg  --v
/sw/bioinfo/GeneMark/4.62-es/snowy/gmes_petap.pl : [Tue May  4 14:03:59 2021] /sw/bioinfo/GeneMark/4.62-es/rackham/make_nt_freq_mat.pl --cfg /domus/h1/mama5390/genome_analysis/genome_analysis/scripts/braker/GeneMark-ET/run.cfg --section start_ATG  --format INI
/sw/bioinfo/GeneMark/4.62-es/snowy/gmes_petap.pl : [Tue May  4 14:03:59 2021] /sw/bioinfo/GeneMark/4.62-es/rackham/make_nt_freq_mat.pl --cfg /domus/h1/mama5390/genome_analysis/genome_analysis/scripts/braker/GeneMark-ET/run.cfg --section stop_TAA   --format TERM_TAA
/sw/bioinfo/GeneMark/4.62-es/snowy/gmes_petap.pl : [Tue May  4 14:04:00 2021] /sw/bioinfo/GeneMark/4.62-es/rackham/make_nt_freq_mat.pl --cfg /domus/h1/mama5390/genome_analysis/genome_analysis/scripts/braker/GeneMark-ET/run.cfg --section stop_TAG   --format TERM_TAG
/sw/bioinfo/GeneMark/4.62-es/snowy/gmes_petap.pl : [Tue May  4 14:04:00 2021] /sw/bioinfo/GeneMark/4.62-es/rackham/make_nt_freq_mat.pl --cfg /domus/h1/mama5390/genome_analysis/genome_analysis/scripts/braker/GeneMark-ET/run.cfg --section stop_TGA   --format TERM_TGA
/sw/bioinfo/GeneMark/4.62-es/snowy/gmes_petap.pl : [Tue May  4 14:04:00 2021] /sw/bioinfo/GeneMark/4.62-es/rackham/probuild --cod cod.seq --non non.seq --mkmod_euk mkch    --MKCHAIN_L_MARGING 0  --MKCHAIN_R_MARGING 0  --MKCHAIN_PSEUDOCOUNTS 1  --MKCHAIN_PRECISION 8 --revcomp_non  --ORDM 5 
/sw/bioinfo/GeneMark/4.62-es/snowy/gmes_petap.pl : [Tue May  4 14:04:02 2021] /sw/bioinfo/GeneMark/4.62-es/rackham/histogram.pl --cfg /domus/h1/mama5390/genome_analysis/genome_analysis/scripts/braker/GeneMark-ET/run.cfg --section initial_DUR
/sw/bioinfo/GeneMark/4.62-es/snowy/gmes_petap.pl : [Tue May  4 14:04:04 2021] /sw/bioinfo/GeneMark/4.62-es/rackham/histogram.pl --cfg /domus/h1/mama5390/genome_analysis/genome_analysis/scripts/braker/GeneMark-ET/run.cfg --section internal_DUR
/sw/bioinfo/GeneMark/4.62-es/snowy/gmes_petap.pl : [Tue May  4 14:04:05 2021] /sw/bioinfo/GeneMark/4.62-es/rackham/histogram.pl --cfg /domus/h1/mama5390/genome_analysis/genome_analysis/scripts/braker/GeneMark-ET/run.cfg --section terminal_DUR
/sw/bioinfo/GeneMark/4.62-es/snowy/gmes_petap.pl : [Tue May  4 14:04:06 2021] /sw/bioinfo/GeneMark/4.62-es/rackham/histogram.pl --cfg /domus/h1/mama5390/genome_analysis/genome_analysis/scripts/braker/GeneMark-ET/run.cfg --section single_DUR
/sw/bioinfo/GeneMark/4.62-es/snowy/gmes_petap.pl : [Tue May  4 14:04:06 2021] /sw/bioinfo/GeneMark/4.62-es/rackham/build_mod.pl --cfg /domus/h1/mama5390/genome_analysis/genome_analysis/scripts/braker/GeneMark-ET/run.cfg --section ET_B --def prev.mod  --out ET_B_1.mod 
/sw/bioinfo/GeneMark/4.62-es/snowy/gmes_petap.pl : [Tue May  4 14:04:06 2021] 1 contigs in training
/sw/bioinfo/GeneMark/4.62-es/snowy/gmes_petap.pl : [Tue May  4 14:05:28 2021] ln -sf /domus/h1/mama5390/genome_analysis/genome_analysis/scripts/braker/GeneMark-ET/run/ET_B_1/ET_B_1.mod  /domus/h1/mama5390/genome_analysis/genome_analysis/scripts/braker/GeneMark-ET/run/ET_C_1/prev.mod
/sw/bioinfo/GeneMark/4.62-es/snowy/gmes_petap.pl : [Tue May  4 14:05:28 2021] /sw/bioinfo/GeneMark/4.62-es/rackham/parse_ET.pl --section ET_C --cfg  /domus/h1/mama5390/genome_analysis/genome_analysis/scripts/braker/GeneMark-ET/run.cfg  --v
/sw/bioinfo/GeneMark/4.62-es/snowy/gmes_petap.pl : [Tue May  4 14:05:28 2021] /sw/bioinfo/GeneMark/4.62-es/rackham/make_nt_freq_mat.pl --cfg /domus/h1/mama5390/genome_analysis/genome_analysis/scripts/braker/GeneMark-ET/run.cfg --section start_ATG  --format INI
/sw/bioinfo/GeneMark/4.62-es/snowy/gmes_petap.pl : [Tue May  4 14:05:28 2021] /sw/bioinfo/GeneMark/4.62-es/rackham/make_nt_freq_mat.pl --cfg /domus/h1/mama5390/genome_analysis/genome_analysis/scripts/braker/GeneMark-ET/run.cfg --section stop_TAA   --format TERM_TAA
/sw/bioinfo/GeneMark/4.62-es/snowy/gmes_petap.pl : [Tue May  4 14:05:29 2021] /sw/bioinfo/GeneMark/4.62-es/rackham/make_nt_freq_mat.pl --cfg /domus/h1/mama5390/genome_analysis/genome_analysis/scripts/braker/GeneMark-ET/run.cfg --section stop_TAG   --format TERM_TAG
/sw/bioinfo/GeneMark/4.62-es/snowy/gmes_petap.pl : [Tue May  4 14:05:29 2021] /sw/bioinfo/GeneMark/4.62-es/rackham/make_nt_freq_mat.pl --cfg /domus/h1/mama5390/genome_analysis/genome_analysis/scripts/braker/GeneMark-ET/run.cfg --section stop_TGA   --format TERM_TGA
/sw/bioinfo/GeneMark/4.62-es/snowy/gmes_petap.pl : [Tue May  4 14:05:29 2021] /sw/bioinfo/GeneMark/4.62-es/rackham/probuild --cod cod.seq --non non.seq --mkmod_euk mkch    --MKCHAIN_L_MARGING 0  --MKCHAIN_R_MARGING 0  --MKCHAIN_PSEUDOCOUNTS 1  --MKCHAIN_PRECISION 8 --revcomp_non  --ORDM 5 
/sw/bioinfo/GeneMark/4.62-es/snowy/gmes_petap.pl : [Tue May  4 14:05:31 2021] /sw/bioinfo/GeneMark/4.62-es/rackham/histogram.pl --cfg /domus/h1/mama5390/genome_analysis/genome_analysis/scripts/braker/GeneMark-ET/run.cfg --section initial_DUR
/sw/bioinfo/GeneMark/4.62-es/snowy/gmes_petap.pl : [Tue May  4 14:05:33 2021] /sw/bioinfo/GeneMark/4.62-es/rackham/histogram.pl --cfg /domus/h1/mama5390/genome_analysis/genome_analysis/scripts/braker/GeneMark-ET/run.cfg --section internal_DUR
/sw/bioinfo/GeneMark/4.62-es/snowy/gmes_petap.pl : [Tue May  4 14:05:34 2021] /sw/bioinfo/GeneMark/4.62-es/rackham/histogram.pl --cfg /domus/h1/mama5390/genome_analysis/genome_analysis/scripts/braker/GeneMark-ET/run.cfg --section terminal_DUR
/sw/bioinfo/GeneMark/4.62-es/snowy/gmes_petap.pl : [Tue May  4 14:05:35 2021] /sw/bioinfo/GeneMark/4.62-es/rackham/histogram.pl --cfg /domus/h1/mama5390/genome_analysis/genome_analysis/scripts/braker/GeneMark-ET/run.cfg --section single_DUR
/sw/bioinfo/GeneMark/4.62-es/snowy/gmes_petap.pl : [Tue May  4 14:06:04 2021] /sw/bioinfo/GeneMark/4.62-es/rackham/histogram.pl --cfg /domus/h1/mama5390/genome_analysis/genome_analysis/scripts/braker/GeneMark-ET/run.cfg --section intergenic_DUR
/sw/bioinfo/GeneMark/4.62-es/snowy/gmes_petap.pl : [Tue May  4 14:06:04 2021] /sw/bioinfo/GeneMark/4.62-es/rackham/make_nt_freq_mat.pl --cfg /domus/h1/mama5390/genome_analysis/genome_analysis/scripts/braker/GeneMark-ET/run.cfg --section donor_GT    --format DONOR_0    --phase 0  --quiet
/sw/bioinfo/GeneMark/4.62-es/snowy/gmes_petap.pl : [Tue May  4 14:06:04 2021] /sw/bioinfo/GeneMark/4.62-es/rackham/make_nt_freq_mat.pl --cfg /domus/h1/mama5390/genome_analysis/genome_analysis/scripts/braker/GeneMark-ET/run.cfg --section acceptor_AG --format ACCEPTOR_0 --phase 0 
/sw/bioinfo/GeneMark/4.62-es/snowy/gmes_petap.pl : [Tue May  4 14:06:04 2021]  cat  GT.mat > donor.mat 
/sw/bioinfo/GeneMark/4.62-es/snowy/gmes_petap.pl : [Tue May  4 14:06:04 2021]  cat  AG.mat > acceptor.mat 
/sw/bioinfo/GeneMark/4.62-es/snowy/gmes_petap.pl : [Tue May  4 14:06:04 2021] /sw/bioinfo/GeneMark/4.62-es/rackham/make_nt_freq_mat.pl --cfg /domus/h1/mama5390/genome_analysis/genome_analysis/scripts/braker/GeneMark-ET/run.cfg --section donor_GT    --format DONOR_1    --phase 1  --quiet
/sw/bioinfo/GeneMark/4.62-es/snowy/gmes_petap.pl : [Tue May  4 14:06:05 2021] /sw/bioinfo/GeneMark/4.62-es/rackham/make_nt_freq_mat.pl --cfg /domus/h1/mama5390/genome_analysis/genome_analysis/scripts/braker/GeneMark-ET/run.cfg --section acceptor_AG --format ACCEPTOR_1 --phase 1 
/sw/bioinfo/GeneMark/4.62-es/snowy/gmes_petap.pl : [Tue May  4 14:06:05 2021]  cat  GT.mat >> donor.mat 
/sw/bioinfo/GeneMark/4.62-es/snowy/gmes_petap.pl : [Tue May  4 14:06:05 2021]  cat  AG.mat >> acceptor.mat 
/sw/bioinfo/GeneMark/4.62-es/snowy/gmes_petap.pl : [Tue May  4 14:06:05 2021] /sw/bioinfo/GeneMark/4.62-es/rackham/make_nt_freq_mat.pl --cfg /domus/h1/mama5390/genome_analysis/genome_analysis/scripts/braker/GeneMark-ET/run.cfg --section donor_GT    --format DONOR_2    --phase 2  --quiet
/sw/bioinfo/GeneMark/4.62-es/snowy/gmes_petap.pl : [Tue May  4 14:06:05 2021] error
/sw/bioinfo/GeneMark/4.62-es/snowy/gmes_petap.pl : [Tue May  4 14:32:09 2021] /sw/bioinfo/GeneMark/4.62-es/rackham/probuild --reformat_fasta --uppercase --allow_x --letters_per_line 60 --out data/dna.fna --label _dna --trace info/dna.trace --in /domus/h1/mama5390/genome_analysis/genome_analysis/scripts/braker/genome.fa  --mask_soft 1000 
/sw/bioinfo/GeneMark/4.62-es/snowy/gmes_petap.pl : [Tue May  4 14:32:09 2021] /sw/bioinfo/GeneMark/4.62-es/rackham/reformat_gff.pl --out data/et.gff  --trace info/dna.trace  --in /domus/h1/mama5390/genome_analysis/genome_analysis/scripts/braker/genemark_hintsfile.gff  --quiet
/sw/bioinfo/GeneMark/4.62-es/snowy/gmes_petap.pl : [Tue May  4 14:32:09 2021] /sw/bioinfo/GeneMark/4.62-es/rackham/probuild  --seq data/dna.fna  --allow_x  --stat info/dna.general  --details
/sw/bioinfo/GeneMark/4.62-es/snowy/gmes_petap.pl : [Tue May  4 14:32:10 2021] /sw/bioinfo/GeneMark/4.62-es/rackham/probuild  --seq data/dna.fna  --allow_x  --stat_fasta info/dna.multi_fasta
/sw/bioinfo/GeneMark/4.62-es/snowy/gmes_petap.pl : [Tue May  4 14:32:10 2021] /sw/bioinfo/GeneMark/4.62-es/rackham/probuild  --seq data/dna.fna  --allow_x  --substring_n_distr info/dna.gap_distr
/sw/bioinfo/GeneMark/4.62-es/snowy/gmes_petap.pl : [Tue May  4 14:32:10 2021] /sw/bioinfo/GeneMark/4.62-es/rackham/gc_distr.pl --in data/dna.fna  --out info/dna.gc.csv  --w 1000,8000
/sw/bioinfo/GeneMark/4.62-es/snowy/gmes_petap.pl : [Tue May  4 14:32:10 2021] /sw/bioinfo/GeneMark/4.62-es/rackham/probuild  --seq /domus/h1/mama5390/genome_analysis/genome_analysis/scripts/braker/GeneMark-ET/data/dna.fna  --split dna.fa  --max_contig 5000000 --min_contig 500 --letters_per_line 100 --split_at_n 5000 --split_at_x 5000 --allow_x --x_to_n  --trace ../../info/training.trace 
/sw/bioinfo/GeneMark/4.62-es/snowy/gmes_petap.pl : [Tue May  4 14:32:10 2021] /sw/bioinfo/GeneMark/4.62-es/rackham/rescale_gff.pl  --in data/et.gff  --trace info/training.trace  --out data/et_training.gff
/sw/bioinfo/GeneMark/4.62-es/snowy/gmes_petap.pl : [Tue May  4 14:32:10 2021] /sw/bioinfo/GeneMark/4.62-es/rackham/probuild --seq data/training.fna --stat info/training.general --allow_x  --GC_PRECISION 0  --details
/sw/bioinfo/GeneMark/4.62-es/snowy/gmes_petap.pl : [Tue May  4 14:32:11 2021] /sw/bioinfo/GeneMark/4.62-es/rackham/parse_by_introns.pl  --section ET_ini  --cfg  /domus/h1/mama5390/genome_analysis/genome_analysis/scripts/braker/GeneMark-ET/run.cfg  --parse_dir /domus/h1/mama5390/genome_analysis/genome_analysis/scripts/braker/GeneMark-ET/run/ET_ini
/sw/bioinfo/GeneMark/4.62-es/snowy/gmes_petap.pl : [Tue May  4 14:32:11 2021] /sw/bioinfo/GeneMark/4.62-es/rackham/make_nt_freq_mat.pl --cfg /domus/h1/mama5390/genome_analysis/genome_analysis/scripts/braker/GeneMark-ET/run.cfg --section donor_GT    --format DONOR 
/sw/bioinfo/GeneMark/4.62-es/snowy/gmes_petap.pl : [Tue May  4 14:32:11 2021] /sw/bioinfo/GeneMark/4.62-es/rackham/make_nt_freq_mat.pl --cfg /domus/h1/mama5390/genome_analysis/genome_analysis/scripts/braker/GeneMark-ET/run.cfg --section acceptor_AG --format ACCEPTOR 
/sw/bioinfo/GeneMark/4.62-es/snowy/gmes_petap.pl : [Tue May  4 14:32:13 2021] /sw/bioinfo/GeneMark/4.62-es/rackham/histogram.pl --cfg /domus/h1/mama5390/genome_analysis/genome_analysis/scripts/braker/GeneMark-ET/run.cfg --section intron_DUR
/sw/bioinfo/GeneMark/4.62-es/snowy/gmes_petap.pl : [Tue May  4 14:32:14 2021] /sw/bioinfo/GeneMark/4.62-es/rackham/build_mod.pl --cfg /domus/h1/mama5390/genome_analysis/genome_analysis/scripts/braker/GeneMark-ET/run.cfg  --section ET_ini --def /sw/bioinfo/GeneMark/4.62-es/rackham/heu_dir/heu_05_gcode_1_gc_45.mod 
/sw/bioinfo/GeneMark/4.62-es/snowy/gmes_petap.pl : [Tue May  4 14:32:14 2021] ln -sf  /domus/h1/mama5390/genome_analysis/genome_analysis/scripts/braker/GeneMark-ET/run/ET_ini/et_ini.mod  run/ini.mod
/sw/bioinfo/GeneMark/4.62-es/snowy/gmes_petap.pl : [Tue May  4 14:32:14 2021] 1 contigs in training
/sw/bioinfo/GeneMark/4.62-es/snowy/gmes_petap.pl : [Tue May  4 14:33:38 2021] ln -sf /domus/h1/mama5390/genome_analysis/genome_analysis/scripts/braker/GeneMark-ET/run/ET_ini/et_ini.mod  /domus/h1/mama5390/genome_analysis/genome_analysis/scripts/braker/GeneMark-ET/run/ET_A_1/prev.mod
/sw/bioinfo/GeneMark/4.62-es/snowy/gmes_petap.pl : [Tue May  4 14:33:38 2021] /sw/bioinfo/GeneMark/4.62-es/rackham/parse_ET.pl --section ET_A --cfg  /domus/h1/mama5390/genome_analysis/genome_analysis/scripts/braker/GeneMark-ET/run.cfg  --v
/sw/bioinfo/GeneMark/4.62-es/snowy/gmes_petap.pl : [Tue May  4 14:33:38 2021] /sw/bioinfo/GeneMark/4.62-es/rackham/make_nt_freq_mat.pl --cfg /domus/h1/mama5390/genome_analysis/genome_analysis/scripts/braker/GeneMark-ET/run.cfg --section start_ATG  --format INI
/sw/bioinfo/GeneMark/4.62-es/snowy/gmes_petap.pl : [Tue May  4 14:33:38 2021] /sw/bioinfo/GeneMark/4.62-es/rackham/make_nt_freq_mat.pl --cfg /domus/h1/mama5390/genome_analysis/genome_analysis/scripts/braker/GeneMark-ET/run.cfg --section stop_TAA   --format TERM_TAA
/sw/bioinfo/GeneMark/4.62-es/snowy/gmes_petap.pl : [Tue May  4 14:33:38 2021] /sw/bioinfo/GeneMark/4.62-es/rackham/make_nt_freq_mat.pl --cfg /domus/h1/mama5390/genome_analysis/genome_analysis/scripts/braker/GeneMark-ET/run.cfg --section stop_TAG   --format TERM_TAG
/sw/bioinfo/GeneMark/4.62-es/snowy/gmes_petap.pl : [Tue May  4 14:33:39 2021] /sw/bioinfo/GeneMark/4.62-es/rackham/make_nt_freq_mat.pl --cfg /domus/h1/mama5390/genome_analysis/genome_analysis/scripts/braker/GeneMark-ET/run.cfg --section stop_TGA   --format TERM_TGA
/sw/bioinfo/GeneMark/4.62-es/snowy/gmes_petap.pl : [Tue May  4 14:33:39 2021] /sw/bioinfo/GeneMark/4.62-es/rackham/probuild --cod cod.seq --non non.seq --mkmod_euk mkch    --MKCHAIN_L_MARGING 0  --MKCHAIN_R_MARGING 0  --MKCHAIN_PSEUDOCOUNTS 1  --MKCHAIN_PRECISION 8 --revcomp_non  --ORDM 5 
/sw/bioinfo/GeneMark/4.62-es/snowy/gmes_petap.pl : [Tue May  4 14:33:39 2021] /sw/bioinfo/GeneMark/4.62-es/rackham/build_mod.pl --cfg /domus/h1/mama5390/genome_analysis/genome_analysis/scripts/braker/GeneMark-ET/run.cfg --section ET_A --def prev.mod  --out ET_A_1.mod 
/sw/bioinfo/GeneMark/4.62-es/snowy/gmes_petap.pl : [Tue May  4 14:33:39 2021] 1 contigs in training
/sw/bioinfo/GeneMark/4.62-es/snowy/gmes_petap.pl : [Tue May  4 14:34:55 2021] ln -sf /domus/h1/mama5390/genome_analysis/genome_analysis/scripts/braker/GeneMark-ET/run/ET_A_1/ET_A_1.mod  /domus/h1/mama5390/genome_analysis/genome_analysis/scripts/braker/GeneMark-ET/run/ET_B_1/prev.mod
/sw/bioinfo/GeneMark/4.62-es/snowy/gmes_petap.pl : [Tue May  4 14:34:56 2021] /sw/bioinfo/GeneMark/4.62-es/rackham/parse_ET.pl --section ET_B --cfg  /domus/h1/mama5390/genome_analysis/genome_analysis/scripts/braker/GeneMark-ET/run.cfg  --v
/sw/bioinfo/GeneMark/4.62-es/snowy/gmes_petap.pl : [Tue May  4 14:34:56 2021] /sw/bioinfo/GeneMark/4.62-es/rackham/make_nt_freq_mat.pl --cfg /domus/h1/mama5390/genome_analysis/genome_analysis/scripts/braker/GeneMark-ET/run.cfg --section start_ATG  --format INI
/sw/bioinfo/GeneMark/4.62-es/snowy/gmes_petap.pl : [Tue May  4 14:34:56 2021] /sw/bioinfo/GeneMark/4.62-es/rackham/make_nt_freq_mat.pl --cfg /domus/h1/mama5390/genome_analysis/genome_analysis/scripts/braker/GeneMark-ET/run.cfg --section stop_TAA   --format TERM_TAA
/sw/bioinfo/GeneMark/4.62-es/snowy/gmes_petap.pl : [Tue May  4 14:34:56 2021] /sw/bioinfo/GeneMark/4.62-es/rackham/make_nt_freq_mat.pl --cfg /domus/h1/mama5390/genome_analysis/genome_analysis/scripts/braker/GeneMark-ET/run.cfg --section stop_TAG   --format TERM_TAG
/sw/bioinfo/GeneMark/4.62-es/snowy/gmes_petap.pl : [Tue May  4 14:34:56 2021] /sw/bioinfo/GeneMark/4.62-es/rackham/make_nt_freq_mat.pl --cfg /domus/h1/mama5390/genome_analysis/genome_analysis/scripts/braker/GeneMark-ET/run.cfg --section stop_TGA   --format TERM_TGA
/sw/bioinfo/GeneMark/4.62-es/snowy/gmes_petap.pl : [Tue May  4 14:34:56 2021] /sw/bioinfo/GeneMark/4.62-es/rackham/probuild --cod cod.seq --non non.seq --mkmod_euk mkch    --MKCHAIN_L_MARGING 0  --MKCHAIN_R_MARGING 0  --MKCHAIN_PSEUDOCOUNTS 1  --MKCHAIN_PRECISION 8 --revcomp_non  --ORDM 5 
/sw/bioinfo/GeneMark/4.62-es/snowy/gmes_petap.pl : [Tue May  4 14:34:58 2021] /sw/bioinfo/GeneMark/4.62-es/rackham/histogram.pl --cfg /domus/h1/mama5390/genome_analysis/genome_analysis/scripts/braker/GeneMark-ET/run.cfg --section initial_DUR
/sw/bioinfo/GeneMark/4.62-es/snowy/gmes_petap.pl : [Tue May  4 14:35:00 2021] /sw/bioinfo/GeneMark/4.62-es/rackham/histogram.pl --cfg /domus/h1/mama5390/genome_analysis/genome_analysis/scripts/braker/GeneMark-ET/run.cfg --section internal_DUR
/sw/bioinfo/GeneMark/4.62-es/snowy/gmes_petap.pl : [Tue May  4 14:35:01 2021] /sw/bioinfo/GeneMark/4.62-es/rackham/histogram.pl --cfg /domus/h1/mama5390/genome_analysis/genome_analysis/scripts/braker/GeneMark-ET/run.cfg --section terminal_DUR
/sw/bioinfo/GeneMark/4.62-es/snowy/gmes_petap.pl : [Tue May  4 14:35:02 2021] /sw/bioinfo/GeneMark/4.62-es/rackham/histogram.pl --cfg /domus/h1/mama5390/genome_analysis/genome_analysis/scripts/braker/GeneMark-ET/run.cfg --section single_DUR
/sw/bioinfo/GeneMark/4.62-es/snowy/gmes_petap.pl : [Tue May  4 14:35:02 2021] /sw/bioinfo/GeneMark/4.62-es/rackham/build_mod.pl --cfg /domus/h1/mama5390/genome_analysis/genome_analysis/scripts/braker/GeneMark-ET/run.cfg --section ET_B --def prev.mod  --out ET_B_1.mod 
/sw/bioinfo/GeneMark/4.62-es/snowy/gmes_petap.pl : [Tue May  4 14:35:02 2021] 1 contigs in training
/sw/bioinfo/GeneMark/4.62-es/snowy/gmes_petap.pl : [Tue May  4 14:36:18 2021] ln -sf /domus/h1/mama5390/genome_analysis/genome_analysis/scripts/braker/GeneMark-ET/run/ET_B_1/ET_B_1.mod  /domus/h1/mama5390/genome_analysis/genome_analysis/scripts/braker/GeneMark-ET/run/ET_C_1/prev.mod
/sw/bioinfo/GeneMark/4.62-es/snowy/gmes_petap.pl : [Tue May  4 14:36:18 2021] /sw/bioinfo/GeneMark/4.62-es/rackham/parse_ET.pl --section ET_C --cfg  /domus/h1/mama5390/genome_analysis/genome_analysis/scripts/braker/GeneMark-ET/run.cfg  --v
/sw/bioinfo/GeneMark/4.62-es/snowy/gmes_petap.pl : [Tue May  4 14:36:18 2021] /sw/bioinfo/GeneMark/4.62-es/rackham/make_nt_freq_mat.pl --cfg /domus/h1/mama5390/genome_analysis/genome_analysis/scripts/braker/GeneMark-ET/run.cfg --section start_ATG  --format INI
/sw/bioinfo/GeneMark/4.62-es/snowy/gmes_petap.pl : [Tue May  4 14:36:19 2021] /sw/bioinfo/GeneMark/4.62-es/rackham/make_nt_freq_mat.pl --cfg /domus/h1/mama5390/genome_analysis/genome_analysis/scripts/braker/GeneMark-ET/run.cfg --section stop_TAA   --format TERM_TAA
/sw/bioinfo/GeneMark/4.62-es/snowy/gmes_petap.pl : [Tue May  4 14:36:19 2021] /sw/bioinfo/GeneMark/4.62-es/rackham/make_nt_freq_mat.pl --cfg /domus/h1/mama5390/genome_analysis/genome_analysis/scripts/braker/GeneMark-ET/run.cfg --section stop_TAG   --format TERM_TAG
/sw/bioinfo/GeneMark/4.62-es/snowy/gmes_petap.pl : [Tue May  4 14:36:19 2021] /sw/bioinfo/GeneMark/4.62-es/rackham/make_nt_freq_mat.pl --cfg /domus/h1/mama5390/genome_analysis/genome_analysis/scripts/braker/GeneMark-ET/run.cfg --section stop_TGA   --format TERM_TGA
/sw/bioinfo/GeneMark/4.62-es/snowy/gmes_petap.pl : [Tue May  4 14:36:19 2021] /sw/bioinfo/GeneMark/4.62-es/rackham/probuild --cod cod.seq --non non.seq --mkmod_euk mkch    --MKCHAIN_L_MARGING 0  --MKCHAIN_R_MARGING 0  --MKCHAIN_PSEUDOCOUNTS 1  --MKCHAIN_PRECISION 8 --revcomp_non  --ORDM 5 
/sw/bioinfo/GeneMark/4.62-es/snowy/gmes_petap.pl : [Tue May  4 14:36:21 2021] /sw/bioinfo/GeneMark/4.62-es/rackham/histogram.pl --cfg /domus/h1/mama5390/genome_analysis/genome_analysis/scripts/braker/GeneMark-ET/run.cfg --section initial_DUR
/sw/bioinfo/GeneMark/4.62-es/snowy/gmes_petap.pl : [Tue May  4 14:36:22 2021] /sw/bioinfo/GeneMark/4.62-es/rackham/histogram.pl --cfg /domus/h1/mama5390/genome_analysis/genome_analysis/scripts/braker/GeneMark-ET/run.cfg --section internal_DUR
/sw/bioinfo/GeneMark/4.62-es/snowy/gmes_petap.pl : [Tue May  4 14:36:24 2021] /sw/bioinfo/GeneMark/4.62-es/rackham/histogram.pl --cfg /domus/h1/mama5390/genome_analysis/genome_analysis/scripts/braker/GeneMark-ET/run.cfg --section terminal_DUR
/sw/bioinfo/GeneMark/4.62-es/snowy/gmes_petap.pl : [Tue May  4 14:36:25 2021] /sw/bioinfo/GeneMark/4.62-es/rackham/histogram.pl --cfg /domus/h1/mama5390/genome_analysis/genome_analysis/scripts/braker/GeneMark-ET/run.cfg --section single_DUR
/sw/bioinfo/GeneMark/4.62-es/snowy/gmes_petap.pl : [Tue May  4 14:36:52 2021] /sw/bioinfo/GeneMark/4.62-es/rackham/histogram.pl --cfg /domus/h1/mama5390/genome_analysis/genome_analysis/scripts/braker/GeneMark-ET/run.cfg --section intergenic_DUR
/sw/bioinfo/GeneMark/4.62-es/snowy/gmes_petap.pl : [Tue May  4 14:36:52 2021] /sw/bioinfo/GeneMark/4.62-es/rackham/make_nt_freq_mat.pl --cfg /domus/h1/mama5390/genome_analysis/genome_analysis/scripts/braker/GeneMark-ET/run.cfg --section donor_GT    --format DONOR_0    --phase 0  --quiet
/sw/bioinfo/GeneMark/4.62-es/snowy/gmes_petap.pl : [Tue May  4 14:36:52 2021] /sw/bioinfo/GeneMark/4.62-es/rackham/make_nt_freq_mat.pl --cfg /domus/h1/mama5390/genome_analysis/genome_analysis/scripts/braker/GeneMark-ET/run.cfg --section acceptor_AG --format ACCEPTOR_0 --phase 0 
/sw/bioinfo/GeneMark/4.62-es/snowy/gmes_petap.pl : [Tue May  4 14:36:52 2021]  cat  GT.mat > donor.mat 
/sw/bioinfo/GeneMark/4.62-es/snowy/gmes_petap.pl : [Tue May  4 14:36:52 2021]  cat  AG.mat > acceptor.mat 
/sw/bioinfo/GeneMark/4.62-es/snowy/gmes_petap.pl : [Tue May  4 14:36:52 2021] /sw/bioinfo/GeneMark/4.62-es/rackham/make_nt_freq_mat.pl --cfg /domus/h1/mama5390/genome_analysis/genome_analysis/scripts/braker/GeneMark-ET/run.cfg --section donor_GT    --format DONOR_1    --phase 1  --quiet
/sw/bioinfo/GeneMark/4.62-es/snowy/gmes_petap.pl : [Tue May  4 14:36:52 2021] /sw/bioinfo/GeneMark/4.62-es/rackham/make_nt_freq_mat.pl --cfg /domus/h1/mama5390/genome_analysis/genome_analysis/scripts/braker/GeneMark-ET/run.cfg --section acceptor_AG --format ACCEPTOR_1 --phase 1 
/sw/bioinfo/GeneMark/4.62-es/snowy/gmes_petap.pl : [Tue May  4 14:36:52 2021]  cat  GT.mat >> donor.mat 
/sw/bioinfo/GeneMark/4.62-es/snowy/gmes_petap.pl : [Tue May  4 14:36:52 2021]  cat  AG.mat >> acceptor.mat 
/sw/bioinfo/GeneMark/4.62-es/snowy/gmes_petap.pl : [Tue May  4 14:36:53 2021] /sw/bioinfo/GeneMark/4.62-es/rackham/make_nt_freq_mat.pl --cfg /domus/h1/mama5390/genome_analysis/genome_analysis/scripts/braker/GeneMark-ET/run.cfg --section donor_GT    --format DONOR_2    --phase 2  --quiet
/sw/bioinfo/GeneMark/4.62-es/snowy/gmes_petap.pl : [Tue May  4 14:36:53 2021] error
/sw/bioinfo/GeneMark/4.62-es/snowy/gmes_petap.pl : [Tue May 11 18:05:05 2021] /sw/bioinfo/GeneMark/4.62-es/rackham/probuild --reformat_fasta --uppercase --allow_x --letters_per_line 60 --out data/dna.fna --label _dna --trace info/dna.trace --in /domus/h1/mama5390/genome_analysis/genome_analysis/scripts/braker/genome.fa  --mask_soft 1000 
/sw/bioinfo/GeneMark/4.62-es/snowy/gmes_petap.pl : [Tue May 11 18:05:05 2021] /sw/bioinfo/GeneMark/4.62-es/rackham/reformat_gff.pl --out data/et.gff  --trace info/dna.trace  --in /domus/h1/mama5390/genome_analysis/genome_analysis/scripts/braker/genemark_hintsfile.gff  --quiet
/sw/bioinfo/GeneMark/4.62-es/snowy/gmes_petap.pl : [Tue May 11 18:05:05 2021] /sw/bioinfo/GeneMark/4.62-es/rackham/probuild  --seq data/dna.fna  --allow_x  --stat info/dna.general  --details
/sw/bioinfo/GeneMark/4.62-es/snowy/gmes_petap.pl : [Tue May 11 18:05:05 2021] /sw/bioinfo/GeneMark/4.62-es/rackham/probuild  --seq data/dna.fna  --allow_x  --stat_fasta info/dna.multi_fasta
/sw/bioinfo/GeneMark/4.62-es/snowy/gmes_petap.pl : [Tue May 11 18:05:05 2021] /sw/bioinfo/GeneMark/4.62-es/rackham/probuild  --seq data/dna.fna  --allow_x  --substring_n_distr info/dna.gap_distr
/sw/bioinfo/GeneMark/4.62-es/snowy/gmes_petap.pl : [Tue May 11 18:05:05 2021] /sw/bioinfo/GeneMark/4.62-es/rackham/gc_distr.pl --in data/dna.fna  --out info/dna.gc.csv  --w 1000,8000
/sw/bioinfo/GeneMark/4.62-es/snowy/gmes_petap.pl : [Tue May 11 18:05:06 2021] /sw/bioinfo/GeneMark/4.62-es/rackham/probuild  --seq /domus/h1/mama5390/genome_analysis/genome_analysis/scripts/braker/GeneMark-ET/data/dna.fna  --split dna.fa  --max_contig 5000000 --min_contig 500 --letters_per_line 100 --split_at_n 5000 --split_at_x 5000 --allow_x --x_to_n  --trace ../../info/training.trace 
/sw/bioinfo/GeneMark/4.62-es/snowy/gmes_petap.pl : [Tue May 11 18:05:06 2021] /sw/bioinfo/GeneMark/4.62-es/rackham/rescale_gff.pl  --in data/et.gff  --trace info/training.trace  --out data/et_training.gff
/sw/bioinfo/GeneMark/4.62-es/snowy/gmes_petap.pl : [Tue May 11 18:05:06 2021] /sw/bioinfo/GeneMark/4.62-es/rackham/probuild --seq data/training.fna --stat info/training.general --allow_x  --GC_PRECISION 0  --details
/sw/bioinfo/GeneMark/4.62-es/snowy/gmes_petap.pl : [Tue May 11 18:05:06 2021] /sw/bioinfo/GeneMark/4.62-es/rackham/parse_by_introns.pl  --section ET_ini  --cfg  /domus/h1/mama5390/genome_analysis/genome_analysis/scripts/braker/GeneMark-ET/run.cfg  --parse_dir /domus/h1/mama5390/genome_analysis/genome_analysis/scripts/braker/GeneMark-ET/run/ET_ini
/sw/bioinfo/GeneMark/4.62-es/snowy/gmes_petap.pl : [Tue May 11 18:05:06 2021] /sw/bioinfo/GeneMark/4.62-es/rackham/make_nt_freq_mat.pl --cfg /domus/h1/mama5390/genome_analysis/genome_analysis/scripts/braker/GeneMark-ET/run.cfg --section donor_GT    --format DONOR 
/sw/bioinfo/GeneMark/4.62-es/snowy/gmes_petap.pl : [Tue May 11 18:05:06 2021] /sw/bioinfo/GeneMark/4.62-es/rackham/make_nt_freq_mat.pl --cfg /domus/h1/mama5390/genome_analysis/genome_analysis/scripts/braker/GeneMark-ET/run.cfg --section acceptor_AG --format ACCEPTOR 
/sw/bioinfo/GeneMark/4.62-es/snowy/gmes_petap.pl : [Tue May 11 18:05:08 2021] /sw/bioinfo/GeneMark/4.62-es/rackham/histogram.pl --cfg /domus/h1/mama5390/genome_analysis/genome_analysis/scripts/braker/GeneMark-ET/run.cfg --section intron_DUR
/sw/bioinfo/GeneMark/4.62-es/snowy/gmes_petap.pl : [Tue May 11 18:05:08 2021] /sw/bioinfo/GeneMark/4.62-es/rackham/build_mod.pl --cfg /domus/h1/mama5390/genome_analysis/genome_analysis/scripts/braker/GeneMark-ET/run.cfg  --section ET_ini --def /sw/bioinfo/GeneMark/4.62-es/rackham/heu_dir/heu_05_gcode_1_gc_45.mod 
/sw/bioinfo/GeneMark/4.62-es/snowy/gmes_petap.pl : [Tue May 11 18:05:08 2021] ln -sf  /domus/h1/mama5390/genome_analysis/genome_analysis/scripts/braker/GeneMark-ET/run/ET_ini/et_ini.mod  run/ini.mod
/sw/bioinfo/GeneMark/4.62-es/snowy/gmes_petap.pl : [Tue May 11 18:05:08 2021] 1 contigs in training
/sw/bioinfo/GeneMark/4.62-es/snowy/gmes_petap.pl : [Tue May 11 18:06:27 2021] ln -sf /domus/h1/mama5390/genome_analysis/genome_analysis/scripts/braker/GeneMark-ET/run/ET_ini/et_ini.mod  /domus/h1/mama5390/genome_analysis/genome_analysis/scripts/braker/GeneMark-ET/run/ET_A_1/prev.mod
/sw/bioinfo/GeneMark/4.62-es/snowy/gmes_petap.pl : [Tue May 11 18:06:27 2021] /sw/bioinfo/GeneMark/4.62-es/rackham/parse_ET.pl --section ET_A --cfg  /domus/h1/mama5390/genome_analysis/genome_analysis/scripts/braker/GeneMark-ET/run.cfg  --v
/sw/bioinfo/GeneMark/4.62-es/snowy/gmes_petap.pl : [Tue May 11 18:06:27 2021] /sw/bioinfo/GeneMark/4.62-es/rackham/make_nt_freq_mat.pl --cfg /domus/h1/mama5390/genome_analysis/genome_analysis/scripts/braker/GeneMark-ET/run.cfg --section start_ATG  --format INI
/sw/bioinfo/GeneMark/4.62-es/snowy/gmes_petap.pl : [Tue May 11 18:06:28 2021] /sw/bioinfo/GeneMark/4.62-es/rackham/make_nt_freq_mat.pl --cfg /domus/h1/mama5390/genome_analysis/genome_analysis/scripts/braker/GeneMark-ET/run.cfg --section stop_TAA   --format TERM_TAA
/sw/bioinfo/GeneMark/4.62-es/snowy/gmes_petap.pl : [Tue May 11 18:06:28 2021] error
/sw/bioinfo/GeneMark/4.62-es/snowy/gmes_petap.pl : [Tue May 11 18:16:33 2021] /sw/bioinfo/GeneMark/4.62-es/rackham/probuild --reformat_fasta --uppercase --allow_x --letters_per_line 60 --out data/dna.fna --label _dna --trace info/dna.trace --in /domus/h1/mama5390/genome_analysis/genome_analysis/scripts/braker/genome.fa  --mask_soft 1000 
/sw/bioinfo/GeneMark/4.62-es/snowy/gmes_petap.pl : [Tue May 11 18:16:33 2021] /sw/bioinfo/GeneMark/4.62-es/rackham/reformat_gff.pl --out data/et.gff  --trace info/dna.trace  --in /domus/h1/mama5390/genome_analysis/genome_analysis/scripts/braker/genemark_hintsfile.gff  --quiet
/sw/bioinfo/GeneMark/4.62-es/snowy/gmes_petap.pl : [Tue May 11 18:16:33 2021] /sw/bioinfo/GeneMark/4.62-es/rackham/probuild  --seq data/dna.fna  --allow_x  --stat info/dna.general  --details
/sw/bioinfo/GeneMark/4.62-es/snowy/gmes_petap.pl : [Tue May 11 18:16:33 2021] /sw/bioinfo/GeneMark/4.62-es/rackham/probuild  --seq data/dna.fna  --allow_x  --stat_fasta info/dna.multi_fasta
/sw/bioinfo/GeneMark/4.62-es/snowy/gmes_petap.pl : [Tue May 11 18:16:33 2021] /sw/bioinfo/GeneMark/4.62-es/rackham/probuild  --seq data/dna.fna  --allow_x  --substring_n_distr info/dna.gap_distr
/sw/bioinfo/GeneMark/4.62-es/snowy/gmes_petap.pl : [Tue May 11 18:16:33 2021] /sw/bioinfo/GeneMark/4.62-es/rackham/gc_distr.pl --in data/dna.fna  --out info/dna.gc.csv  --w 1000,8000
/sw/bioinfo/GeneMark/4.62-es/snowy/gmes_petap.pl : [Tue May 11 18:16:33 2021] /sw/bioinfo/GeneMark/4.62-es/rackham/probuild  --seq /domus/h1/mama5390/genome_analysis/genome_analysis/scripts/braker/GeneMark-ET/data/dna.fna  --split dna.fa  --max_contig 5000000 --min_contig 500 --letters_per_line 100 --split_at_n 5000 --split_at_x 5000 --allow_x --x_to_n  --trace ../../info/training.trace 
/sw/bioinfo/GeneMark/4.62-es/snowy/gmes_petap.pl : [Tue May 11 18:16:34 2021] /sw/bioinfo/GeneMark/4.62-es/rackham/rescale_gff.pl  --in data/et.gff  --trace info/training.trace  --out data/et_training.gff
/sw/bioinfo/GeneMark/4.62-es/snowy/gmes_petap.pl : [Tue May 11 18:16:34 2021] /sw/bioinfo/GeneMark/4.62-es/rackham/probuild --seq data/training.fna --stat info/training.general --allow_x  --GC_PRECISION 0  --details
/sw/bioinfo/GeneMark/4.62-es/snowy/gmes_petap.pl : [Tue May 11 18:16:34 2021] /sw/bioinfo/GeneMark/4.62-es/rackham/parse_by_introns.pl  --section ET_ini  --cfg  /domus/h1/mama5390/genome_analysis/genome_analysis/scripts/braker/GeneMark-ET/run.cfg  --parse_dir /domus/h1/mama5390/genome_analysis/genome_analysis/scripts/braker/GeneMark-ET/run/ET_ini
/sw/bioinfo/GeneMark/4.62-es/snowy/gmes_petap.pl : [Tue May 11 18:16:34 2021] /sw/bioinfo/GeneMark/4.62-es/rackham/make_nt_freq_mat.pl --cfg /domus/h1/mama5390/genome_analysis/genome_analysis/scripts/braker/GeneMark-ET/run.cfg --section donor_GT    --format DONOR 
/sw/bioinfo/GeneMark/4.62-es/snowy/gmes_petap.pl : [Tue May 11 18:16:34 2021] /sw/bioinfo/GeneMark/4.62-es/rackham/make_nt_freq_mat.pl --cfg /domus/h1/mama5390/genome_analysis/genome_analysis/scripts/braker/GeneMark-ET/run.cfg --section acceptor_AG --format ACCEPTOR 
/sw/bioinfo/GeneMark/4.62-es/snowy/gmes_petap.pl : [Tue May 11 18:16:36 2021] /sw/bioinfo/GeneMark/4.62-es/rackham/histogram.pl --cfg /domus/h1/mama5390/genome_analysis/genome_analysis/scripts/braker/GeneMark-ET/run.cfg --section intron_DUR
/sw/bioinfo/GeneMark/4.62-es/snowy/gmes_petap.pl : [Tue May 11 18:16:36 2021] /sw/bioinfo/GeneMark/4.62-es/rackham/build_mod.pl --cfg /domus/h1/mama5390/genome_analysis/genome_analysis/scripts/braker/GeneMark-ET/run.cfg  --section ET_ini --def /sw/bioinfo/GeneMark/4.62-es/rackham/heu_dir/heu_05_gcode_1_gc_45.mod 
/sw/bioinfo/GeneMark/4.62-es/snowy/gmes_petap.pl : [Tue May 11 18:16:36 2021] ln -sf  /domus/h1/mama5390/genome_analysis/genome_analysis/scripts/braker/GeneMark-ET/run/ET_ini/et_ini.mod  run/ini.mod
/sw/bioinfo/GeneMark/4.62-es/snowy/gmes_petap.pl : [Tue May 11 18:16:36 2021] 1 contigs in training
/sw/bioinfo/GeneMark/4.62-es/snowy/gmes_petap.pl : [Tue May 11 18:17:55 2021] ln -sf /domus/h1/mama5390/genome_analysis/genome_analysis/scripts/braker/GeneMark-ET/run/ET_ini/et_ini.mod  /domus/h1/mama5390/genome_analysis/genome_analysis/scripts/braker/GeneMark-ET/run/ET_A_1/prev.mod
/sw/bioinfo/GeneMark/4.62-es/snowy/gmes_petap.pl : [Tue May 11 18:17:55 2021] /sw/bioinfo/GeneMark/4.62-es/rackham/parse_ET.pl --section ET_A --cfg  /domus/h1/mama5390/genome_analysis/genome_analysis/scripts/braker/GeneMark-ET/run.cfg  --v
/sw/bioinfo/GeneMark/4.62-es/snowy/gmes_petap.pl : [Tue May 11 18:17:55 2021] /sw/bioinfo/GeneMark/4.62-es/rackham/make_nt_freq_mat.pl --cfg /domus/h1/mama5390/genome_analysis/genome_analysis/scripts/braker/GeneMark-ET/run.cfg --section start_ATG  --format INI
/sw/bioinfo/GeneMark/4.62-es/snowy/gmes_petap.pl : [Tue May 11 18:17:55 2021] /sw/bioinfo/GeneMark/4.62-es/rackham/make_nt_freq_mat.pl --cfg /domus/h1/mama5390/genome_analysis/genome_analysis/scripts/braker/GeneMark-ET/run.cfg --section stop_TAA   --format TERM_TAA
/sw/bioinfo/GeneMark/4.62-es/snowy/gmes_petap.pl : [Tue May 11 18:17:55 2021] error
/sw/bioinfo/GeneMark/4.62-es/snowy/gmes_petap.pl : [Tue May 11 18:37:10 2021] /sw/bioinfo/GeneMark/4.62-es/rackham/probuild --reformat_fasta --uppercase --allow_x --letters_per_line 60 --out data/dna.fna --label _dna --trace info/dna.trace --in /domus/h1/mama5390/genome_analysis/genome_analysis/scripts/braker/genome.fa  --mask_soft 1000 
/sw/bioinfo/GeneMark/4.62-es/snowy/gmes_petap.pl : [Tue May 11 18:37:10 2021] /sw/bioinfo/GeneMark/4.62-es/rackham/reformat_gff.pl --out data/et.gff  --trace info/dna.trace  --in /domus/h1/mama5390/genome_analysis/genome_analysis/scripts/braker/genemark_hintsfile.gff  --quiet
/sw/bioinfo/GeneMark/4.62-es/snowy/gmes_petap.pl : [Tue May 11 18:37:10 2021] /sw/bioinfo/GeneMark/4.62-es/rackham/probuild  --seq data/dna.fna  --allow_x  --stat info/dna.general  --details
/sw/bioinfo/GeneMark/4.62-es/snowy/gmes_petap.pl : [Tue May 11 18:37:11 2021] /sw/bioinfo/GeneMark/4.62-es/rackham/probuild  --seq data/dna.fna  --allow_x  --stat_fasta info/dna.multi_fasta
/sw/bioinfo/GeneMark/4.62-es/snowy/gmes_petap.pl : [Tue May 11 18:37:11 2021] /sw/bioinfo/GeneMark/4.62-es/rackham/probuild  --seq data/dna.fna  --allow_x  --substring_n_distr info/dna.gap_distr
/sw/bioinfo/GeneMark/4.62-es/snowy/gmes_petap.pl : [Tue May 11 18:37:11 2021] /sw/bioinfo/GeneMark/4.62-es/rackham/gc_distr.pl --in data/dna.fna  --out info/dna.gc.csv  --w 1000,8000
/sw/bioinfo/GeneMark/4.62-es/snowy/gmes_petap.pl : [Tue May 11 18:37:11 2021] /sw/bioinfo/GeneMark/4.62-es/rackham/probuild  --seq /domus/h1/mama5390/genome_analysis/genome_analysis/scripts/braker/GeneMark-ET/data/dna.fna  --split dna.fa  --max_contig 5000000 --min_contig 500 --letters_per_line 100 --split_at_n 5000 --split_at_x 5000 --allow_x --x_to_n  --trace ../../info/training.trace 
/sw/bioinfo/GeneMark/4.62-es/snowy/gmes_petap.pl : [Tue May 11 18:37:11 2021] /sw/bioinfo/GeneMark/4.62-es/rackham/rescale_gff.pl  --in data/et.gff  --trace info/training.trace  --out data/et_training.gff
/sw/bioinfo/GeneMark/4.62-es/snowy/gmes_petap.pl : [Tue May 11 18:37:11 2021] /sw/bioinfo/GeneMark/4.62-es/rackham/probuild --seq data/training.fna --stat info/training.general --allow_x  --GC_PRECISION 0  --details
/sw/bioinfo/GeneMark/4.62-es/snowy/gmes_petap.pl : [Tue May 11 18:37:12 2021] /sw/bioinfo/GeneMark/4.62-es/rackham/parse_by_introns.pl  --section ET_ini  --cfg  /domus/h1/mama5390/genome_analysis/genome_analysis/scripts/braker/GeneMark-ET/run.cfg  --parse_dir /domus/h1/mama5390/genome_analysis/genome_analysis/scripts/braker/GeneMark-ET/run/ET_ini
/sw/bioinfo/GeneMark/4.62-es/snowy/gmes_petap.pl : [Tue May 11 18:37:12 2021] /sw/bioinfo/GeneMark/4.62-es/rackham/make_nt_freq_mat.pl --cfg /domus/h1/mama5390/genome_analysis/genome_analysis/scripts/braker/GeneMark-ET/run.cfg --section donor_GT    --format DONOR 
/sw/bioinfo/GeneMark/4.62-es/snowy/gmes_petap.pl : [Tue May 11 18:37:12 2021] /sw/bioinfo/GeneMark/4.62-es/rackham/make_nt_freq_mat.pl --cfg /domus/h1/mama5390/genome_analysis/genome_analysis/scripts/braker/GeneMark-ET/run.cfg --section acceptor_AG --format ACCEPTOR 
/sw/bioinfo/GeneMark/4.62-es/snowy/gmes_petap.pl : [Tue May 11 18:37:13 2021] /sw/bioinfo/GeneMark/4.62-es/rackham/histogram.pl --cfg /domus/h1/mama5390/genome_analysis/genome_analysis/scripts/braker/GeneMark-ET/run.cfg --section intron_DUR
/sw/bioinfo/GeneMark/4.62-es/snowy/gmes_petap.pl : [Tue May 11 18:37:14 2021] /sw/bioinfo/GeneMark/4.62-es/rackham/build_mod.pl --cfg /domus/h1/mama5390/genome_analysis/genome_analysis/scripts/braker/GeneMark-ET/run.cfg  --section ET_ini --def /sw/bioinfo/GeneMark/4.62-es/rackham/heu_dir/heu_05_gcode_1_gc_45.mod 
/sw/bioinfo/GeneMark/4.62-es/snowy/gmes_petap.pl : [Tue May 11 18:37:14 2021] ln -sf  /domus/h1/mama5390/genome_analysis/genome_analysis/scripts/braker/GeneMark-ET/run/ET_ini/et_ini.mod  run/ini.mod
/sw/bioinfo/GeneMark/4.62-es/snowy/gmes_petap.pl : [Tue May 11 18:37:14 2021] 1 contigs in training
/sw/bioinfo/GeneMark/4.62-es/snowy/gmes_petap.pl : [Tue May 11 18:38:35 2021] ln -sf /domus/h1/mama5390/genome_analysis/genome_analysis/scripts/braker/GeneMark-ET/run/ET_ini/et_ini.mod  /domus/h1/mama5390/genome_analysis/genome_analysis/scripts/braker/GeneMark-ET/run/ET_A_1/prev.mod
/sw/bioinfo/GeneMark/4.62-es/snowy/gmes_petap.pl : [Tue May 11 18:38:35 2021] /sw/bioinfo/GeneMark/4.62-es/rackham/parse_ET.pl --section ET_A --cfg  /domus/h1/mama5390/genome_analysis/genome_analysis/scripts/braker/GeneMark-ET/run.cfg  --v
/sw/bioinfo/GeneMark/4.62-es/snowy/gmes_petap.pl : [Tue May 11 18:38:35 2021] /sw/bioinfo/GeneMark/4.62-es/rackham/make_nt_freq_mat.pl --cfg /domus/h1/mama5390/genome_analysis/genome_analysis/scripts/braker/GeneMark-ET/run.cfg --section start_ATG  --format INI
/sw/bioinfo/GeneMark/4.62-es/snowy/gmes_petap.pl : [Tue May 11 18:38:35 2021] /sw/bioinfo/GeneMark/4.62-es/rackham/make_nt_freq_mat.pl --cfg /domus/h1/mama5390/genome_analysis/genome_analysis/scripts/braker/GeneMark-ET/run.cfg --section stop_TAA   --format TERM_TAA
/sw/bioinfo/GeneMark/4.62-es/snowy/gmes_petap.pl : [Tue May 11 18:38:35 2021] error
