[2021-04-15 14:37:56,441] multiqc                                            [DEBUG  ]  No MultiQC config found: /sw/bioinfo/MultiQC/1.10.1/rackham/lib/python3.7/site-packages/multiqc_config.yaml
[2021-04-15 14:37:56,441] multiqc                                            [DEBUG  ]  No MultiQC config found: /home/mama5390/.multiqc_config.yaml
[2021-04-15 14:37:56,442] multiqc                                            [DEBUG  ]  No MultiQC config found: multiqc_config.yaml
[2021-04-15 14:37:56,442] multiqc                                            [DEBUG  ]  Command used: /sw/bioinfo/MultiQC/1.10.1/rackham/bin/multiqc .
[2021-04-15 14:37:57,251] multiqc                                            [DEBUG  ]  Latest MultiQC version is v1.10.1
[2021-04-15 14:37:57,251] multiqc                                            [INFO   ]  This is MultiQC v1.10.1
[2021-04-15 14:37:57,251] multiqc                                            [DEBUG  ]  Command     : /sw/bioinfo/MultiQC/1.10.1/rackham/bin/multiqc .
[2021-04-15 14:37:57,251] multiqc                                            [DEBUG  ]  Working dir : /domus/h1/mama5390/genome_analysis/genome_analysis/out_files/fastqc_rna_seq_trimmed/unzipped
[2021-04-15 14:37:57,251] multiqc                                            [INFO   ]  Template    : default
[2021-04-15 14:37:57,251] multiqc                                            [DEBUG  ]  Running Python 3.7.2 (default, Mar 14 2019, 18:52:14)  [GCC 4.8.5 20150623 (Red Hat 4.8.5-36)]
[2021-04-15 14:37:57,251] multiqc                                            [INFO   ]  Searching   : /domus/h1/mama5390/genome_analysis/genome_analysis/out_files/fastqc_rna_seq_trimmed/unzipped
[2021-04-15 14:37:57,252] multiqc                                            [DEBUG  ]  Analysing modules: custom_content, ngsderive, purple, conpair, peddy, somalier, methylQA, mosdepth, phantompeakqualtools, qualimap, preseq, quast, qorts, rna_seqc, rockhopper, rsem, rseqc, busco, goleft_indexcov, disambiguate, supernova, deeptools, sargasso, verifybamid, mirtrace, happy, mirtop, homer, hops, macs2, theta2, snpeff, gatk, htseq, bcftools, featureCounts, fgbio, dragen, dedup, damageprofiler, biobambam2, jcvi, mtnucratio, picard, sentieon, prokka, qc3C, samblaster, samtools, sexdeterrmine, eigenstratdatabasetools, bamtools, jellyfish, vcftools, longranger, stacks, varscan2, bbmap, bismark, biscuit, hicexplorer, hicup, hicpro, salmon, kallisto, slamdunk, star, hisat2, tophat, bowtie2, bowtie1, snpsplit, kat, leehom, adapterRemoval, clipandmerge, cutadapt, flexbar, kaiju, kraken, malt, trimmomatic, sickle, skewer, sortmerna, biobloomtools, fastq_screen, afterqc, fastp, fastqc, pychopper, pycoqc, minionqc, multivcfanalyzer, clusterflow, bcl2fastq, interop, ivar, flash, seqyclean, optitype
[2021-04-15 14:37:57,252] multiqc                                            [DEBUG  ]  Using temporary directory for creating report: /scratch/tmp6w9fohul
[2021-04-15 14:37:57,520] multiqc                                            [DEBUG  ]  Ignoring file as matched an ignore pattern: fastqc_report.html
[2021-04-15 14:37:57,535] multiqc                                            [DEBUG  ]  File ignored by hicexplorer because it exceeded search pattern filesize limit: fastqc.fo
[2021-04-15 14:37:57,545] multiqc                                            [DEBUG  ]  File ignored by longranger/invocation because it exceeded search pattern filesize limit: fastqc.fo
[2021-04-15 14:37:57,632] multiqc                                            [DEBUG  ]  Ignoring file as matched an ignore pattern: fastqc_report.html
[2021-04-15 14:37:57,650] multiqc                                            [DEBUG  ]  File ignored by hicexplorer because it exceeded search pattern filesize limit: fastqc.fo
[2021-04-15 14:37:57,659] multiqc                                            [DEBUG  ]  File ignored by longranger/invocation because it exceeded search pattern filesize limit: fastqc.fo
[2021-04-15 14:37:57,746] multiqc                                            [DEBUG  ]  Ignoring file as matched an ignore pattern: fastqc_report.html
[2021-04-15 14:37:57,768] multiqc                                            [DEBUG  ]  File ignored by hicexplorer because it exceeded search pattern filesize limit: fastqc.fo
[2021-04-15 14:37:57,780] multiqc                                            [DEBUG  ]  File ignored by longranger/invocation because it exceeded search pattern filesize limit: fastqc.fo
[2021-04-15 14:37:57,891] multiqc                                            [DEBUG  ]  Ignoring file as matched an ignore pattern: fastqc_report.html
[2021-04-15 14:37:57,908] multiqc                                            [DEBUG  ]  File ignored by hicexplorer because it exceeded search pattern filesize limit: fastqc.fo
[2021-04-15 14:37:57,916] multiqc                                            [DEBUG  ]  File ignored by longranger/invocation because it exceeded search pattern filesize limit: fastqc.fo
[2021-04-15 14:37:58,789] multiqc.plots.bargraph                             [DEBUG  ]  Using matplotlib version 3.0.3
[2021-04-15 14:37:58,790] multiqc.plots.linegraph                            [DEBUG  ]  Using matplotlib version 3.0.3
[2021-04-15 14:37:58,792] multiqc                                            [DEBUG  ]  No samples found: custom_content
[2021-04-15 14:37:58,800] multiqc                                            [DEBUG  ]  No samples found: ngsderive
[2021-04-15 14:37:58,807] multiqc                                            [DEBUG  ]  No samples found: purple
[2021-04-15 14:37:58,814] multiqc                                            [DEBUG  ]  No samples found: conpair
[2021-04-15 14:37:58,821] multiqc                                            [DEBUG  ]  No samples found: peddy
[2021-04-15 14:37:58,828] multiqc                                            [DEBUG  ]  No samples found: somalier
[2021-04-15 14:37:58,834] multiqc                                            [DEBUG  ]  No samples found: methylQA
[2021-04-15 14:37:58,845] multiqc                                            [DEBUG  ]  No samples found: mosdepth
[2021-04-15 14:37:58,852] multiqc                                            [DEBUG  ]  No samples found: phantompeakqualtools
[2021-04-15 14:37:58,856] multiqc                                            [DEBUG  ]  No samples found: qualimap
[2021-04-15 14:37:58,863] multiqc                                            [DEBUG  ]  No samples found: preseq
[2021-04-15 14:37:58,870] multiqc                                            [DEBUG  ]  No samples found: quast
[2021-04-15 14:37:58,877] multiqc                                            [DEBUG  ]  No samples found: qorts
[2021-04-15 14:37:58,883] multiqc                                            [DEBUG  ]  No samples found: rna_seqc
[2021-04-15 14:37:58,890] multiqc                                            [DEBUG  ]  No samples found: rockhopper
[2021-04-15 14:37:58,897] multiqc                                            [DEBUG  ]  No samples found: rsem
[2021-04-15 14:37:58,912] multiqc                                            [DEBUG  ]  No samples found: rseqc
[2021-04-15 14:37:58,919] multiqc                                            [DEBUG  ]  No samples found: busco
[2021-04-15 14:37:58,926] multiqc                                            [DEBUG  ]  No samples found: goleft_indexcov
[2021-04-15 14:37:58,933] multiqc                                            [DEBUG  ]  No samples found: disambiguate
[2021-04-15 14:37:58,940] multiqc                                            [DEBUG  ]  No samples found: supernova
[2021-04-15 14:37:58,956] multiqc                                            [DEBUG  ]  No samples found: deeptools
[2021-04-15 14:37:58,963] multiqc                                            [DEBUG  ]  No samples found: sargasso
[2021-04-15 14:37:58,970] multiqc                                            [DEBUG  ]  No samples found: verifybamid
[2021-04-15 14:37:58,976] multiqc                                            [DEBUG  ]  No samples found: mirtrace
[2021-04-15 14:37:58,983] multiqc                                            [DEBUG  ]  No samples found: happy
[2021-04-15 14:37:58,990] multiqc                                            [DEBUG  ]  No samples found: mirtop
[2021-04-15 14:37:58,999] multiqc                                            [DEBUG  ]  No samples found: homer
[2021-04-15 14:37:59,007] multiqc                                            [DEBUG  ]  No samples found: hops
[2021-04-15 14:37:59,013] multiqc                                            [DEBUG  ]  No samples found: macs2
[2021-04-15 14:37:59,020] multiqc                                            [DEBUG  ]  No samples found: theta2
[2021-04-15 14:37:59,027] multiqc                                            [DEBUG  ]  No samples found: snpeff
[2021-04-15 14:37:59,036] multiqc                                            [DEBUG  ]  No samples found: gatk
[2021-04-15 14:37:59,043] multiqc                                            [DEBUG  ]  No samples found: htseq
[2021-04-15 14:37:59,051] multiqc                                            [DEBUG  ]  No samples found: bcftools
[2021-04-15 14:37:59,057] multiqc                                            [DEBUG  ]  No samples found: featureCounts
[2021-04-15 14:37:59,070] multiqc                                            [DEBUG  ]  No samples found: fgbio
[2021-04-15 14:37:59,086] multiqc                                            [DEBUG  ]  No samples found: dragen
[2021-04-15 14:37:59,093] multiqc                                            [DEBUG  ]  No samples found: dedup
[2021-04-15 14:37:59,102] multiqc                                            [DEBUG  ]  No samples found: damageprofiler
[2021-04-15 14:37:59,133] multiqc                                            [DEBUG  ]  No samples found: biobambam2
[2021-04-15 14:37:59,140] multiqc                                            [DEBUG  ]  No samples found: jcvi
[2021-04-15 14:37:59,147] multiqc                                            [DEBUG  ]  No samples found: mtnucratio
[2021-04-15 14:37:59,151] multiqc                                            [DEBUG  ]  No samples found: picard
[2021-04-15 14:37:59,161] multiqc                                            [DEBUG  ]  No samples found: sentieon
[2021-04-15 14:37:59,168] multiqc                                            [DEBUG  ]  No samples found: prokka
[2021-04-15 14:37:59,175] multiqc                                            [DEBUG  ]  No samples found: qc3C
[2021-04-15 14:37:59,181] multiqc                                            [DEBUG  ]  No samples found: samblaster
[2021-04-15 14:37:59,192] multiqc                                            [DEBUG  ]  No samples found: samtools
[2021-04-15 14:37:59,200] multiqc                                            [DEBUG  ]  No samples found: sexdeterrmine
[2021-04-15 14:37:59,207] multiqc                                            [DEBUG  ]  No samples found: eigenstratdatabasetools
[2021-04-15 14:37:59,215] multiqc                                            [DEBUG  ]  No samples found: bamtools
[2021-04-15 14:37:59,222] multiqc                                            [DEBUG  ]  No samples found: jellyfish
[2021-04-15 14:37:59,233] multiqc                                            [DEBUG  ]  No samples found: vcftools
[2021-04-15 14:37:59,240] multiqc                                            [DEBUG  ]  No samples found: longranger
[2021-04-15 14:37:59,247] multiqc                                            [DEBUG  ]  No samples found: stacks
[2021-04-15 14:37:59,254] multiqc                                            [DEBUG  ]  No samples found: varscan2
[2021-04-15 14:37:59,272] multiqc                                            [DEBUG  ]  No samples found: bbmap
[2021-04-15 14:37:59,279] multiqc                                            [DEBUG  ]  No samples found: bismark
[2021-04-15 14:37:59,287] multiqc                                            [DEBUG  ]  No samples found: biscuit
[2021-04-15 14:37:59,295] multiqc                                            [DEBUG  ]  No samples found: hicexplorer
[2021-04-15 14:37:59,304] multiqc                                            [DEBUG  ]  No samples found: hicup
[2021-04-15 14:37:59,311] multiqc                                            [DEBUG  ]  No samples found: hicpro
[2021-04-15 14:37:59,318] multiqc                                            [DEBUG  ]  No samples found: salmon
[2021-04-15 14:37:59,325] multiqc                                            [DEBUG  ]  No samples found: kallisto
[2021-04-15 14:37:59,332] multiqc                                            [DEBUG  ]  No samples found: slamdunk
[2021-04-15 14:37:59,339] multiqc                                            [DEBUG  ]  No samples found: star
[2021-04-15 14:37:59,346] multiqc                                            [DEBUG  ]  No samples found: hisat2
[2021-04-15 14:37:59,353] multiqc                                            [DEBUG  ]  No samples found: tophat
[2021-04-15 14:37:59,360] multiqc                                            [DEBUG  ]  No samples found: bowtie2
[2021-04-15 14:37:59,367] multiqc                                            [DEBUG  ]  No samples found: bowtie1
[2021-04-15 14:37:59,374] multiqc                                            [DEBUG  ]  No samples found: snpsplit
[2021-04-15 14:37:59,381] multiqc                                            [DEBUG  ]  No samples found: kat
[2021-04-15 14:37:59,388] multiqc                                            [DEBUG  ]  No samples found: leehom
[2021-04-15 14:37:59,396] multiqc                                            [DEBUG  ]  No samples found: adapterRemoval
[2021-04-15 14:37:59,405] multiqc                                            [DEBUG  ]  No samples found: clipandmerge
[2021-04-15 14:37:59,412] multiqc                                            [DEBUG  ]  No samples found: cutadapt
[2021-04-15 14:37:59,419] multiqc                                            [DEBUG  ]  No samples found: flexbar
[2021-04-15 14:37:59,426] multiqc                                            [DEBUG  ]  No samples found: kaiju
[2021-04-15 14:37:59,434] multiqc                                            [DEBUG  ]  No samples found: kraken
[2021-04-15 14:37:59,441] multiqc                                            [DEBUG  ]  No samples found: malt
[2021-04-15 14:37:59,447] multiqc                                            [DEBUG  ]  No samples found: trimmomatic
[2021-04-15 14:37:59,454] multiqc                                            [DEBUG  ]  No samples found: sickle
[2021-04-15 14:37:59,461] multiqc                                            [DEBUG  ]  No samples found: skewer
[2021-04-15 14:37:59,468] multiqc                                            [DEBUG  ]  No samples found: sortmerna
[2021-04-15 14:37:59,475] multiqc                                            [DEBUG  ]  No samples found: biobloomtools
[2021-04-15 14:37:59,482] multiqc                                            [DEBUG  ]  No samples found: fastq_screen
[2021-04-15 14:37:59,489] multiqc                                            [DEBUG  ]  No samples found: afterqc
[2021-04-15 14:37:59,497] multiqc                                            [DEBUG  ]  No samples found: fastp
[2021-04-15 14:37:59,606] multiqc.modules.fastqc.fastqc                      [INFO   ]  Found 4 reports
[2021-04-15 14:37:59,733] multiqc                                            [DEBUG  ]  No samples found: pychopper
[2021-04-15 14:37:59,740] multiqc                                            [DEBUG  ]  No samples found: pycoqc
[2021-04-15 14:37:59,747] multiqc                                            [DEBUG  ]  No samples found: minionqc
[2021-04-15 14:37:59,754] multiqc                                            [DEBUG  ]  No samples found: multivcfanalyzer
[2021-04-15 14:37:59,761] multiqc                                            [DEBUG  ]  No samples found: clusterflow
[2021-04-15 14:37:59,768] multiqc                                            [DEBUG  ]  No samples found: bcl2fastq
[2021-04-15 14:37:59,775] multiqc                                            [DEBUG  ]  No samples found: interop
[2021-04-15 14:37:59,782] multiqc                                            [DEBUG  ]  No samples found: ivar
[2021-04-15 14:37:59,789] multiqc                                            [DEBUG  ]  No samples found: flash
[2021-04-15 14:37:59,796] multiqc                                            [DEBUG  ]  No samples found: seqyclean
[2021-04-15 14:37:59,803] multiqc                                            [DEBUG  ]  No samples found: optitype
[2021-04-15 14:37:59,811] multiqc                                            [INFO   ]  Compressing plot data
[2021-04-15 14:37:59,903] multiqc                                            [INFO   ]  Report      : multiqc_report.html
[2021-04-15 14:37:59,904] multiqc                                            [INFO   ]  Data        : multiqc_data
[2021-04-15 14:37:59,904] multiqc                                            [DEBUG  ]  Moving data file from '/scratch/tmp6w9fohul/multiqc_data' to '/domus/h1/mama5390/genome_analysis/genome_analysis/out_files/fastqc_rna_seq_trimmed/unzipped/multiqc_data'
[2021-04-15 14:38:00,086] multiqc                                            [INFO   ]  MultiQC complete
