[2021-05-20 10:11:24,625] multiqc                                            [DEBUG  ]  No MultiQC config found: /sw/bioinfo/MultiQC/1.10.1/rackham/lib/python3.7/site-packages/multiqc_config.yaml
[2021-05-20 10:11:24,626] multiqc                                            [DEBUG  ]  No MultiQC config found: /home/mama5390/.multiqc_config.yaml
[2021-05-20 10:11:24,626] multiqc                                            [DEBUG  ]  No MultiQC config found: multiqc_config.yaml
[2021-05-20 10:11:24,626] multiqc                                            [DEBUG  ]  Command used: /sw/bioinfo/MultiQC/1.10.1/rackham/bin/multiqc .
[2021-05-20 10:11:24,887] multiqc                                            [DEBUG  ]  Latest MultiQC version is v1.10.1
[2021-05-20 10:11:24,887] multiqc                                            [INFO   ]  This is MultiQC v1.10.1
[2021-05-20 10:11:24,887] multiqc                                            [DEBUG  ]  Command     : /sw/bioinfo/MultiQC/1.10.1/rackham/bin/multiqc .
[2021-05-20 10:11:24,887] multiqc                                            [DEBUG  ]  Working dir : /domus/h1/mama5390/genome_analysis/genome_analysis/out_files/fastqc_wgs
[2021-05-20 10:11:24,887] multiqc                                            [INFO   ]  Template    : default
[2021-05-20 10:11:24,888] multiqc                                            [DEBUG  ]  Running Python 3.7.2 (default, Mar 14 2019, 18:52:14)  [GCC 4.8.5 20150623 (Red Hat 4.8.5-36)]
[2021-05-20 10:11:24,888] multiqc                                            [INFO   ]  Searching   : /domus/h1/mama5390/genome_analysis/genome_analysis/out_files/fastqc_wgs
[2021-05-20 10:11:24,888] multiqc                                            [DEBUG  ]  Analysing modules: custom_content, ngsderive, purple, conpair, peddy, somalier, methylQA, mosdepth, phantompeakqualtools, qualimap, preseq, quast, qorts, rna_seqc, rockhopper, rsem, rseqc, busco, goleft_indexcov, disambiguate, supernova, deeptools, sargasso, verifybamid, mirtrace, happy, mirtop, homer, hops, macs2, theta2, snpeff, gatk, htseq, bcftools, featureCounts, fgbio, dragen, dedup, damageprofiler, biobambam2, jcvi, mtnucratio, picard, sentieon, prokka, qc3C, samblaster, samtools, sexdeterrmine, eigenstratdatabasetools, bamtools, jellyfish, vcftools, longranger, stacks, varscan2, bbmap, bismark, biscuit, hicexplorer, hicup, hicpro, salmon, kallisto, slamdunk, star, hisat2, tophat, bowtie2, bowtie1, snpsplit, kat, leehom, adapterRemoval, clipandmerge, cutadapt, flexbar, kaiju, kraken, malt, trimmomatic, sickle, skewer, sortmerna, biobloomtools, fastq_screen, afterqc, fastp, fastqc, pychopper, pycoqc, minionqc, multivcfanalyzer, clusterflow, bcl2fastq, interop, ivar, flash, seqyclean, optitype
[2021-05-20 10:11:24,888] multiqc                                            [DEBUG  ]  Using temporary directory for creating report: /scratch/tmpd0wj5hyw
[2021-05-20 10:11:25,140] multiqc                                            [DEBUG  ]  File ignored by hicexplorer because it exceeded search pattern filesize limit: sel3_SRR5819794_trim_1U_fastqc.html
[2021-05-20 10:11:25,150] multiqc                                            [DEBUG  ]  File ignored by longranger/invocation because it exceeded search pattern filesize limit: sel3_SRR5819794_trim_1U_fastqc.html
[2021-05-20 10:11:25,247] multiqc                                            [DEBUG  ]  File ignored by hicexplorer because it exceeded search pattern filesize limit: sel3_SRR5819794_trim_2P_fastqc.html
[2021-05-20 10:11:25,255] multiqc                                            [DEBUG  ]  File ignored by longranger/invocation because it exceeded search pattern filesize limit: sel3_SRR5819794_trim_2P_fastqc.html
[2021-05-20 10:11:25,337] multiqc                                            [DEBUG  ]  File ignored by hicexplorer because it exceeded search pattern filesize limit: sel3_SRR5819794_trim_2U_fastqc.html
[2021-05-20 10:11:25,344] multiqc                                            [DEBUG  ]  File ignored by longranger/invocation because it exceeded search pattern filesize limit: sel3_SRR5819794_trim_2U_fastqc.html
[2021-05-20 10:11:25,431] multiqc                                            [DEBUG  ]  File ignored by hicexplorer because it exceeded search pattern filesize limit: sel3_SRR5819795_trim_1P_fastqc.html
[2021-05-20 10:11:25,438] multiqc                                            [DEBUG  ]  File ignored by longranger/invocation because it exceeded search pattern filesize limit: sel3_SRR5819795_trim_1P_fastqc.html
[2021-05-20 10:11:25,534] multiqc                                            [DEBUG  ]  File ignored by hicexplorer because it exceeded search pattern filesize limit: sel3_SRR5819795_trim_1U_fastqc.html
[2021-05-20 10:11:25,541] multiqc                                            [DEBUG  ]  File ignored by longranger/invocation because it exceeded search pattern filesize limit: sel3_SRR5819795_trim_1U_fastqc.html
[2021-05-20 10:11:25,623] multiqc                                            [DEBUG  ]  File ignored by hicexplorer because it exceeded search pattern filesize limit: sel3_SRR5819795_trim_2P_fastqc.html
[2021-05-20 10:11:25,630] multiqc                                            [DEBUG  ]  File ignored by longranger/invocation because it exceeded search pattern filesize limit: sel3_SRR5819795_trim_2P_fastqc.html
[2021-05-20 10:11:25,711] multiqc                                            [DEBUG  ]  File ignored by hicexplorer because it exceeded search pattern filesize limit: sel3_SRR5819795_trim_2U_fastqc.html
[2021-05-20 10:11:25,718] multiqc                                            [DEBUG  ]  File ignored by longranger/invocation because it exceeded search pattern filesize limit: sel3_SRR5819795_trim_2U_fastqc.html
[2021-05-20 10:11:25,800] multiqc                                            [DEBUG  ]  File ignored by hicexplorer because it exceeded search pattern filesize limit: sel3_SRR5819796_trim_1P_fastqc.html
[2021-05-20 10:11:25,807] multiqc                                            [DEBUG  ]  File ignored by longranger/invocation because it exceeded search pattern filesize limit: sel3_SRR5819796_trim_1P_fastqc.html
[2021-05-20 10:11:25,892] multiqc                                            [DEBUG  ]  File ignored by hicexplorer because it exceeded search pattern filesize limit: sel3_SRR5819796_trim_1U_fastqc.html
[2021-05-20 10:11:25,899] multiqc                                            [DEBUG  ]  File ignored by longranger/invocation because it exceeded search pattern filesize limit: sel3_SRR5819796_trim_1U_fastqc.html
[2021-05-20 10:11:25,986] multiqc                                            [DEBUG  ]  File ignored by hicexplorer because it exceeded search pattern filesize limit: sel3_SRR5819796_trim_2P_fastqc.html
[2021-05-20 10:11:25,995] multiqc                                            [DEBUG  ]  File ignored by longranger/invocation because it exceeded search pattern filesize limit: sel3_SRR5819796_trim_2P_fastqc.html
[2021-05-20 10:11:26,073] multiqc                                            [DEBUG  ]  File ignored by hicexplorer because it exceeded search pattern filesize limit: sel3_SRR5819796_trim_2U_fastqc.html
[2021-05-20 10:11:26,080] multiqc                                            [DEBUG  ]  File ignored by longranger/invocation because it exceeded search pattern filesize limit: sel3_SRR5819796_trim_2U_fastqc.html
[2021-05-20 10:11:26,163] multiqc                                            [DEBUG  ]  File ignored by hicexplorer because it exceeded search pattern filesize limit: sel3_SRR5819797_trim_1P_fastqc.html
[2021-05-20 10:11:26,170] multiqc                                            [DEBUG  ]  File ignored by longranger/invocation because it exceeded search pattern filesize limit: sel3_SRR5819797_trim_1P_fastqc.html
[2021-05-20 10:11:26,265] multiqc                                            [DEBUG  ]  File ignored by hicexplorer because it exceeded search pattern filesize limit: sel3_SRR5819797_trim_1U_fastqc.html
[2021-05-20 10:11:26,273] multiqc                                            [DEBUG  ]  File ignored by longranger/invocation because it exceeded search pattern filesize limit: sel3_SRR5819797_trim_1U_fastqc.html
[2021-05-20 10:11:26,362] multiqc                                            [DEBUG  ]  File ignored by hicexplorer because it exceeded search pattern filesize limit: sel3_SRR5819797_trim_2P_fastqc.html
[2021-05-20 10:11:26,370] multiqc                                            [DEBUG  ]  File ignored by longranger/invocation because it exceeded search pattern filesize limit: sel3_SRR5819797_trim_2P_fastqc.html
[2021-05-20 10:11:26,447] multiqc                                            [DEBUG  ]  File ignored by hicexplorer because it exceeded search pattern filesize limit: sel3_SRR5819797_trim_2U_fastqc.html
[2021-05-20 10:11:26,456] multiqc                                            [DEBUG  ]  File ignored by longranger/invocation because it exceeded search pattern filesize limit: sel3_SRR5819797_trim_2U_fastqc.html
[2021-05-20 10:11:26,532] multiqc                                            [DEBUG  ]  File ignored by hicexplorer because it exceeded search pattern filesize limit: sel3_SRR5819798_trim_1P_fastqc.html
[2021-05-20 10:11:26,539] multiqc                                            [DEBUG  ]  File ignored by longranger/invocation because it exceeded search pattern filesize limit: sel3_SRR5819798_trim_1P_fastqc.html
[2021-05-20 10:11:26,625] multiqc                                            [DEBUG  ]  File ignored by hicexplorer because it exceeded search pattern filesize limit: sel3_SRR5819798_trim_1U_fastqc.html
[2021-05-20 10:11:26,632] multiqc                                            [DEBUG  ]  File ignored by longranger/invocation because it exceeded search pattern filesize limit: sel3_SRR5819798_trim_1U_fastqc.html
[2021-05-20 10:11:26,711] multiqc                                            [DEBUG  ]  File ignored by hicexplorer because it exceeded search pattern filesize limit: sel3_SRR5819798_trim_2P_fastqc.html
[2021-05-20 10:11:26,720] multiqc                                            [DEBUG  ]  File ignored by longranger/invocation because it exceeded search pattern filesize limit: sel3_SRR5819798_trim_2P_fastqc.html
[2021-05-20 10:11:26,799] multiqc                                            [DEBUG  ]  File ignored by hicexplorer because it exceeded search pattern filesize limit: sel3_SRR5819798_trim_2U_fastqc.html
[2021-05-20 10:11:26,806] multiqc                                            [DEBUG  ]  File ignored by longranger/invocation because it exceeded search pattern filesize limit: sel3_SRR5819798_trim_2U_fastqc.html
[2021-05-20 10:11:26,894] multiqc                                            [DEBUG  ]  File ignored by hicexplorer because it exceeded search pattern filesize limit: sel3_SRR5819799_trim_1P_fastqc.html
[2021-05-20 10:11:26,901] multiqc                                            [DEBUG  ]  File ignored by longranger/invocation because it exceeded search pattern filesize limit: sel3_SRR5819799_trim_1P_fastqc.html
[2021-05-20 10:11:26,975] multiqc                                            [DEBUG  ]  File ignored by hicexplorer because it exceeded search pattern filesize limit: sel3_SRR5819799_trim_2P_fastqc.html
[2021-05-20 10:11:26,982] multiqc                                            [DEBUG  ]  File ignored by longranger/invocation because it exceeded search pattern filesize limit: sel3_SRR5819799_trim_2P_fastqc.html
[2021-05-20 10:11:27,060] multiqc                                            [DEBUG  ]  File ignored by hicexplorer because it exceeded search pattern filesize limit: sel3_SRR5819799_trim_2U_fastqc.html
[2021-05-20 10:11:27,069] multiqc                                            [DEBUG  ]  File ignored by longranger/invocation because it exceeded search pattern filesize limit: sel3_SRR5819799_trim_2U_fastqc.html
[2021-05-20 10:11:27,157] multiqc                                            [DEBUG  ]  File ignored by hicexplorer because it exceeded search pattern filesize limit: sel3_SRR5819794_trim_1P_fastqc.html
[2021-05-20 10:11:27,165] multiqc                                            [DEBUG  ]  File ignored by longranger/invocation because it exceeded search pattern filesize limit: sel3_SRR5819794_trim_1P_fastqc.html
[2021-05-20 10:11:27,241] multiqc                                            [DEBUG  ]  File ignored by hicexplorer because it exceeded search pattern filesize limit: sel3_SRR5819799_trim_1U_fastqc.html
[2021-05-20 10:11:27,249] multiqc                                            [DEBUG  ]  File ignored by longranger/invocation because it exceeded search pattern filesize limit: sel3_SRR5819799_trim_1U_fastqc.html
[2021-05-20 10:11:28,059] multiqc.plots.bargraph                             [DEBUG  ]  Using matplotlib version 3.0.3
[2021-05-20 10:11:28,060] multiqc.plots.linegraph                            [DEBUG  ]  Using matplotlib version 3.0.3
[2021-05-20 10:11:28,063] multiqc                                            [DEBUG  ]  No samples found: custom_content
[2021-05-20 10:11:28,070] multiqc                                            [DEBUG  ]  No samples found: ngsderive
[2021-05-20 10:11:28,077] multiqc                                            [DEBUG  ]  No samples found: purple
[2021-05-20 10:11:28,084] multiqc                                            [DEBUG  ]  No samples found: conpair
[2021-05-20 10:11:28,091] multiqc                                            [DEBUG  ]  No samples found: peddy
[2021-05-20 10:11:28,098] multiqc                                            [DEBUG  ]  No samples found: somalier
[2021-05-20 10:11:28,105] multiqc                                            [DEBUG  ]  No samples found: methylQA
[2021-05-20 10:11:28,116] multiqc                                            [DEBUG  ]  No samples found: mosdepth
[2021-05-20 10:11:28,122] multiqc                                            [DEBUG  ]  No samples found: phantompeakqualtools
[2021-05-20 10:11:28,127] multiqc                                            [DEBUG  ]  No samples found: qualimap
[2021-05-20 10:11:28,134] multiqc                                            [DEBUG  ]  No samples found: preseq
[2021-05-20 10:11:28,141] multiqc                                            [DEBUG  ]  No samples found: quast
[2021-05-20 10:11:28,148] multiqc                                            [DEBUG  ]  No samples found: qorts
[2021-05-20 10:11:28,155] multiqc                                            [DEBUG  ]  No samples found: rna_seqc
[2021-05-20 10:11:28,163] multiqc                                            [DEBUG  ]  No samples found: rockhopper
[2021-05-20 10:11:28,170] multiqc                                            [DEBUG  ]  No samples found: rsem
[2021-05-20 10:11:28,185] multiqc                                            [DEBUG  ]  No samples found: rseqc
[2021-05-20 10:11:28,192] multiqc                                            [DEBUG  ]  No samples found: busco
[2021-05-20 10:11:28,199] multiqc                                            [DEBUG  ]  No samples found: goleft_indexcov
[2021-05-20 10:11:28,205] multiqc                                            [DEBUG  ]  No samples found: disambiguate
[2021-05-20 10:11:28,212] multiqc                                            [DEBUG  ]  No samples found: supernova
[2021-05-20 10:11:28,228] multiqc                                            [DEBUG  ]  No samples found: deeptools
[2021-05-20 10:11:28,234] multiqc                                            [DEBUG  ]  No samples found: sargasso
[2021-05-20 10:11:28,242] multiqc                                            [DEBUG  ]  No samples found: verifybamid
[2021-05-20 10:11:28,249] multiqc                                            [DEBUG  ]  No samples found: mirtrace
[2021-05-20 10:11:28,256] multiqc                                            [DEBUG  ]  No samples found: happy
[2021-05-20 10:11:28,263] multiqc                                            [DEBUG  ]  No samples found: mirtop
[2021-05-20 10:11:28,272] multiqc                                            [DEBUG  ]  No samples found: homer
[2021-05-20 10:11:28,279] multiqc                                            [DEBUG  ]  No samples found: hops
[2021-05-20 10:11:28,286] multiqc                                            [DEBUG  ]  No samples found: macs2
[2021-05-20 10:11:28,292] multiqc                                            [DEBUG  ]  No samples found: theta2
[2021-05-20 10:11:28,299] multiqc                                            [DEBUG  ]  No samples found: snpeff
[2021-05-20 10:11:28,308] multiqc                                            [DEBUG  ]  No samples found: gatk
[2021-05-20 10:11:28,315] multiqc                                            [DEBUG  ]  No samples found: htseq
[2021-05-20 10:11:28,323] multiqc                                            [DEBUG  ]  No samples found: bcftools
[2021-05-20 10:11:28,330] multiqc                                            [DEBUG  ]  No samples found: featureCounts
[2021-05-20 10:11:28,342] multiqc                                            [DEBUG  ]  No samples found: fgbio
[2021-05-20 10:11:28,357] multiqc                                            [DEBUG  ]  No samples found: dragen
[2021-05-20 10:11:28,365] multiqc                                            [DEBUG  ]  No samples found: dedup
[2021-05-20 10:11:28,372] multiqc                                            [DEBUG  ]  No samples found: damageprofiler
[2021-05-20 10:11:28,398] multiqc                                            [DEBUG  ]  No samples found: biobambam2
[2021-05-20 10:11:28,406] multiqc                                            [DEBUG  ]  No samples found: jcvi
[2021-05-20 10:11:28,412] multiqc                                            [DEBUG  ]  No samples found: mtnucratio
[2021-05-20 10:11:28,416] multiqc                                            [DEBUG  ]  No samples found: picard
[2021-05-20 10:11:28,426] multiqc                                            [DEBUG  ]  No samples found: sentieon
[2021-05-20 10:11:28,433] multiqc                                            [DEBUG  ]  No samples found: prokka
[2021-05-20 10:11:28,441] multiqc                                            [DEBUG  ]  No samples found: qc3C
[2021-05-20 10:11:28,449] multiqc                                            [DEBUG  ]  No samples found: samblaster
[2021-05-20 10:11:28,461] multiqc                                            [DEBUG  ]  No samples found: samtools
[2021-05-20 10:11:28,468] multiqc                                            [DEBUG  ]  No samples found: sexdeterrmine
[2021-05-20 10:11:28,475] multiqc                                            [DEBUG  ]  No samples found: eigenstratdatabasetools
[2021-05-20 10:11:28,483] multiqc                                            [DEBUG  ]  No samples found: bamtools
[2021-05-20 10:11:28,491] multiqc                                            [DEBUG  ]  No samples found: jellyfish
[2021-05-20 10:11:28,512] multiqc                                            [DEBUG  ]  No samples found: vcftools
[2021-05-20 10:11:28,520] multiqc                                            [DEBUG  ]  No samples found: longranger
[2021-05-20 10:11:28,527] multiqc                                            [DEBUG  ]  No samples found: stacks
[2021-05-20 10:11:28,534] multiqc                                            [DEBUG  ]  No samples found: varscan2
[2021-05-20 10:11:28,554] multiqc                                            [DEBUG  ]  No samples found: bbmap
[2021-05-20 10:11:28,561] multiqc                                            [DEBUG  ]  No samples found: bismark
[2021-05-20 10:11:28,568] multiqc                                            [DEBUG  ]  No samples found: biscuit
[2021-05-20 10:11:28,575] multiqc                                            [DEBUG  ]  No samples found: hicexplorer
[2021-05-20 10:11:28,582] multiqc                                            [DEBUG  ]  No samples found: hicup
[2021-05-20 10:11:28,589] multiqc                                            [DEBUG  ]  No samples found: hicpro
[2021-05-20 10:11:28,596] multiqc                                            [DEBUG  ]  No samples found: salmon
[2021-05-20 10:11:28,603] multiqc                                            [DEBUG  ]  No samples found: kallisto
[2021-05-20 10:11:28,610] multiqc                                            [DEBUG  ]  No samples found: slamdunk
[2021-05-20 10:11:28,617] multiqc                                            [DEBUG  ]  No samples found: star
[2021-05-20 10:11:28,623] multiqc                                            [DEBUG  ]  No samples found: hisat2
[2021-05-20 10:11:28,630] multiqc                                            [DEBUG  ]  No samples found: tophat
[2021-05-20 10:11:28,637] multiqc                                            [DEBUG  ]  No samples found: bowtie2
[2021-05-20 10:11:28,644] multiqc                                            [DEBUG  ]  No samples found: bowtie1
[2021-05-20 10:11:28,651] multiqc                                            [DEBUG  ]  No samples found: snpsplit
[2021-05-20 10:11:28,658] multiqc                                            [DEBUG  ]  No samples found: kat
[2021-05-20 10:11:28,665] multiqc                                            [DEBUG  ]  No samples found: leehom
[2021-05-20 10:11:28,672] multiqc                                            [DEBUG  ]  No samples found: adapterRemoval
[2021-05-20 10:11:28,679] multiqc                                            [DEBUG  ]  No samples found: clipandmerge
[2021-05-20 10:11:28,686] multiqc                                            [DEBUG  ]  No samples found: cutadapt
[2021-05-20 10:11:28,692] multiqc                                            [DEBUG  ]  No samples found: flexbar
[2021-05-20 10:11:28,699] multiqc                                            [DEBUG  ]  No samples found: kaiju
[2021-05-20 10:11:28,706] multiqc                                            [DEBUG  ]  No samples found: kraken
[2021-05-20 10:11:28,713] multiqc                                            [DEBUG  ]  No samples found: malt
[2021-05-20 10:11:28,720] multiqc                                            [DEBUG  ]  No samples found: trimmomatic
[2021-05-20 10:11:28,727] multiqc                                            [DEBUG  ]  No samples found: sickle
[2021-05-20 10:11:28,733] multiqc                                            [DEBUG  ]  No samples found: skewer
[2021-05-20 10:11:28,740] multiqc                                            [DEBUG  ]  No samples found: sortmerna
[2021-05-20 10:11:28,747] multiqc                                            [DEBUG  ]  No samples found: biobloomtools
[2021-05-20 10:11:28,755] multiqc                                            [DEBUG  ]  No samples found: fastq_screen
[2021-05-20 10:11:28,762] multiqc                                            [DEBUG  ]  No samples found: afterqc
[2021-05-20 10:11:28,769] multiqc                                            [DEBUG  ]  No samples found: fastp
[2021-05-20 10:11:28,876] multiqc.modules.fastqc.fastqc                      [DEBUG  ]  Duplicate sample name found! Overwriting: sel3_SRR5819794
[2021-05-20 10:11:28,942] multiqc.modules.fastqc.fastqc                      [DEBUG  ]  Duplicate sample name found! Overwriting: sel3_SRR5819794
[2021-05-20 10:11:29,006] multiqc.modules.fastqc.fastqc                      [DEBUG  ]  Duplicate sample name found! Overwriting: sel3_SRR5819794
[2021-05-20 10:11:29,122] multiqc.modules.fastqc.fastqc                      [DEBUG  ]  Duplicate sample name found! Overwriting: sel3_SRR5819795
[2021-05-20 10:11:29,167] multiqc.modules.fastqc.fastqc                      [DEBUG  ]  Duplicate sample name found! Overwriting: sel3_SRR5819795
[2021-05-20 10:11:29,239] multiqc.modules.fastqc.fastqc                      [DEBUG  ]  Duplicate sample name found! Overwriting: sel3_SRR5819795
[2021-05-20 10:11:29,331] multiqc.modules.fastqc.fastqc                      [DEBUG  ]  Duplicate sample name found! Overwriting: sel3_SRR5819796
[2021-05-20 10:11:29,385] multiqc.modules.fastqc.fastqc                      [DEBUG  ]  Duplicate sample name found! Overwriting: sel3_SRR5819796
[2021-05-20 10:11:29,444] multiqc.modules.fastqc.fastqc                      [DEBUG  ]  Duplicate sample name found! Overwriting: sel3_SRR5819796
[2021-05-20 10:11:29,545] multiqc.modules.fastqc.fastqc                      [DEBUG  ]  Duplicate sample name found! Overwriting: sel3_SRR5819797
[2021-05-20 10:11:29,606] multiqc.modules.fastqc.fastqc                      [DEBUG  ]  Duplicate sample name found! Overwriting: sel3_SRR5819797
[2021-05-20 10:11:29,660] multiqc.modules.fastqc.fastqc                      [DEBUG  ]  Duplicate sample name found! Overwriting: sel3_SRR5819797
[2021-05-20 10:11:29,781] multiqc.modules.fastqc.fastqc                      [DEBUG  ]  Duplicate sample name found! Overwriting: sel3_SRR5819798
[2021-05-20 10:11:29,841] multiqc.modules.fastqc.fastqc                      [DEBUG  ]  Duplicate sample name found! Overwriting: sel3_SRR5819798
[2021-05-20 10:11:29,895] multiqc.modules.fastqc.fastqc                      [DEBUG  ]  Duplicate sample name found! Overwriting: sel3_SRR5819798
[2021-05-20 10:11:30,011] multiqc.modules.fastqc.fastqc                      [DEBUG  ]  Duplicate sample name found! Overwriting: sel3_SRR5819799
[2021-05-20 10:11:30,067] multiqc.modules.fastqc.fastqc                      [DEBUG  ]  Duplicate sample name found! Overwriting: sel3_SRR5819799
[2021-05-20 10:11:30,109] multiqc.modules.fastqc.fastqc                      [DEBUG  ]  Duplicate sample name found! Overwriting: sel3_SRR5819799
[2021-05-20 10:11:30,134] multiqc.modules.fastqc.fastqc                      [INFO   ]  Found 6 reports
[2021-05-20 10:11:30,281] multiqc                                            [DEBUG  ]  No samples found: pychopper
[2021-05-20 10:11:30,289] multiqc                                            [DEBUG  ]  No samples found: pycoqc
[2021-05-20 10:11:30,297] multiqc                                            [DEBUG  ]  No samples found: minionqc
[2021-05-20 10:11:30,304] multiqc                                            [DEBUG  ]  No samples found: multivcfanalyzer
[2021-05-20 10:11:30,312] multiqc                                            [DEBUG  ]  No samples found: clusterflow
[2021-05-20 10:11:30,320] multiqc                                            [DEBUG  ]  No samples found: bcl2fastq
[2021-05-20 10:11:30,327] multiqc                                            [DEBUG  ]  No samples found: interop
[2021-05-20 10:11:30,335] multiqc                                            [DEBUG  ]  No samples found: ivar
[2021-05-20 10:11:30,343] multiqc                                            [DEBUG  ]  No samples found: flash
[2021-05-20 10:11:30,350] multiqc                                            [DEBUG  ]  No samples found: seqyclean
[2021-05-20 10:11:30,358] multiqc                                            [DEBUG  ]  No samples found: optitype
[2021-05-20 10:11:30,370] multiqc                                            [INFO   ]  Compressing plot data
[2021-05-20 10:11:30,502] multiqc                                            [INFO   ]  Report      : multiqc_report.html
[2021-05-20 10:11:30,502] multiqc                                            [INFO   ]  Data        : multiqc_data
[2021-05-20 10:11:30,502] multiqc                                            [DEBUG  ]  Moving data file from '/scratch/tmpd0wj5hyw/multiqc_data' to '/domus/h1/mama5390/genome_analysis/genome_analysis/out_files/fastqc_wgs/multiqc_data'
[2021-05-20 10:11:30,711] multiqc                                            [INFO   ]  MultiQC complete
