#**********************************************************************************
#                               BRAKER CONFIGURATION                               
#**********************************************************************************
# BRAKER CALL: /sw/bioinfo/braker/2.1.5-20210115-e98b812/snowy/scripts/braker.pl --species=M_Natalensis --genome=/home/mama5390/genome_analysis/data/raw_data/wgs/sel3_NW_015504249.fna --bam=/home/mama5390/genome_analysis/genome_analysis/out_files/star_alignment/new/bam/star_alignment_new_sel3_SRR1719013Aligned.sortedByCoord.out.bam,/home/mama5390/genome_analysis/genome_analysis/out_files/star_alignment/new/bam/star_alignment_new_sel3_SRR1719014Aligned.sortedByCoord.out.bam,/home/mama5390/genome_analysis/genome_analysis/out_files/star_alignment/new/bam/star_alignment_new_sel3_SRR1719015Aligned.sortedByCoord.out.bam,/home/mama5390/genome_analysis/genome_analysis/out_files/star_alignment/new/bam/star_alignment_new_sel3_SRR1719016Aligned.sortedByCoord.out.bam,/home/mama5390/genome_analysis/genome_analysis/out_files/star_alignment/new/bam/star_alignment_new_sel3_SRR1719017Aligned.sortedByCoord.out.bam,/home/mama5390/genome_analysis/genome_analysis/out_files/star_alignment/new/bam/star_alignment_new_sel3_SRR1719018Aligned.sortedByCoord.out.bam,/home/mama5390/genome_analysis/genome_analysis/out_files/star_alignment/new/bam/star_alignment_new_sel3_SRR1719204Aligned.sortedByCoord.out.bam,/home/mama5390/genome_analysis/genome_analysis/out_files/star_alignment/new/bam/star_alignment_new_sel3_SRR1719206Aligned.sortedByCoord.out.bam,/home/mama5390/genome_analysis/genome_analysis/out_files/star_alignment/new/bam/star_alignment_new_sel3_SRR1719207Aligned.sortedByCoord.out.bam,/home/mama5390/genome_analysis/genome_analysis/out_files/star_alignment/new/bam/star_alignment_new_sel3_SRR1719208Aligned.sortedByCoord.out.bam,/home/mama5390/genome_analysis/genome_analysis/out_files/star_alignment/new/bam/star_alignment_new_sel3_SRR1719209Aligned.sortedByCoord.out.bam,/home/mama5390/genome_analysis/genome_analysis/out_files/star_alignment/new/bam/star_alignment_new_sel3_SRR1719211Aligned.sortedByCoord.out.bam,/home/mama5390/genome_analysis/genome_analysis/out_files/star_alignment/new/bam/star_alignment_new_sel3_SRR1719212Aligned.sortedByCoord.out.bam,/home/mama5390/genome_analysis/genome_analysis/out_files/star_alignment/new/bam/star_alignment_new_sel3_SRR1719213Aligned.sortedByCoord.out.bam,/home/mama5390/genome_analysis/genome_analysis/out_files/star_alignment/new/bam/star_alignment_new_sel3_SRR1719214Aligned.sortedByCoord.out.bam,/home/mama5390/genome_analysis/genome_analysis/out_files/star_alignment/new/bam/star_alignment_new_sel3_SRR1719241Aligned.sortedByCoord.out.bam,/home/mama5390/genome_analysis/genome_analysis/out_files/star_alignment/new/bam/star_alignment_new_sel3_SRR1719242Aligned.sortedByCoord.out.bam --GENEMARK_PATH=/sw/bioinfo/GeneMark/4.62-es/snowy --AUGUSTUS_CONFIG_PATH=/home/mama5390/augustus_config --AUGUSTUS_BIN_PATH=/sw/bioinfo/augustus/3.4.0/snowy/bin --AUGUSTUS_SCRIPTS_PATH=/sw/bioinfo/augustus/3.4.0/snowy/scripts --min_contig=500 --useexisting
# Tue May 11 18:36:15 2021: braker.pl version 2.1.5
# Tue May 11 18:36:15 2021: Configuring of BRAKER for using external tools...
# Tue May 11 18:36:15 2021: Command line flag --AUGUSTUS_CONFIG_PATH was provided. Setting $AUGUSTUS_CONFIG_PATH in braker.pl to /home/mama5390/augustus_config.
# Tue May 11 18:36:15 2021: Setting $AUGUSTUS_BIN_PATH to command line argument --AUGUSTUS_BIN_PATH value /sw/bioinfo/augustus/3.4.0/snowy/bin.
# Tue May 11 18:36:15 2021: Setting $AUGUSTUS_SCRIPTS_PATH to command line argument --AUGUSTUS_SCRIPTS_PATH value /sw/bioinfo/augustus/3.4.0/snowy/scripts.
# Tue May 11 18:36:15 2021: Did not find environment variable $PYTHON3_PATH
# Tue May 11 18:36:15 2021: Trying to guess $PYTHON3_PATH from location of python3 executable that is available in your $PATH
# Tue May 11 18:36:15 2021: Setting $PYTHON3_PATH to /sw/comp/python/3.7.2_snowy/bin
# Tue May 11 18:36:15 2021: Setting $GENEMARK_PATH to command line argument --GENEMARK_PATH value /sw/bioinfo/GeneMark/4.62-es/snowy.
# Tue May 11 18:36:15 2021: Did not find environment variable $BAMTOOLS_PATH (either variable does not exist, or the path given in variable does not exist). Will try to set this variable in a different way, later.
# Tue May 11 18:36:15 2021: Trying to guess $BAMTOOLS_BIN_PATH from location of bamtools executable that is available in your $PATH
# Tue May 11 18:36:15 2021: Setting $BAMTOOLS_BIN_PATH to /sw/bioinfo/bamtools/2.5.1/snowy/bin
# Tue May 11 18:36:15 2021: Did not find environment variable $SAMTOOLS_PATH  (either variable does not exist, or the path given in variable doesnot exist). Will try to set this variable in a different way, later.
# Tue May 11 18:36:15 2021: Trying to guess $SAMTOOLS_PATH from location of samtools executable in your $PATH
# Tue May 11 18:36:15 2021: Setting $SAMTOOLS_PATH to /sw/bioinfo/samtools/1.8/snowy/bin
# Tue May 11 18:36:15 2021: Did not find environment variable $DIAMOND_PATH
# Tue May 11 18:36:15 2021: Trying to guess $DIAMOND_PATH from location of diamond executable that is available in your $PATH
# Tue May 11 18:36:15 2021: Setting $DIAMOND_PATH to /sw/bioinfo/diamond/0.9.31/snowy/bin
# Tue May 11 18:36:15 2021: Did not find environment variable $CDBTOOLS_PATH
# Tue May 11 18:36:15 2021: Trying to guess $CDBTOOLS_PATH from location of cdbfasta executable that is available in your $PATH
# Tue May 11 18:36:15 2021: Setting $CDBTOOLS_PATH to /sw/bioinfo/cdbfasta/1.00/snowy/bin
#*********
# WARNING: /home/mama5390/augustus_config/species/M_Natalensis does not exist. Braker will create the necessary files for species M_Natalensis.
#*********
#**********************************************************************************
#                               CREATING DIRECTORY STRUCTURE                       
#**********************************************************************************
#*********
: WARNING: /domus/h1/mama5390/genome_analysis/genome_analysis/scripts/braker/M_Natalensis already exists. Braker will use existing files, if they are newer than the input files. You can choose another working directory with --workingdir=dir or overwrite it with --overwrite.
#*********
# Tue May 11 18:36:15 2021: creating file that contains citations for this BRAKER run at /domus/h1/mama5390/genome_analysis/genome_analysis/scripts/braker/what-to-cite.txt...
# Tue May 11 18:36:16 2021: changing into working directory /domus/h1/mama5390/genome_analysis/genome_analysis/scripts/braker
cd /domus/h1/mama5390/genome_analysis/genome_analysis/scripts/braker
# Tue May 11 18:36:16 2021: Creating parameter template files for AUGUSTUS with new_species.pl
# Tue May 11 18:36:16 2021: new_species.pl will create parameter files for species M_Natalensis in /home/mama5390/augustus_config/species/M_Natalensis
perl /sw/bioinfo/augustus/3.4.0/rackham/scripts/new_species.pl --species=M_Natalensis --AUGUSTUS_CONFIG_PATH=/home/mama5390/augustus_config 1> /dev/null 2>/domus/h1/mama5390/genome_analysis/genome_analysis/scripts/braker/errors/new_species.stderr
# Tue May 11 18:36:16 2021: check_fasta_headers(): Checking fasta headers of file /home/mama5390/genome_analysis/data/raw_data/wgs/sel3_NW_015504249.fna
#**********************************************************************************
#                               PROCESSING HINTS                                   
#**********************************************************************************
# Tue May 11 18:36:16 2021: Converting bam files to hints
# Tue May 11 18:36:16 2021: Checking bam headers
# Tue May 11 18:36:16 2021: create header file /domus/h1/mama5390/genome_analysis/genome_analysis/scripts/braker/star_alignment_new_sel3_SRR1719013Aligned_header.sam
/sw/bioinfo/bamtools/2.5.1/snowy/bin/bamtools header -in /home/mama5390/genome_analysis/genome_analysis/out_files/star_alignment/new/bam/star_alignment_new_sel3_SRR1719013Aligned.sortedByCoord.out.bam > /domus/h1/mama5390/genome_analysis/genome_analysis/scripts/braker/star_alignment_new_sel3_SRR1719013Aligned_header.sam
# Tue May 11 18:36:16 2021: Deleting SAM header file /domus/h1/mama5390/genome_analysis/genome_analysis/scripts/braker/star_alignment_new_sel3_SRR1719013Aligned_header.sam (will not be needed from here on)
# Tue May 11 18:36:16 2021: Deleting /domus/h1/mama5390/genome_analysis/genome_analysis/scripts/braker/star_alignment_new_sel3_SRR1719013Aligned_new_header.sam
# Tue May 11 18:36:16 2021: make hints from BAM file /home/mama5390/genome_analysis/genome_analysis/out_files/star_alignment/new/bam/star_alignment_new_sel3_SRR1719013Aligned.sortedByCoord.out.bam
/sw/bioinfo/augustus/3.4.0/snowy/bin/bam2hints --intronsonly --in=/home/mama5390/genome_analysis/genome_analysis/out_files/star_alignment/new/bam/star_alignment_new_sel3_SRR1719013Aligned.sortedByCoord.out.bam --out=/domus/h1/mama5390/genome_analysis/genome_analysis/scripts/braker/bam2hints.temp.0.gff 1> /domus/h1/mama5390/genome_analysis/genome_analysis/scripts/braker/errors/bam2hints.0.stdout 2>/domus/h1/mama5390/genome_analysis/genome_analysis/scripts/braker/errors/bam2hints.0.stderr
# Tue May 11 18:36:16 2021: Checking bam headers
# Tue May 11 18:36:16 2021: create header file /domus/h1/mama5390/genome_analysis/genome_analysis/scripts/braker/star_alignment_new_sel3_SRR1719014Aligned_header.sam
/sw/bioinfo/bamtools/2.5.1/snowy/bin/bamtools header -in /home/mama5390/genome_analysis/genome_analysis/out_files/star_alignment/new/bam/star_alignment_new_sel3_SRR1719014Aligned.sortedByCoord.out.bam > /domus/h1/mama5390/genome_analysis/genome_analysis/scripts/braker/star_alignment_new_sel3_SRR1719014Aligned_header.sam
# Tue May 11 18:36:16 2021: Deleting SAM header file /domus/h1/mama5390/genome_analysis/genome_analysis/scripts/braker/star_alignment_new_sel3_SRR1719014Aligned_header.sam (will not be needed from here on)
# Tue May 11 18:36:16 2021: Deleting /domus/h1/mama5390/genome_analysis/genome_analysis/scripts/braker/star_alignment_new_sel3_SRR1719014Aligned_new_header.sam
# Tue May 11 18:36:16 2021: make hints from BAM file /home/mama5390/genome_analysis/genome_analysis/out_files/star_alignment/new/bam/star_alignment_new_sel3_SRR1719014Aligned.sortedByCoord.out.bam
/sw/bioinfo/augustus/3.4.0/snowy/bin/bam2hints --intronsonly --in=/home/mama5390/genome_analysis/genome_analysis/out_files/star_alignment/new/bam/star_alignment_new_sel3_SRR1719014Aligned.sortedByCoord.out.bam --out=/domus/h1/mama5390/genome_analysis/genome_analysis/scripts/braker/bam2hints.temp.1.gff 1> /domus/h1/mama5390/genome_analysis/genome_analysis/scripts/braker/errors/bam2hints.1.stdout 2>/domus/h1/mama5390/genome_analysis/genome_analysis/scripts/braker/errors/bam2hints.1.stderr
# Tue May 11 18:36:19 2021: Checking bam headers
# Tue May 11 18:36:19 2021: create header file /domus/h1/mama5390/genome_analysis/genome_analysis/scripts/braker/star_alignment_new_sel3_SRR1719015Aligned_header.sam
/sw/bioinfo/bamtools/2.5.1/snowy/bin/bamtools header -in /home/mama5390/genome_analysis/genome_analysis/out_files/star_alignment/new/bam/star_alignment_new_sel3_SRR1719015Aligned.sortedByCoord.out.bam > /domus/h1/mama5390/genome_analysis/genome_analysis/scripts/braker/star_alignment_new_sel3_SRR1719015Aligned_header.sam
# Tue May 11 18:36:19 2021: Deleting SAM header file /domus/h1/mama5390/genome_analysis/genome_analysis/scripts/braker/star_alignment_new_sel3_SRR1719015Aligned_header.sam (will not be needed from here on)
# Tue May 11 18:36:19 2021: Deleting /domus/h1/mama5390/genome_analysis/genome_analysis/scripts/braker/star_alignment_new_sel3_SRR1719015Aligned_new_header.sam
# Tue May 11 18:36:19 2021: make hints from BAM file /home/mama5390/genome_analysis/genome_analysis/out_files/star_alignment/new/bam/star_alignment_new_sel3_SRR1719015Aligned.sortedByCoord.out.bam
/sw/bioinfo/augustus/3.4.0/snowy/bin/bam2hints --intronsonly --in=/home/mama5390/genome_analysis/genome_analysis/out_files/star_alignment/new/bam/star_alignment_new_sel3_SRR1719015Aligned.sortedByCoord.out.bam --out=/domus/h1/mama5390/genome_analysis/genome_analysis/scripts/braker/bam2hints.temp.2.gff 1> /domus/h1/mama5390/genome_analysis/genome_analysis/scripts/braker/errors/bam2hints.2.stdout 2>/domus/h1/mama5390/genome_analysis/genome_analysis/scripts/braker/errors/bam2hints.2.stderr
# Tue May 11 18:36:22 2021: Checking bam headers
# Tue May 11 18:36:22 2021: create header file /domus/h1/mama5390/genome_analysis/genome_analysis/scripts/braker/star_alignment_new_sel3_SRR1719016Aligned_header.sam
/sw/bioinfo/bamtools/2.5.1/snowy/bin/bamtools header -in /home/mama5390/genome_analysis/genome_analysis/out_files/star_alignment/new/bam/star_alignment_new_sel3_SRR1719016Aligned.sortedByCoord.out.bam > /domus/h1/mama5390/genome_analysis/genome_analysis/scripts/braker/star_alignment_new_sel3_SRR1719016Aligned_header.sam
# Tue May 11 18:36:22 2021: Deleting SAM header file /domus/h1/mama5390/genome_analysis/genome_analysis/scripts/braker/star_alignment_new_sel3_SRR1719016Aligned_header.sam (will not be needed from here on)
# Tue May 11 18:36:22 2021: Deleting /domus/h1/mama5390/genome_analysis/genome_analysis/scripts/braker/star_alignment_new_sel3_SRR1719016Aligned_new_header.sam
# Tue May 11 18:36:22 2021: make hints from BAM file /home/mama5390/genome_analysis/genome_analysis/out_files/star_alignment/new/bam/star_alignment_new_sel3_SRR1719016Aligned.sortedByCoord.out.bam
/sw/bioinfo/augustus/3.4.0/snowy/bin/bam2hints --intronsonly --in=/home/mama5390/genome_analysis/genome_analysis/out_files/star_alignment/new/bam/star_alignment_new_sel3_SRR1719016Aligned.sortedByCoord.out.bam --out=/domus/h1/mama5390/genome_analysis/genome_analysis/scripts/braker/bam2hints.temp.3.gff 1> /domus/h1/mama5390/genome_analysis/genome_analysis/scripts/braker/errors/bam2hints.3.stdout 2>/domus/h1/mama5390/genome_analysis/genome_analysis/scripts/braker/errors/bam2hints.3.stderr
# Tue May 11 18:36:25 2021: Checking bam headers
# Tue May 11 18:36:25 2021: create header file /domus/h1/mama5390/genome_analysis/genome_analysis/scripts/braker/star_alignment_new_sel3_SRR1719017Aligned_header.sam
/sw/bioinfo/bamtools/2.5.1/snowy/bin/bamtools header -in /home/mama5390/genome_analysis/genome_analysis/out_files/star_alignment/new/bam/star_alignment_new_sel3_SRR1719017Aligned.sortedByCoord.out.bam > /domus/h1/mama5390/genome_analysis/genome_analysis/scripts/braker/star_alignment_new_sel3_SRR1719017Aligned_header.sam
# Tue May 11 18:36:25 2021: Deleting SAM header file /domus/h1/mama5390/genome_analysis/genome_analysis/scripts/braker/star_alignment_new_sel3_SRR1719017Aligned_header.sam (will not be needed from here on)
# Tue May 11 18:36:25 2021: Deleting /domus/h1/mama5390/genome_analysis/genome_analysis/scripts/braker/star_alignment_new_sel3_SRR1719017Aligned_new_header.sam
# Tue May 11 18:36:25 2021: make hints from BAM file /home/mama5390/genome_analysis/genome_analysis/out_files/star_alignment/new/bam/star_alignment_new_sel3_SRR1719017Aligned.sortedByCoord.out.bam
/sw/bioinfo/augustus/3.4.0/snowy/bin/bam2hints --intronsonly --in=/home/mama5390/genome_analysis/genome_analysis/out_files/star_alignment/new/bam/star_alignment_new_sel3_SRR1719017Aligned.sortedByCoord.out.bam --out=/domus/h1/mama5390/genome_analysis/genome_analysis/scripts/braker/bam2hints.temp.4.gff 1> /domus/h1/mama5390/genome_analysis/genome_analysis/scripts/braker/errors/bam2hints.4.stdout 2>/domus/h1/mama5390/genome_analysis/genome_analysis/scripts/braker/errors/bam2hints.4.stderr
# Tue May 11 18:36:28 2021: Checking bam headers
# Tue May 11 18:36:28 2021: create header file /domus/h1/mama5390/genome_analysis/genome_analysis/scripts/braker/star_alignment_new_sel3_SRR1719018Aligned_header.sam
/sw/bioinfo/bamtools/2.5.1/snowy/bin/bamtools header -in /home/mama5390/genome_analysis/genome_analysis/out_files/star_alignment/new/bam/star_alignment_new_sel3_SRR1719018Aligned.sortedByCoord.out.bam > /domus/h1/mama5390/genome_analysis/genome_analysis/scripts/braker/star_alignment_new_sel3_SRR1719018Aligned_header.sam
# Tue May 11 18:36:28 2021: Deleting SAM header file /domus/h1/mama5390/genome_analysis/genome_analysis/scripts/braker/star_alignment_new_sel3_SRR1719018Aligned_header.sam (will not be needed from here on)
# Tue May 11 18:36:28 2021: Deleting /domus/h1/mama5390/genome_analysis/genome_analysis/scripts/braker/star_alignment_new_sel3_SRR1719018Aligned_new_header.sam
# Tue May 11 18:36:28 2021: make hints from BAM file /home/mama5390/genome_analysis/genome_analysis/out_files/star_alignment/new/bam/star_alignment_new_sel3_SRR1719018Aligned.sortedByCoord.out.bam
/sw/bioinfo/augustus/3.4.0/snowy/bin/bam2hints --intronsonly --in=/home/mama5390/genome_analysis/genome_analysis/out_files/star_alignment/new/bam/star_alignment_new_sel3_SRR1719018Aligned.sortedByCoord.out.bam --out=/domus/h1/mama5390/genome_analysis/genome_analysis/scripts/braker/bam2hints.temp.5.gff 1> /domus/h1/mama5390/genome_analysis/genome_analysis/scripts/braker/errors/bam2hints.5.stdout 2>/domus/h1/mama5390/genome_analysis/genome_analysis/scripts/braker/errors/bam2hints.5.stderr
# Tue May 11 18:36:31 2021: Checking bam headers
# Tue May 11 18:36:31 2021: create header file /domus/h1/mama5390/genome_analysis/genome_analysis/scripts/braker/star_alignment_new_sel3_SRR1719204Aligned_header.sam
/sw/bioinfo/bamtools/2.5.1/snowy/bin/bamtools header -in /home/mama5390/genome_analysis/genome_analysis/out_files/star_alignment/new/bam/star_alignment_new_sel3_SRR1719204Aligned.sortedByCoord.out.bam > /domus/h1/mama5390/genome_analysis/genome_analysis/scripts/braker/star_alignment_new_sel3_SRR1719204Aligned_header.sam
# Tue May 11 18:36:31 2021: Deleting SAM header file /domus/h1/mama5390/genome_analysis/genome_analysis/scripts/braker/star_alignment_new_sel3_SRR1719204Aligned_header.sam (will not be needed from here on)
# Tue May 11 18:36:31 2021: Deleting /domus/h1/mama5390/genome_analysis/genome_analysis/scripts/braker/star_alignment_new_sel3_SRR1719204Aligned_new_header.sam
# Tue May 11 18:36:31 2021: make hints from BAM file /home/mama5390/genome_analysis/genome_analysis/out_files/star_alignment/new/bam/star_alignment_new_sel3_SRR1719204Aligned.sortedByCoord.out.bam
/sw/bioinfo/augustus/3.4.0/snowy/bin/bam2hints --intronsonly --in=/home/mama5390/genome_analysis/genome_analysis/out_files/star_alignment/new/bam/star_alignment_new_sel3_SRR1719204Aligned.sortedByCoord.out.bam --out=/domus/h1/mama5390/genome_analysis/genome_analysis/scripts/braker/bam2hints.temp.6.gff 1> /domus/h1/mama5390/genome_analysis/genome_analysis/scripts/braker/errors/bam2hints.6.stdout 2>/domus/h1/mama5390/genome_analysis/genome_analysis/scripts/braker/errors/bam2hints.6.stderr
# Tue May 11 18:36:34 2021: Checking bam headers
# Tue May 11 18:36:34 2021: create header file /domus/h1/mama5390/genome_analysis/genome_analysis/scripts/braker/star_alignment_new_sel3_SRR1719206Aligned_header.sam
/sw/bioinfo/bamtools/2.5.1/snowy/bin/bamtools header -in /home/mama5390/genome_analysis/genome_analysis/out_files/star_alignment/new/bam/star_alignment_new_sel3_SRR1719206Aligned.sortedByCoord.out.bam > /domus/h1/mama5390/genome_analysis/genome_analysis/scripts/braker/star_alignment_new_sel3_SRR1719206Aligned_header.sam
# Tue May 11 18:36:34 2021: Deleting SAM header file /domus/h1/mama5390/genome_analysis/genome_analysis/scripts/braker/star_alignment_new_sel3_SRR1719206Aligned_header.sam (will not be needed from here on)
# Tue May 11 18:36:34 2021: Deleting /domus/h1/mama5390/genome_analysis/genome_analysis/scripts/braker/star_alignment_new_sel3_SRR1719206Aligned_new_header.sam
# Tue May 11 18:36:34 2021: make hints from BAM file /home/mama5390/genome_analysis/genome_analysis/out_files/star_alignment/new/bam/star_alignment_new_sel3_SRR1719206Aligned.sortedByCoord.out.bam
/sw/bioinfo/augustus/3.4.0/snowy/bin/bam2hints --intronsonly --in=/home/mama5390/genome_analysis/genome_analysis/out_files/star_alignment/new/bam/star_alignment_new_sel3_SRR1719206Aligned.sortedByCoord.out.bam --out=/domus/h1/mama5390/genome_analysis/genome_analysis/scripts/braker/bam2hints.temp.7.gff 1> /domus/h1/mama5390/genome_analysis/genome_analysis/scripts/braker/errors/bam2hints.7.stdout 2>/domus/h1/mama5390/genome_analysis/genome_analysis/scripts/braker/errors/bam2hints.7.stderr
# Tue May 11 18:36:37 2021: Checking bam headers
# Tue May 11 18:36:37 2021: create header file /domus/h1/mama5390/genome_analysis/genome_analysis/scripts/braker/star_alignment_new_sel3_SRR1719207Aligned_header.sam
/sw/bioinfo/bamtools/2.5.1/snowy/bin/bamtools header -in /home/mama5390/genome_analysis/genome_analysis/out_files/star_alignment/new/bam/star_alignment_new_sel3_SRR1719207Aligned.sortedByCoord.out.bam > /domus/h1/mama5390/genome_analysis/genome_analysis/scripts/braker/star_alignment_new_sel3_SRR1719207Aligned_header.sam
# Tue May 11 18:36:37 2021: Deleting SAM header file /domus/h1/mama5390/genome_analysis/genome_analysis/scripts/braker/star_alignment_new_sel3_SRR1719207Aligned_header.sam (will not be needed from here on)
# Tue May 11 18:36:37 2021: Deleting /domus/h1/mama5390/genome_analysis/genome_analysis/scripts/braker/star_alignment_new_sel3_SRR1719207Aligned_new_header.sam
# Tue May 11 18:36:37 2021: make hints from BAM file /home/mama5390/genome_analysis/genome_analysis/out_files/star_alignment/new/bam/star_alignment_new_sel3_SRR1719207Aligned.sortedByCoord.out.bam
/sw/bioinfo/augustus/3.4.0/snowy/bin/bam2hints --intronsonly --in=/home/mama5390/genome_analysis/genome_analysis/out_files/star_alignment/new/bam/star_alignment_new_sel3_SRR1719207Aligned.sortedByCoord.out.bam --out=/domus/h1/mama5390/genome_analysis/genome_analysis/scripts/braker/bam2hints.temp.8.gff 1> /domus/h1/mama5390/genome_analysis/genome_analysis/scripts/braker/errors/bam2hints.8.stdout 2>/domus/h1/mama5390/genome_analysis/genome_analysis/scripts/braker/errors/bam2hints.8.stderr
# Tue May 11 18:36:42 2021: Checking bam headers
# Tue May 11 18:36:42 2021: create header file /domus/h1/mama5390/genome_analysis/genome_analysis/scripts/braker/star_alignment_new_sel3_SRR1719208Aligned_header.sam
/sw/bioinfo/bamtools/2.5.1/snowy/bin/bamtools header -in /home/mama5390/genome_analysis/genome_analysis/out_files/star_alignment/new/bam/star_alignment_new_sel3_SRR1719208Aligned.sortedByCoord.out.bam > /domus/h1/mama5390/genome_analysis/genome_analysis/scripts/braker/star_alignment_new_sel3_SRR1719208Aligned_header.sam
# Tue May 11 18:36:42 2021: Deleting SAM header file /domus/h1/mama5390/genome_analysis/genome_analysis/scripts/braker/star_alignment_new_sel3_SRR1719208Aligned_header.sam (will not be needed from here on)
# Tue May 11 18:36:42 2021: Deleting /domus/h1/mama5390/genome_analysis/genome_analysis/scripts/braker/star_alignment_new_sel3_SRR1719208Aligned_new_header.sam
# Tue May 11 18:36:42 2021: make hints from BAM file /home/mama5390/genome_analysis/genome_analysis/out_files/star_alignment/new/bam/star_alignment_new_sel3_SRR1719208Aligned.sortedByCoord.out.bam
/sw/bioinfo/augustus/3.4.0/snowy/bin/bam2hints --intronsonly --in=/home/mama5390/genome_analysis/genome_analysis/out_files/star_alignment/new/bam/star_alignment_new_sel3_SRR1719208Aligned.sortedByCoord.out.bam --out=/domus/h1/mama5390/genome_analysis/genome_analysis/scripts/braker/bam2hints.temp.9.gff 1> /domus/h1/mama5390/genome_analysis/genome_analysis/scripts/braker/errors/bam2hints.9.stdout 2>/domus/h1/mama5390/genome_analysis/genome_analysis/scripts/braker/errors/bam2hints.9.stderr
# Tue May 11 18:36:45 2021: Checking bam headers
# Tue May 11 18:36:45 2021: create header file /domus/h1/mama5390/genome_analysis/genome_analysis/scripts/braker/star_alignment_new_sel3_SRR1719209Aligned_header.sam
/sw/bioinfo/bamtools/2.5.1/snowy/bin/bamtools header -in /home/mama5390/genome_analysis/genome_analysis/out_files/star_alignment/new/bam/star_alignment_new_sel3_SRR1719209Aligned.sortedByCoord.out.bam > /domus/h1/mama5390/genome_analysis/genome_analysis/scripts/braker/star_alignment_new_sel3_SRR1719209Aligned_header.sam
# Tue May 11 18:36:45 2021: Deleting SAM header file /domus/h1/mama5390/genome_analysis/genome_analysis/scripts/braker/star_alignment_new_sel3_SRR1719209Aligned_header.sam (will not be needed from here on)
# Tue May 11 18:36:45 2021: Deleting /domus/h1/mama5390/genome_analysis/genome_analysis/scripts/braker/star_alignment_new_sel3_SRR1719209Aligned_new_header.sam
# Tue May 11 18:36:45 2021: make hints from BAM file /home/mama5390/genome_analysis/genome_analysis/out_files/star_alignment/new/bam/star_alignment_new_sel3_SRR1719209Aligned.sortedByCoord.out.bam
/sw/bioinfo/augustus/3.4.0/snowy/bin/bam2hints --intronsonly --in=/home/mama5390/genome_analysis/genome_analysis/out_files/star_alignment/new/bam/star_alignment_new_sel3_SRR1719209Aligned.sortedByCoord.out.bam --out=/domus/h1/mama5390/genome_analysis/genome_analysis/scripts/braker/bam2hints.temp.10.gff 1> /domus/h1/mama5390/genome_analysis/genome_analysis/scripts/braker/errors/bam2hints.10.stdout 2>/domus/h1/mama5390/genome_analysis/genome_analysis/scripts/braker/errors/bam2hints.10.stderr
# Tue May 11 18:36:48 2021: Checking bam headers
# Tue May 11 18:36:48 2021: create header file /domus/h1/mama5390/genome_analysis/genome_analysis/scripts/braker/star_alignment_new_sel3_SRR1719211Aligned_header.sam
/sw/bioinfo/bamtools/2.5.1/snowy/bin/bamtools header -in /home/mama5390/genome_analysis/genome_analysis/out_files/star_alignment/new/bam/star_alignment_new_sel3_SRR1719211Aligned.sortedByCoord.out.bam > /domus/h1/mama5390/genome_analysis/genome_analysis/scripts/braker/star_alignment_new_sel3_SRR1719211Aligned_header.sam
# Tue May 11 18:36:48 2021: Deleting SAM header file /domus/h1/mama5390/genome_analysis/genome_analysis/scripts/braker/star_alignment_new_sel3_SRR1719211Aligned_header.sam (will not be needed from here on)
# Tue May 11 18:36:48 2021: Deleting /domus/h1/mama5390/genome_analysis/genome_analysis/scripts/braker/star_alignment_new_sel3_SRR1719211Aligned_new_header.sam
# Tue May 11 18:36:48 2021: make hints from BAM file /home/mama5390/genome_analysis/genome_analysis/out_files/star_alignment/new/bam/star_alignment_new_sel3_SRR1719211Aligned.sortedByCoord.out.bam
/sw/bioinfo/augustus/3.4.0/snowy/bin/bam2hints --intronsonly --in=/home/mama5390/genome_analysis/genome_analysis/out_files/star_alignment/new/bam/star_alignment_new_sel3_SRR1719211Aligned.sortedByCoord.out.bam --out=/domus/h1/mama5390/genome_analysis/genome_analysis/scripts/braker/bam2hints.temp.11.gff 1> /domus/h1/mama5390/genome_analysis/genome_analysis/scripts/braker/errors/bam2hints.11.stdout 2>/domus/h1/mama5390/genome_analysis/genome_analysis/scripts/braker/errors/bam2hints.11.stderr
# Tue May 11 18:36:50 2021: Checking bam headers
# Tue May 11 18:36:50 2021: create header file /domus/h1/mama5390/genome_analysis/genome_analysis/scripts/braker/star_alignment_new_sel3_SRR1719212Aligned_header.sam
/sw/bioinfo/bamtools/2.5.1/snowy/bin/bamtools header -in /home/mama5390/genome_analysis/genome_analysis/out_files/star_alignment/new/bam/star_alignment_new_sel3_SRR1719212Aligned.sortedByCoord.out.bam > /domus/h1/mama5390/genome_analysis/genome_analysis/scripts/braker/star_alignment_new_sel3_SRR1719212Aligned_header.sam
# Tue May 11 18:36:50 2021: Deleting SAM header file /domus/h1/mama5390/genome_analysis/genome_analysis/scripts/braker/star_alignment_new_sel3_SRR1719212Aligned_header.sam (will not be needed from here on)
# Tue May 11 18:36:50 2021: Deleting /domus/h1/mama5390/genome_analysis/genome_analysis/scripts/braker/star_alignment_new_sel3_SRR1719212Aligned_new_header.sam
# Tue May 11 18:36:50 2021: make hints from BAM file /home/mama5390/genome_analysis/genome_analysis/out_files/star_alignment/new/bam/star_alignment_new_sel3_SRR1719212Aligned.sortedByCoord.out.bam
/sw/bioinfo/augustus/3.4.0/snowy/bin/bam2hints --intronsonly --in=/home/mama5390/genome_analysis/genome_analysis/out_files/star_alignment/new/bam/star_alignment_new_sel3_SRR1719212Aligned.sortedByCoord.out.bam --out=/domus/h1/mama5390/genome_analysis/genome_analysis/scripts/braker/bam2hints.temp.12.gff 1> /domus/h1/mama5390/genome_analysis/genome_analysis/scripts/braker/errors/bam2hints.12.stdout 2>/domus/h1/mama5390/genome_analysis/genome_analysis/scripts/braker/errors/bam2hints.12.stderr
# Tue May 11 18:36:53 2021: Checking bam headers
# Tue May 11 18:36:53 2021: create header file /domus/h1/mama5390/genome_analysis/genome_analysis/scripts/braker/star_alignment_new_sel3_SRR1719213Aligned_header.sam
/sw/bioinfo/bamtools/2.5.1/snowy/bin/bamtools header -in /home/mama5390/genome_analysis/genome_analysis/out_files/star_alignment/new/bam/star_alignment_new_sel3_SRR1719213Aligned.sortedByCoord.out.bam > /domus/h1/mama5390/genome_analysis/genome_analysis/scripts/braker/star_alignment_new_sel3_SRR1719213Aligned_header.sam
# Tue May 11 18:36:53 2021: Deleting SAM header file /domus/h1/mama5390/genome_analysis/genome_analysis/scripts/braker/star_alignment_new_sel3_SRR1719213Aligned_header.sam (will not be needed from here on)
# Tue May 11 18:36:53 2021: Deleting /domus/h1/mama5390/genome_analysis/genome_analysis/scripts/braker/star_alignment_new_sel3_SRR1719213Aligned_new_header.sam
# Tue May 11 18:36:53 2021: make hints from BAM file /home/mama5390/genome_analysis/genome_analysis/out_files/star_alignment/new/bam/star_alignment_new_sel3_SRR1719213Aligned.sortedByCoord.out.bam
/sw/bioinfo/augustus/3.4.0/snowy/bin/bam2hints --intronsonly --in=/home/mama5390/genome_analysis/genome_analysis/out_files/star_alignment/new/bam/star_alignment_new_sel3_SRR1719213Aligned.sortedByCoord.out.bam --out=/domus/h1/mama5390/genome_analysis/genome_analysis/scripts/braker/bam2hints.temp.13.gff 1> /domus/h1/mama5390/genome_analysis/genome_analysis/scripts/braker/errors/bam2hints.13.stdout 2>/domus/h1/mama5390/genome_analysis/genome_analysis/scripts/braker/errors/bam2hints.13.stderr
# Tue May 11 18:36:57 2021: Checking bam headers
# Tue May 11 18:36:57 2021: create header file /domus/h1/mama5390/genome_analysis/genome_analysis/scripts/braker/star_alignment_new_sel3_SRR1719214Aligned_header.sam
/sw/bioinfo/bamtools/2.5.1/snowy/bin/bamtools header -in /home/mama5390/genome_analysis/genome_analysis/out_files/star_alignment/new/bam/star_alignment_new_sel3_SRR1719214Aligned.sortedByCoord.out.bam > /domus/h1/mama5390/genome_analysis/genome_analysis/scripts/braker/star_alignment_new_sel3_SRR1719214Aligned_header.sam
# Tue May 11 18:36:57 2021: Deleting SAM header file /domus/h1/mama5390/genome_analysis/genome_analysis/scripts/braker/star_alignment_new_sel3_SRR1719214Aligned_header.sam (will not be needed from here on)
# Tue May 11 18:36:57 2021: Deleting /domus/h1/mama5390/genome_analysis/genome_analysis/scripts/braker/star_alignment_new_sel3_SRR1719214Aligned_new_header.sam
# Tue May 11 18:36:57 2021: make hints from BAM file /home/mama5390/genome_analysis/genome_analysis/out_files/star_alignment/new/bam/star_alignment_new_sel3_SRR1719214Aligned.sortedByCoord.out.bam
/sw/bioinfo/augustus/3.4.0/snowy/bin/bam2hints --intronsonly --in=/home/mama5390/genome_analysis/genome_analysis/out_files/star_alignment/new/bam/star_alignment_new_sel3_SRR1719214Aligned.sortedByCoord.out.bam --out=/domus/h1/mama5390/genome_analysis/genome_analysis/scripts/braker/bam2hints.temp.14.gff 1> /domus/h1/mama5390/genome_analysis/genome_analysis/scripts/braker/errors/bam2hints.14.stdout 2>/domus/h1/mama5390/genome_analysis/genome_analysis/scripts/braker/errors/bam2hints.14.stderr
# Tue May 11 18:37:00 2021: Checking bam headers
# Tue May 11 18:37:00 2021: create header file /domus/h1/mama5390/genome_analysis/genome_analysis/scripts/braker/star_alignment_new_sel3_SRR1719241Aligned_header.sam
/sw/bioinfo/bamtools/2.5.1/snowy/bin/bamtools header -in /home/mama5390/genome_analysis/genome_analysis/out_files/star_alignment/new/bam/star_alignment_new_sel3_SRR1719241Aligned.sortedByCoord.out.bam > /domus/h1/mama5390/genome_analysis/genome_analysis/scripts/braker/star_alignment_new_sel3_SRR1719241Aligned_header.sam
# Tue May 11 18:37:00 2021: Deleting SAM header file /domus/h1/mama5390/genome_analysis/genome_analysis/scripts/braker/star_alignment_new_sel3_SRR1719241Aligned_header.sam (will not be needed from here on)
# Tue May 11 18:37:00 2021: Deleting /domus/h1/mama5390/genome_analysis/genome_analysis/scripts/braker/star_alignment_new_sel3_SRR1719241Aligned_new_header.sam
# Tue May 11 18:37:00 2021: make hints from BAM file /home/mama5390/genome_analysis/genome_analysis/out_files/star_alignment/new/bam/star_alignment_new_sel3_SRR1719241Aligned.sortedByCoord.out.bam
/sw/bioinfo/augustus/3.4.0/snowy/bin/bam2hints --intronsonly --in=/home/mama5390/genome_analysis/genome_analysis/out_files/star_alignment/new/bam/star_alignment_new_sel3_SRR1719241Aligned.sortedByCoord.out.bam --out=/domus/h1/mama5390/genome_analysis/genome_analysis/scripts/braker/bam2hints.temp.15.gff 1> /domus/h1/mama5390/genome_analysis/genome_analysis/scripts/braker/errors/bam2hints.15.stdout 2>/domus/h1/mama5390/genome_analysis/genome_analysis/scripts/braker/errors/bam2hints.15.stderr
# Tue May 11 18:37:03 2021: Checking bam headers
# Tue May 11 18:37:03 2021: create header file /domus/h1/mama5390/genome_analysis/genome_analysis/scripts/braker/star_alignment_new_sel3_SRR1719242Aligned_header.sam
/sw/bioinfo/bamtools/2.5.1/snowy/bin/bamtools header -in /home/mama5390/genome_analysis/genome_analysis/out_files/star_alignment/new/bam/star_alignment_new_sel3_SRR1719242Aligned.sortedByCoord.out.bam > /domus/h1/mama5390/genome_analysis/genome_analysis/scripts/braker/star_alignment_new_sel3_SRR1719242Aligned_header.sam
# Tue May 11 18:37:03 2021: Deleting SAM header file /domus/h1/mama5390/genome_analysis/genome_analysis/scripts/braker/star_alignment_new_sel3_SRR1719242Aligned_header.sam (will not be needed from here on)
# Tue May 11 18:37:03 2021: Deleting /domus/h1/mama5390/genome_analysis/genome_analysis/scripts/braker/star_alignment_new_sel3_SRR1719242Aligned_new_header.sam
# Tue May 11 18:37:03 2021: make hints from BAM file /home/mama5390/genome_analysis/genome_analysis/out_files/star_alignment/new/bam/star_alignment_new_sel3_SRR1719242Aligned.sortedByCoord.out.bam
/sw/bioinfo/augustus/3.4.0/snowy/bin/bam2hints --intronsonly --in=/home/mama5390/genome_analysis/genome_analysis/out_files/star_alignment/new/bam/star_alignment_new_sel3_SRR1719242Aligned.sortedByCoord.out.bam --out=/domus/h1/mama5390/genome_analysis/genome_analysis/scripts/braker/bam2hints.temp.16.gff 1> /domus/h1/mama5390/genome_analysis/genome_analysis/scripts/braker/errors/bam2hints.16.stdout 2>/domus/h1/mama5390/genome_analysis/genome_analysis/scripts/braker/errors/bam2hints.16.stderr
# Tue May 11 18:37:08 2021: add hints from BAM file /home/mama5390/genome_analysis/genome_analysis/out_files/star_alignment/new/bam/star_alignment_new_sel3_SRR1719013Aligned.sortedByCoord.out.bam to hints file
cat /domus/h1/mama5390/genome_analysis/genome_analysis/scripts/braker/bam2hints.temp.0.gff >>/domus/h1/mama5390/genome_analysis/genome_analysis/scripts/braker/hintsfile.temp.gff
# Tue May 11 18:37:08 2021: add hints from BAM file /home/mama5390/genome_analysis/genome_analysis/out_files/star_alignment/new/bam/star_alignment_new_sel3_SRR1719014Aligned.sortedByCoord.out.bam to hints file
cat /domus/h1/mama5390/genome_analysis/genome_analysis/scripts/braker/bam2hints.temp.1.gff >>/domus/h1/mama5390/genome_analysis/genome_analysis/scripts/braker/hintsfile.temp.gff
# Tue May 11 18:37:08 2021: add hints from BAM file /home/mama5390/genome_analysis/genome_analysis/out_files/star_alignment/new/bam/star_alignment_new_sel3_SRR1719015Aligned.sortedByCoord.out.bam to hints file
cat /domus/h1/mama5390/genome_analysis/genome_analysis/scripts/braker/bam2hints.temp.2.gff >>/domus/h1/mama5390/genome_analysis/genome_analysis/scripts/braker/hintsfile.temp.gff
# Tue May 11 18:37:08 2021: add hints from BAM file /home/mama5390/genome_analysis/genome_analysis/out_files/star_alignment/new/bam/star_alignment_new_sel3_SRR1719016Aligned.sortedByCoord.out.bam to hints file
cat /domus/h1/mama5390/genome_analysis/genome_analysis/scripts/braker/bam2hints.temp.3.gff >>/domus/h1/mama5390/genome_analysis/genome_analysis/scripts/braker/hintsfile.temp.gff
# Tue May 11 18:37:08 2021: add hints from BAM file /home/mama5390/genome_analysis/genome_analysis/out_files/star_alignment/new/bam/star_alignment_new_sel3_SRR1719017Aligned.sortedByCoord.out.bam to hints file
cat /domus/h1/mama5390/genome_analysis/genome_analysis/scripts/braker/bam2hints.temp.4.gff >>/domus/h1/mama5390/genome_analysis/genome_analysis/scripts/braker/hintsfile.temp.gff
# Tue May 11 18:37:08 2021: add hints from BAM file /home/mama5390/genome_analysis/genome_analysis/out_files/star_alignment/new/bam/star_alignment_new_sel3_SRR1719018Aligned.sortedByCoord.out.bam to hints file
cat /domus/h1/mama5390/genome_analysis/genome_analysis/scripts/braker/bam2hints.temp.5.gff >>/domus/h1/mama5390/genome_analysis/genome_analysis/scripts/braker/hintsfile.temp.gff
# Tue May 11 18:37:08 2021: add hints from BAM file /home/mama5390/genome_analysis/genome_analysis/out_files/star_alignment/new/bam/star_alignment_new_sel3_SRR1719204Aligned.sortedByCoord.out.bam to hints file
cat /domus/h1/mama5390/genome_analysis/genome_analysis/scripts/braker/bam2hints.temp.6.gff >>/domus/h1/mama5390/genome_analysis/genome_analysis/scripts/braker/hintsfile.temp.gff
# Tue May 11 18:37:08 2021: add hints from BAM file /home/mama5390/genome_analysis/genome_analysis/out_files/star_alignment/new/bam/star_alignment_new_sel3_SRR1719206Aligned.sortedByCoord.out.bam to hints file
cat /domus/h1/mama5390/genome_analysis/genome_analysis/scripts/braker/bam2hints.temp.7.gff >>/domus/h1/mama5390/genome_analysis/genome_analysis/scripts/braker/hintsfile.temp.gff
# Tue May 11 18:37:08 2021: add hints from BAM file /home/mama5390/genome_analysis/genome_analysis/out_files/star_alignment/new/bam/star_alignment_new_sel3_SRR1719207Aligned.sortedByCoord.out.bam to hints file
cat /domus/h1/mama5390/genome_analysis/genome_analysis/scripts/braker/bam2hints.temp.8.gff >>/domus/h1/mama5390/genome_analysis/genome_analysis/scripts/braker/hintsfile.temp.gff
# Tue May 11 18:37:08 2021: add hints from BAM file /home/mama5390/genome_analysis/genome_analysis/out_files/star_alignment/new/bam/star_alignment_new_sel3_SRR1719208Aligned.sortedByCoord.out.bam to hints file
cat /domus/h1/mama5390/genome_analysis/genome_analysis/scripts/braker/bam2hints.temp.9.gff >>/domus/h1/mama5390/genome_analysis/genome_analysis/scripts/braker/hintsfile.temp.gff
# Tue May 11 18:37:08 2021: add hints from BAM file /home/mama5390/genome_analysis/genome_analysis/out_files/star_alignment/new/bam/star_alignment_new_sel3_SRR1719209Aligned.sortedByCoord.out.bam to hints file
cat /domus/h1/mama5390/genome_analysis/genome_analysis/scripts/braker/bam2hints.temp.10.gff >>/domus/h1/mama5390/genome_analysis/genome_analysis/scripts/braker/hintsfile.temp.gff
# Tue May 11 18:37:08 2021: add hints from BAM file /home/mama5390/genome_analysis/genome_analysis/out_files/star_alignment/new/bam/star_alignment_new_sel3_SRR1719211Aligned.sortedByCoord.out.bam to hints file
cat /domus/h1/mama5390/genome_analysis/genome_analysis/scripts/braker/bam2hints.temp.11.gff >>/domus/h1/mama5390/genome_analysis/genome_analysis/scripts/braker/hintsfile.temp.gff
# Tue May 11 18:37:08 2021: add hints from BAM file /home/mama5390/genome_analysis/genome_analysis/out_files/star_alignment/new/bam/star_alignment_new_sel3_SRR1719212Aligned.sortedByCoord.out.bam to hints file
cat /domus/h1/mama5390/genome_analysis/genome_analysis/scripts/braker/bam2hints.temp.12.gff >>/domus/h1/mama5390/genome_analysis/genome_analysis/scripts/braker/hintsfile.temp.gff
# Tue May 11 18:37:08 2021: add hints from BAM file /home/mama5390/genome_analysis/genome_analysis/out_files/star_alignment/new/bam/star_alignment_new_sel3_SRR1719213Aligned.sortedByCoord.out.bam to hints file
cat /domus/h1/mama5390/genome_analysis/genome_analysis/scripts/braker/bam2hints.temp.13.gff >>/domus/h1/mama5390/genome_analysis/genome_analysis/scripts/braker/hintsfile.temp.gff
# Tue May 11 18:37:08 2021: add hints from BAM file /home/mama5390/genome_analysis/genome_analysis/out_files/star_alignment/new/bam/star_alignment_new_sel3_SRR1719214Aligned.sortedByCoord.out.bam to hints file
cat /domus/h1/mama5390/genome_analysis/genome_analysis/scripts/braker/bam2hints.temp.14.gff >>/domus/h1/mama5390/genome_analysis/genome_analysis/scripts/braker/hintsfile.temp.gff
# Tue May 11 18:37:08 2021: add hints from BAM file /home/mama5390/genome_analysis/genome_analysis/out_files/star_alignment/new/bam/star_alignment_new_sel3_SRR1719241Aligned.sortedByCoord.out.bam to hints file
cat /domus/h1/mama5390/genome_analysis/genome_analysis/scripts/braker/bam2hints.temp.15.gff >>/domus/h1/mama5390/genome_analysis/genome_analysis/scripts/braker/hintsfile.temp.gff
# Tue May 11 18:37:09 2021: add hints from BAM file /home/mama5390/genome_analysis/genome_analysis/out_files/star_alignment/new/bam/star_alignment_new_sel3_SRR1719242Aligned.sortedByCoord.out.bam to hints file
cat /domus/h1/mama5390/genome_analysis/genome_analysis/scripts/braker/bam2hints.temp.16.gff >>/domus/h1/mama5390/genome_analysis/genome_analysis/scripts/braker/hintsfile.temp.gff
# Tue May 11 18:37:09 2021: Checking for hints of src=C and with grp tags that should not be joined according to multiplicity
# Tue May 11 18:37:09 2021: Joining hints that are identical (& from the same source) into multiplicity hints (input file /domus/h1/mama5390/genome_analysis/genome_analysis/scripts/braker/tmp_merge_hints.gff)
# Tue May 11 18:37:09 2021: sort hints of type rnaseq
cat /domus/h1/mama5390/genome_analysis/genome_analysis/scripts/braker/tmp_merge_hints.gff | sort -n -k 4,4 | sort -s -n -k 5,5 | sort -s -n -k 3,3 | sort -s -k 1,1 >/domus/h1/mama5390/genome_analysis/genome_analysis/scripts/braker/hints.rnaseq.temp.sort.gff
# Tue May 11 18:37:09 2021: join multiple hints
perl /sw/bioinfo/augustus/3.4.0/rackham/scripts/join_mult_hints.pl </domus/h1/mama5390/genome_analysis/genome_analysis/scripts/braker/hints.rnaseq.temp.sort.gff >/domus/h1/mama5390/genome_analysis/genome_analysis/scripts/braker/tmp_merge_hints.gff 2>/domus/h1/mama5390/genome_analysis/genome_analysis/scripts/braker/errors/join_mult_hints.rnaseq.stderr
mv /domus/h1/mama5390/genome_analysis/genome_analysis/scripts/braker/tmp_merge_hints.gff /domus/h1/mama5390/genome_analysis/genome_analysis/scripts/braker/hintsfile.temp.gff
# Tue May 11 18:37:09 2021: filter introns, find strand and change score to 'mult' entry
perl /sw/bioinfo/braker/2.1.5-20210115-e98b812/snowy/scripts/filterIntronsFindStrand.pl /domus/h1/mama5390/genome_analysis/genome_analysis/scripts/braker/genome.fa /domus/h1/mama5390/genome_analysis/genome_analysis/scripts/braker/hintsfile.temp.gff --score 1>>/domus/h1/mama5390/genome_analysis/genome_analysis/scripts/braker/hintsfile.gff 2>/domus/h1/mama5390/genome_analysis/genome_analysis/scripts/braker/errors/filterIntronsFindStrand.stderr
# Tue May 11 18:37:09 2021: rm /domus/h1/mama5390/genome_analysis/genome_analysis/scripts/braker/hintsfile.temp.gff
# Tue May 11 18:37:09 2021: Preparing hints for running GeneMark
# Tue May 11 18:37:09 2021: Filtering intron hints for GeneMark from /domus/h1/mama5390/genome_analysis/genome_analysis/scripts/braker/hintsfile.gff...
cat /domus/h1/mama5390/genome_analysis/genome_analysis/scripts/braker/genemark_hintsfile.gff.rnaseq | sort -n -k 4,4 | sort -s -n -k 5,5 | sort -s -k 3,3 | sort -s -k 1,1 | /sw/bioinfo/augustus/3.4.0/rackham/scripts/join_mult_hints.pl > /domus/h1/mama5390/genome_analysis/genome_analysis/scripts/braker/genemark_hintsfile.gff.rnaseq.tmp
mv /domus/h1/mama5390/genome_analysis/genome_analysis/scripts/braker/genemark_hintsfile.gff.rnaseq.tmp /domus/h1/mama5390/genome_analysis/genome_analysis/scripts/braker/genemark_hintsfile.gff
#**********************************************************************************
#                              RUNNING GENEMARK-EX                                 
#**********************************************************************************
# Tue May 11 18:37:09 2021: Checking whether file /domus/h1/mama5390/genome_analysis/genome_analysis/scripts/braker/genemark_hintsfile.gff contains enough hints and sufficient multiplicity information...
# Tue May 11 18:37:09 2021: Executing GeneMark-ET
# Tue May 11 18:37:09 2021: changing into GeneMark-ET directory /domus/h1/mama5390/genome_analysis/genome_analysis/scripts/braker/GeneMark-ET
cd /domus/h1/mama5390/genome_analysis/genome_analysis/scripts/braker/GeneMark-ET
# Tue May 11 18:37:09 2021: Executing gmes_petap.pl
perl /sw/bioinfo/GeneMark/4.62-es/snowy/gmes_petap.pl --verbose --sequence=/domus/h1/mama5390/genome_analysis/genome_analysis/scripts/braker/genome.fa --min_contig=500 --ET=/domus/h1/mama5390/genome_analysis/genome_analysis/scripts/braker/genemark_hintsfile.gff --cores=1 --gc_donor 0.001 1>/domus/h1/mama5390/genome_analysis/genome_analysis/scripts/braker/GeneMark-ET.stdout 2>/domus/h1/mama5390/genome_analysis/genome_analysis/scripts/braker/errors/GeneMark-ET.stderr
