STAR version=2.7.2b
STAR compilation time,server,dir=Mon Sep 16 09:34:15 CEST 2019 rackham5.uppmax.uu.se:/sw/bioinfo/star/2.7.2b/src/STAR-2.7.2b/source
##### Command Line:
STAR --runThreadN 2 --runMode genomeGenerate --genomeDir /home/mama5390/genome_analysis/genome_analysis/out_files/assembled_genome_index_ref --genomeFastaFiles /home/mama5390/genome_analysis/data/raw_data/wgs/sel3_NW_015504249.fa --genomeChrBinNbits 11 --genomeSAindexNbases 13
##### Initial USER parameters from Command Line:
###### All USER parameters from Command Line:
runThreadN                    2     ~RE-DEFINED
runMode                       genomeGenerate     ~RE-DEFINED
genomeDir                     /home/mama5390/genome_analysis/genome_analysis/out_files/assembled_genome_index_ref     ~RE-DEFINED
genomeFastaFiles              /home/mama5390/genome_analysis/data/raw_data/wgs/sel3_NW_015504249.fa        ~RE-DEFINED
genomeChrBinNbits             11     ~RE-DEFINED
genomeSAindexNbases           13     ~RE-DEFINED
##### Finished reading parameters from all sources

##### Final user re-defined parameters-----------------:
runMode                           genomeGenerate
runThreadN                        2
genomeDir                         /home/mama5390/genome_analysis/genome_analysis/out_files/assembled_genome_index_ref
genomeFastaFiles                  /home/mama5390/genome_analysis/data/raw_data/wgs/sel3_NW_015504249.fa   
genomeSAindexNbases               13
genomeChrBinNbits                 11

-------------------------------
##### Final effective command line:
STAR   --runMode genomeGenerate   --runThreadN 2   --genomeDir /home/mama5390/genome_analysis/genome_analysis/out_files/assembled_genome_index_ref   --genomeFastaFiles /home/mama5390/genome_analysis/data/raw_data/wgs/sel3_NW_015504249.fa      --genomeSAindexNbases 13   --genomeChrBinNbits 11
----------------------------------------

Finished loading and checking parameters
May 11 17:00:10 ... starting to generate Genome files
/home/mama5390/genome_analysis/data/raw_data/wgs/sel3_NW_015504249.fa : chr # 0  "NW_015504249.1" chrStart: 0
WARNING: --genomeSAindexNbases 13 is too large for the genome size=3381248, which may cause seg-fault at the mapping step. Re-run genome generation with recommended --genomeSAindexNbases 9 : May 11 17:00:11
Estimated genome size=204381248   3381248   201000000
GstrandBit=32
Number of SA indices: 6527852
May 11 17:00:11 ... starting to sort Suffix Array. This may take a long time...
Number of chunks: 1;   chunks size limit: 52222816 bytes
May 11 17:00:11 ... sorting Suffix Array chunks and saving them to disk...
Writing 52222816 bytes into /home/mama5390/genome_analysis/genome_analysis/out_files/assembled_genome_index_ref/SA_0 ; empty space on disk = 20017854611456 bytes ... done
May 11 17:00:14 ... loading chunks from disk, packing SA...
May 11 17:00:14 ... finished generating suffix array
May 11 17:00:14 ... generating Suffix Array index
May 11 17:00:16 ... completed Suffix Array index
May 11 17:00:16 ... writing Genome to disk ...
Writing 3381248 bytes into /home/mama5390/genome_analysis/genome_analysis/out_files/assembled_genome_index_ref/Genome ; empty space on disk = 20017801199616 bytes ... done
SA size in bytes: 26927393
May 11 17:00:16 ... writing Suffix Array to disk ...
Writing 26927393 bytes into /home/mama5390/genome_analysis/genome_analysis/out_files/assembled_genome_index_ref/SA ; empty space on disk = 20017797857280 bytes ... done
May 11 17:00:16 ... writing SAindex to disk
Writing 8 bytes into /home/mama5390/genome_analysis/genome_analysis/out_files/assembled_genome_index_ref/SAindex ; empty space on disk = 20017770659840 bytes ... done
Writing 112 bytes into /home/mama5390/genome_analysis/genome_analysis/out_files/assembled_genome_index_ref/SAindex ; empty space on disk = 20017770659840 bytes ... done
Writing 391468371 bytes into /home/mama5390/genome_analysis/genome_analysis/out_files/assembled_genome_index_ref/SAindex ; empty space on disk = 20017770659840 bytes ... done
May 11 17:00:23 ..... finished successfully
DONE: Genome generation, EXITING
