May 11 16:20:08 ..... started STAR run
May 11 16:20:08 ... starting to generate Genome files
WARNING: --genomeSAindexNbases 13 is too large for the genome size=3381248, which may cause seg-fault at the mapping step. Re-run genome generation with recommended --genomeSAindexNbases 9		 May 11 16:20:08
May 11 16:20:08 ... starting to sort Suffix Array. This may take a long time...
May 11 16:20:08 ... sorting Suffix Array chunks and saving them to disk...
May 11 16:20:11 ... loading chunks from disk, packing SA...
May 11 16:20:11 ... finished generating suffix array
May 11 16:20:11 ... generating Suffix Array index
May 11 16:20:13 ... completed Suffix Array index
May 11 16:20:13 ... writing Genome to disk ...
May 11 16:20:13 ... writing Suffix Array to disk ...
May 11 16:20:13 ... writing SAindex to disk
May 11 16:20:17 ..... finished successfully
/home/mama5390/genome_analysis/data/raw_data/rna_seq/trimmed/P/sel3_SRR1719013.trim_1P.fastq.gz
/home/mama5390/genome_analysis/data/raw_data/rna_seq/trimmed/P/sel3_SRR1719013
sel3_SRR1719013
May 11 16:20:17 ..... started STAR run
May 11 16:20:17 ..... loading genome
gzip: /home/mama5390/genome_analysis/data/raw_data/rna_seq/trimmed/sel3_SRR1719013.trim_1P.fastq.gz: No such file or directory
May 11 16:20:17 ..... started mapping
May 11 16:20:17 ..... finished mapping
May 11 16:20:17 ..... finished successfully
/home/mama5390/genome_analysis/data/raw_data/rna_seq/trimmed/P/sel3_SRR1719014.trim_1P.fastq.gz
/home/mama5390/genome_analysis/data/raw_data/rna_seq/trimmed/P/sel3_SRR1719014
sel3_SRR1719014
gzip: /home/mama5390/genome_analysis/data/raw_data/rna_seq/trimmed/sel3_SRR1719014.trim_1P.fastq.gz: No such file or directory
May 11 16:20:18 ..... started STAR run
May 11 16:20:18 ..... loading genome
May 11 16:20:18 ..... started mapping
May 11 16:20:18 ..... finished mapping
May 11 16:20:18 ..... finished successfully
/home/mama5390/genome_analysis/data/raw_data/rna_seq/trimmed/P/sel3_SRR1719015.trim_1P.fastq.gz
/home/mama5390/genome_analysis/data/raw_data/rna_seq/trimmed/P/sel3_SRR1719015
sel3_SRR1719015
gzip: /home/mama5390/genome_analysis/data/raw_data/rna_seq/trimmed/sel3_SRR1719015.trim_1P.fastq.gz: No such file or directory
May 11 16:20:18 ..... started STAR run
May 11 16:20:18 ..... loading genome
May 11 16:20:18 ..... started mapping
May 11 16:20:19 ..... finished mapping
May 11 16:20:19 ..... finished successfully
/home/mama5390/genome_analysis/data/raw_data/rna_seq/trimmed/P/sel3_SRR1719016.trim_1P.fastq.gz
/home/mama5390/genome_analysis/data/raw_data/rna_seq/trimmed/P/sel3_SRR1719016
sel3_SRR1719016
gzip: /home/mama5390/genome_analysis/data/raw_data/rna_seq/trimmed/sel3_SRR1719016.trim_1P.fastq.gz: No such file or directory
May 11 16:20:19 ..... started STAR run
May 11 16:20:19 ..... loading genome
May 11 16:20:19 ..... started mapping
May 11 16:20:19 ..... finished mapping
May 11 16:20:20 ..... finished successfully
/home/mama5390/genome_analysis/data/raw_data/rna_seq/trimmed/P/sel3_SRR1719017.trim_1P.fastq.gz
/home/mama5390/genome_analysis/data/raw_data/rna_seq/trimmed/P/sel3_SRR1719017
sel3_SRR1719017
gzip: /home/mama5390/genome_analysis/data/raw_data/rna_seq/trimmed/sel3_SRR1719017.trim_1P.fastq.gz: No such file or directory
May 11 16:20:20 ..... started STAR run
May 11 16:20:20 ..... loading genome
May 11 16:20:20 ..... started mapping
May 11 16:20:20 ..... finished mapping
May 11 16:20:20 ..... finished successfully
/home/mama5390/genome_analysis/data/raw_data/rna_seq/trimmed/P/sel3_SRR1719018.trim_1P.fastq.gz
/home/mama5390/genome_analysis/data/raw_data/rna_seq/trimmed/P/sel3_SRR1719018
sel3_SRR1719018
gzip: /home/mama5390/genome_analysis/data/raw_data/rna_seq/trimmed/sel3_SRR1719018.trim_1P.fastq.gz: No such file or directory
May 11 16:20:20 ..... started STAR run
May 11 16:20:20 ..... loading genome
May 11 16:20:21 ..... started mapping
May 11 16:20:21 ..... finished mapping
May 11 16:20:21 ..... finished successfully
/home/mama5390/genome_analysis/data/raw_data/rna_seq/trimmed/P/sel3_SRR1719204.trim_1P.fastq.gz
/home/mama5390/genome_analysis/data/raw_data/rna_seq/trimmed/P/sel3_SRR1719204
sel3_SRR1719204
gzip: /home/mama5390/genome_analysis/data/raw_data/rna_seq/trimmed/sel3_SRR1719204.trim_1P.fastq.gz: No such file or directory
May 11 16:20:21 ..... started STAR run
May 11 16:20:21 ..... loading genome
May 11 16:20:21 ..... started mapping
May 11 16:20:21 ..... finished mapping
May 11 16:20:22 ..... finished successfully
/home/mama5390/genome_analysis/data/raw_data/rna_seq/trimmed/P/sel3_SRR1719206.trim_1P.fastq.gz
/home/mama5390/genome_analysis/data/raw_data/rna_seq/trimmed/P/sel3_SRR1719206
sel3_SRR1719206
gzip: /home/mama5390/genome_analysis/data/raw_data/rna_seq/trimmed/sel3_SRR1719206.trim_1P.fastq.gz: No such file or directory
May 11 16:20:22 ..... started STAR run
May 11 16:20:22 ..... loading genome
May 11 16:20:22 ..... started mapping
May 11 16:20:22 ..... finished mapping
May 11 16:20:22 ..... finished successfully
/home/mama5390/genome_analysis/data/raw_data/rna_seq/trimmed/P/sel3_SRR1719207.trim_1P.fastq.gz
/home/mama5390/genome_analysis/data/raw_data/rna_seq/trimmed/P/sel3_SRR1719207
sel3_SRR1719207
gzip: /home/mama5390/genome_analysis/data/raw_data/rna_seq/trimmed/sel3_SRR1719207.trim_1P.fastq.gz: No such file or directory
May 11 16:20:22 ..... started STAR run
May 11 16:20:22 ..... loading genome
May 11 16:20:23 ..... started mapping
May 11 16:20:23 ..... finished mapping
May 11 16:20:23 ..... finished successfully
/home/mama5390/genome_analysis/data/raw_data/rna_seq/trimmed/P/sel3_SRR1719208.trim_1P.fastq.gz
/home/mama5390/genome_analysis/data/raw_data/rna_seq/trimmed/P/sel3_SRR1719208
sel3_SRR1719208
gzip: /home/mama5390/genome_analysis/data/raw_data/rna_seq/trimmed/sel3_SRR1719208.trim_1P.fastq.gz: No such file or directory
May 11 16:20:23 ..... started STAR run
May 11 16:20:23 ..... loading genome
May 11 16:20:23 ..... started mapping
May 11 16:20:24 ..... finished mapping
May 11 16:20:24 ..... finished successfully
/home/mama5390/genome_analysis/data/raw_data/rna_seq/trimmed/P/sel3_SRR1719209.trim_1P.fastq.gz
/home/mama5390/genome_analysis/data/raw_data/rna_seq/trimmed/P/sel3_SRR1719209
sel3_SRR1719209
gzip: /home/mama5390/genome_analysis/data/raw_data/rna_seq/trimmed/sel3_SRR1719209.trim_1P.fastq.gz: No such file or directory
May 11 16:20:24 ..... started STAR run
May 11 16:20:24 ..... loading genome
May 11 16:20:24 ..... started mapping
May 11 16:20:24 ..... finished mapping
May 11 16:20:24 ..... finished successfully
/home/mama5390/genome_analysis/data/raw_data/rna_seq/trimmed/P/sel3_SRR1719211.trim_1P.fastq.gz
/home/mama5390/genome_analysis/data/raw_data/rna_seq/trimmed/P/sel3_SRR1719211
sel3_SRR1719211
gzip: /home/mama5390/genome_analysis/data/raw_data/rna_seq/trimmed/sel3_SRR1719211.trim_1P.fastq.gz: No such file or directory
May 11 16:20:25 ..... started STAR run
May 11 16:20:25 ..... loading genome
May 11 16:20:25 ..... started mapping
May 11 16:20:25 ..... finished mapping
May 11 16:20:25 ..... finished successfully
/home/mama5390/genome_analysis/data/raw_data/rna_seq/trimmed/P/sel3_SRR1719212.trim_1P.fastq.gz
/home/mama5390/genome_analysis/data/raw_data/rna_seq/trimmed/P/sel3_SRR1719212
sel3_SRR1719212
gzip: /home/mama5390/genome_analysis/data/raw_data/rna_seq/trimmed/sel3_SRR1719212.trim_1P.fastq.gz: No such file or directory
May 11 16:20:25 ..... started STAR run
May 11 16:20:25 ..... loading genome
May 11 16:20:26 ..... started mapping
May 11 16:20:26 ..... finished mapping
May 11 16:20:26 ..... finished successfully
/home/mama5390/genome_analysis/data/raw_data/rna_seq/trimmed/P/sel3_SRR1719213.trim_1P.fastq.gz
/home/mama5390/genome_analysis/data/raw_data/rna_seq/trimmed/P/sel3_SRR1719213
sel3_SRR1719213
gzip: /home/mama5390/genome_analysis/data/raw_data/rna_seq/trimmed/sel3_SRR1719213.trim_1P.fastq.gz: No such file or directory
May 11 16:20:26 ..... started STAR run
May 11 16:20:26 ..... loading genome
May 11 16:20:26 ..... started mapping
May 11 16:20:27 ..... finished mapping
May 11 16:20:27 ..... finished successfully
/home/mama5390/genome_analysis/data/raw_data/rna_seq/trimmed/P/sel3_SRR1719214.trim_1P.fastq.gz
/home/mama5390/genome_analysis/data/raw_data/rna_seq/trimmed/P/sel3_SRR1719214
sel3_SRR1719214
gzip: /home/mama5390/genome_analysis/data/raw_data/rna_seq/trimmed/sel3_SRR1719214.trim_1P.fastq.gz: No such file or directory
May 11 16:20:27 ..... started STAR run
May 11 16:20:27 ..... loading genome
May 11 16:20:27 ..... started mapping
May 11 16:20:27 ..... finished mapping
May 11 16:20:27 ..... finished successfully
/home/mama5390/genome_analysis/data/raw_data/rna_seq/trimmed/P/sel3_SRR1719241.trim_1P.fastq.gz
/home/mama5390/genome_analysis/data/raw_data/rna_seq/trimmed/P/sel3_SRR1719241
sel3_SRR1719241
gzip: /home/mama5390/genome_analysis/data/raw_data/rna_seq/trimmed/sel3_SRR1719241.trim_1P.fastq.gz: No such file or directory
May 11 16:20:27 ..... started STAR run
May 11 16:20:27 ..... loading genome
May 11 16:20:28 ..... started mapping
May 11 16:20:28 ..... finished mapping
May 11 16:20:28 ..... finished successfully
/home/mama5390/genome_analysis/data/raw_data/rna_seq/trimmed/P/sel3_SRR1719242.trim_1P.fastq.gz
/home/mama5390/genome_analysis/data/raw_data/rna_seq/trimmed/P/sel3_SRR1719242
sel3_SRR1719242
gzip: /home/mama5390/genome_analysis/data/raw_data/rna_seq/trimmed/sel3_SRR1719242.trim_1P.fastq.gz: No such file or directory
May 11 16:20:28 ..... started STAR run
May 11 16:20:28 ..... loading genome
May 11 16:20:29 ..... started mapping
May 11 16:20:29 ..... finished mapping
May 11 16:20:29 ..... finished successfully
