May 11 16:28:07 ..... started STAR run
May 11 16:28:07 ... starting to generate Genome files
WARNING: --genomeSAindexNbases 13 is too large for the genome size=3381248, which may cause seg-fault at the mapping step. Re-run genome generation with recommended --genomeSAindexNbases 9		 May 11 16:28:07
May 11 16:28:07 ... starting to sort Suffix Array. This may take a long time...
May 11 16:28:07 ... sorting Suffix Array chunks and saving them to disk...
May 11 16:28:11 ... loading chunks from disk, packing SA...
May 11 16:28:11 ... finished generating suffix array
May 11 16:28:11 ... generating Suffix Array index
May 11 16:28:12 ... completed Suffix Array index
May 11 16:28:12 ... writing Genome to disk ...
May 11 16:28:12 ... writing Suffix Array to disk ...
May 11 16:28:13 ... writing SAindex to disk
May 11 16:28:16 ..... finished successfully
/home/mama5390/genome_analysis/data/raw_data/rna_seq/trimmed/P/sel3_SRR1719013.trim_1P.fastq.gz
/home/mama5390/genome_analysis/data/raw_data/rna_seq/trimmed/P/sel3_SRR1719013
sel3_SRR1719013
May 11 16:28:16 ..... started STAR run
May 11 16:28:16 ..... loading genome
May 11 16:28:17 ..... started mapping
May 11 16:29:32 ..... finished mapping
May 11 16:29:32 ..... finished successfully
/home/mama5390/genome_analysis/data/raw_data/rna_seq/trimmed/P/sel3_SRR1719014.trim_1P.fastq.gz
/home/mama5390/genome_analysis/data/raw_data/rna_seq/trimmed/P/sel3_SRR1719014
sel3_SRR1719014
May 11 16:29:33 ..... started STAR run
May 11 16:29:33 ..... loading genome
May 11 16:29:33 ..... started mapping
May 11 16:30:54 ..... finished mapping
May 11 16:30:54 ..... finished successfully
/home/mama5390/genome_analysis/data/raw_data/rna_seq/trimmed/P/sel3_SRR1719015.trim_1P.fastq.gz
/home/mama5390/genome_analysis/data/raw_data/rna_seq/trimmed/P/sel3_SRR1719015
sel3_SRR1719015
May 11 16:30:55 ..... started STAR run
May 11 16:30:55 ..... loading genome
May 11 16:30:55 ..... started mapping
May 11 16:32:42 ..... finished mapping
May 11 16:32:42 ..... finished successfully
/home/mama5390/genome_analysis/data/raw_data/rna_seq/trimmed/P/sel3_SRR1719016.trim_1P.fastq.gz
/home/mama5390/genome_analysis/data/raw_data/rna_seq/trimmed/P/sel3_SRR1719016
sel3_SRR1719016
May 11 16:32:42 ..... started STAR run
May 11 16:32:42 ..... loading genome
May 11 16:32:42 ..... started mapping
May 11 16:34:45 ..... finished mapping
May 11 16:34:45 ..... finished successfully
/home/mama5390/genome_analysis/data/raw_data/rna_seq/trimmed/P/sel3_SRR1719017.trim_1P.fastq.gz
/home/mama5390/genome_analysis/data/raw_data/rna_seq/trimmed/P/sel3_SRR1719017
sel3_SRR1719017
May 11 16:34:46 ..... started STAR run
May 11 16:34:46 ..... loading genome
May 11 16:34:47 ..... started mapping
May 11 16:36:19 ..... finished mapping
May 11 16:36:19 ..... finished successfully
/home/mama5390/genome_analysis/data/raw_data/rna_seq/trimmed/P/sel3_SRR1719018.trim_1P.fastq.gz
/home/mama5390/genome_analysis/data/raw_data/rna_seq/trimmed/P/sel3_SRR1719018
sel3_SRR1719018
May 11 16:36:19 ..... started STAR run
May 11 16:36:19 ..... loading genome
May 11 16:36:20 ..... started mapping
May 11 16:38:03 ..... finished mapping
May 11 16:38:04 ..... finished successfully
/home/mama5390/genome_analysis/data/raw_data/rna_seq/trimmed/P/sel3_SRR1719204.trim_1P.fastq.gz
/home/mama5390/genome_analysis/data/raw_data/rna_seq/trimmed/P/sel3_SRR1719204
sel3_SRR1719204
May 11 16:38:04 ..... started STAR run
May 11 16:38:04 ..... loading genome
May 11 16:38:04 ..... started mapping
May 11 16:39:24 ..... finished mapping
May 11 16:39:24 ..... finished successfully
/home/mama5390/genome_analysis/data/raw_data/rna_seq/trimmed/P/sel3_SRR1719206.trim_1P.fastq.gz
/home/mama5390/genome_analysis/data/raw_data/rna_seq/trimmed/P/sel3_SRR1719206
sel3_SRR1719206
May 11 16:39:25 ..... started STAR run
May 11 16:39:25 ..... loading genome
May 11 16:39:25 ..... started mapping
May 11 16:41:47 ..... finished mapping
May 11 16:41:47 ..... finished successfully
/home/mama5390/genome_analysis/data/raw_data/rna_seq/trimmed/P/sel3_SRR1719207.trim_1P.fastq.gz
/home/mama5390/genome_analysis/data/raw_data/rna_seq/trimmed/P/sel3_SRR1719207
sel3_SRR1719207
May 11 16:41:48 ..... started STAR run
May 11 16:41:48 ..... loading genome
May 11 16:41:48 ..... started mapping
May 11 16:43:21 ..... finished mapping
May 11 16:43:21 ..... finished successfully
/home/mama5390/genome_analysis/data/raw_data/rna_seq/trimmed/P/sel3_SRR1719208.trim_1P.fastq.gz
/home/mama5390/genome_analysis/data/raw_data/rna_seq/trimmed/P/sel3_SRR1719208
sel3_SRR1719208
May 11 16:43:23 ..... started STAR run
May 11 16:43:23 ..... loading genome
May 11 16:43:23 ..... started mapping
May 11 16:44:37 ..... finished mapping
May 11 16:44:37 ..... finished successfully
/home/mama5390/genome_analysis/data/raw_data/rna_seq/trimmed/P/sel3_SRR1719209.trim_1P.fastq.gz
/home/mama5390/genome_analysis/data/raw_data/rna_seq/trimmed/P/sel3_SRR1719209
sel3_SRR1719209
May 11 16:44:38 ..... started STAR run
May 11 16:44:38 ..... loading genome
May 11 16:44:38 ..... started mapping
May 11 16:45:48 ..... finished mapping
May 11 16:45:48 ..... finished successfully
/home/mama5390/genome_analysis/data/raw_data/rna_seq/trimmed/P/sel3_SRR1719211.trim_1P.fastq.gz
/home/mama5390/genome_analysis/data/raw_data/rna_seq/trimmed/P/sel3_SRR1719211
sel3_SRR1719211
May 11 16:45:49 ..... started STAR run
May 11 16:45:49 ..... loading genome
May 11 16:45:49 ..... started mapping
May 11 16:47:16 ..... finished mapping
May 11 16:47:16 ..... finished successfully
/home/mama5390/genome_analysis/data/raw_data/rna_seq/trimmed/P/sel3_SRR1719212.trim_1P.fastq.gz
/home/mama5390/genome_analysis/data/raw_data/rna_seq/trimmed/P/sel3_SRR1719212
sel3_SRR1719212
May 11 16:47:16 ..... started STAR run
May 11 16:47:16 ..... loading genome
May 11 16:47:16 ..... started mapping
May 11 16:49:44 ..... finished mapping
May 11 16:49:44 ..... finished successfully
/home/mama5390/genome_analysis/data/raw_data/rna_seq/trimmed/P/sel3_SRR1719213.trim_1P.fastq.gz
/home/mama5390/genome_analysis/data/raw_data/rna_seq/trimmed/P/sel3_SRR1719213
sel3_SRR1719213
May 11 16:49:45 ..... started STAR run
May 11 16:49:45 ..... loading genome
May 11 16:49:45 ..... started mapping
May 11 16:51:38 ..... finished mapping
May 11 16:51:38 ..... finished successfully
/home/mama5390/genome_analysis/data/raw_data/rna_seq/trimmed/P/sel3_SRR1719214.trim_1P.fastq.gz
/home/mama5390/genome_analysis/data/raw_data/rna_seq/trimmed/P/sel3_SRR1719214
sel3_SRR1719214
May 11 16:51:38 ..... started STAR run
May 11 16:51:38 ..... loading genome
May 11 16:51:38 ..... started mapping
May 11 16:53:31 ..... finished mapping
May 11 16:53:31 ..... finished successfully
/home/mama5390/genome_analysis/data/raw_data/rna_seq/trimmed/P/sel3_SRR1719241.trim_1P.fastq.gz
/home/mama5390/genome_analysis/data/raw_data/rna_seq/trimmed/P/sel3_SRR1719241
sel3_SRR1719241
May 11 16:53:31 ..... started STAR run
May 11 16:53:31 ..... loading genome
May 11 16:53:32 ..... started mapping
May 11 16:54:47 ..... finished mapping
May 11 16:54:47 ..... finished successfully
/home/mama5390/genome_analysis/data/raw_data/rna_seq/trimmed/P/sel3_SRR1719242.trim_1P.fastq.gz
/home/mama5390/genome_analysis/data/raw_data/rna_seq/trimmed/P/sel3_SRR1719242
sel3_SRR1719242
May 11 16:54:48 ..... started STAR run
May 11 16:54:48 ..... loading genome
May 11 16:54:48 ..... started mapping
May 11 16:56:43 ..... finished mapping
May 11 16:56:43 ..... finished successfully
