1183 GFF lines processed.
100000 alignment record pairs processed.
175097 alignment pairs processed.
100000 alignment record pairs processed.
200000 alignment record pairs processed.
201233 alignment pairs processed.
100000 alignment record pairs processed.
192606 alignment pairs processed.
100000 alignment record pairs processed.
172531 alignment pairs processed.
AFF4	5530	8273	4515	3980
CAMLG	721	951	607	573
CATSPER3	342	303	435	383
CDKL3	16	37	62	28
CDKN2AIPNL	213	169	207	175
CXCL14	3251	2295	2819	3143
DDX46	5321	5540	4767	3986
FBXL21	321	502	432	294
FSTL4	0	5	0	0
GDF9	173	77	130	121
HSPA4	4597	5839	4895	4962
IL9	0	0	0	0
JADE2	533	384	540	428
LEAP2	0	0	0	0
LECT2	0	0	0	3
LOC107525377	35	31	27	30
LOC107525378	2563	2515	2754	2948
LOC107525383	5628	10121	5914	5704
LOC107525385	42	46	78	68
LOC107525389	323	304	473	284
LOC107525399	11419	11510	5482	5276
LOC107525405	4972	4167	6705	5738
LOC107525406	246	183	175	160
LOC107525407	0	0	0	0
LOC107525408	0	0	0	0
LOC107525414	2104	1622	2207	1903
LOC107525417	8	15	8	7
LOC107525420	339	418	479	621
LOC107525423	1279	846	1200	1373
LOC107525426	0	0	0	0
LOC107525427	481	353	213	236
LOC107525428	0	8	1	2
LOC107525429	360	303	376	428
NEUROG1	0	0	2	0
PCBD2	106	83	117	105
PITX1	0	0	267	339
PPP2CA	10941	14587	9032	7636
SAR1B	425	517	341	304
SEC24A	3098	4329	2213	1985
SHROOM1	343	203	349	419
SKP1	4237	4011	3231	3308
SLC25A48	13	15	24	10
SMAD5	16930	20891	12768	12219
SOWAHA	40	8	22	35
TCF7	532	600	512	480
TGFBI	1591	1013	2446	1994
TIFAB	0	0	0	0
TRPC7	0	0	0	0
TXNDC15	922	947	1051	701
UBE2B	1320	1895	1071	892
VDAC1	3664	3345	3537	3232
ZCCHC10	743	1060	593	501
__no_feature	73197	84184	99766	86673
__ambiguous	30	29	24	12
__too_low_aQual	0	0	0	0
__not_aligned	0	0	0	0
__alignment_not_unique	6148	6699	9739	8832
