/sw/bioinfo/GeneMark/4.62-es/snowy/gmes_petap.pl : [Tue May  4 13:25:19 2021] /sw/bioinfo/GeneMark/4.62-es/rackham/probuild --reformat_fasta --uppercase --allow_x --letters_per_line 60 --out data/dna.fna --label _dna --trace info/dna.trace --in /domus/h1/mama5390/genome_analysis/genome_analysis/scripts/braker/M_Natalensis/genome.fa  --mask_soft 1000 
/sw/bioinfo/GeneMark/4.62-es/snowy/gmes_petap.pl : [Tue May  4 13:25:20 2021] /sw/bioinfo/GeneMark/4.62-es/rackham/reformat_gff.pl --out data/et.gff  --trace info/dna.trace  --in /domus/h1/mama5390/genome_analysis/genome_analysis/scripts/braker/M_Natalensis/genemark_hintsfile.gff  --quiet
/sw/bioinfo/GeneMark/4.62-es/snowy/gmes_petap.pl : [Tue May  4 13:25:20 2021] /sw/bioinfo/GeneMark/4.62-es/rackham/probuild  --seq data/dna.fna  --allow_x  --stat info/dna.general  --details
/sw/bioinfo/GeneMark/4.62-es/snowy/gmes_petap.pl : [Tue May  4 13:25:20 2021] /sw/bioinfo/GeneMark/4.62-es/rackham/probuild  --seq data/dna.fna  --allow_x  --stat_fasta info/dna.multi_fasta
/sw/bioinfo/GeneMark/4.62-es/snowy/gmes_petap.pl : [Tue May  4 13:25:20 2021] /sw/bioinfo/GeneMark/4.62-es/rackham/probuild  --seq data/dna.fna  --allow_x  --substring_n_distr info/dna.gap_distr
/sw/bioinfo/GeneMark/4.62-es/snowy/gmes_petap.pl : [Tue May  4 13:25:20 2021] /sw/bioinfo/GeneMark/4.62-es/rackham/gc_distr.pl --in data/dna.fna  --out info/dna.gc.csv  --w 1000,8000
/sw/bioinfo/GeneMark/4.62-es/snowy/gmes_petap.pl : [Tue May  4 13:25:20 2021] /sw/bioinfo/GeneMark/4.62-es/rackham/probuild  --seq /domus/h1/mama5390/genome_analysis/genome_analysis/scripts/braker/M_Natalensis/GeneMark-ET/data/dna.fna  --split dna.fa  --max_contig 5000000 --min_contig 50000 --letters_per_line 100 --split_at_n 5000 --split_at_x 5000 --allow_x --x_to_n  --trace ../../info/training.trace 
/sw/bioinfo/GeneMark/4.62-es/snowy/gmes_petap.pl : [Tue May  4 13:25:20 2021] /sw/bioinfo/GeneMark/4.62-es/rackham/rescale_gff.pl  --in data/et.gff  --trace info/training.trace  --out data/et_training.gff
/sw/bioinfo/GeneMark/4.62-es/snowy/gmes_petap.pl : [Tue May  4 13:25:21 2021] /sw/bioinfo/GeneMark/4.62-es/rackham/probuild --seq data/training.fna --stat info/training.general --allow_x  --GC_PRECISION 0  --details
/sw/bioinfo/GeneMark/4.62-es/snowy/gmes_petap.pl : [Tue May  4 13:25:21 2021] /sw/bioinfo/GeneMark/4.62-es/rackham/parse_by_introns.pl  --section ET_ini  --cfg  /domus/h1/mama5390/genome_analysis/genome_analysis/scripts/braker/M_Natalensis/GeneMark-ET/run.cfg  --parse_dir /domus/h1/mama5390/genome_analysis/genome_analysis/scripts/braker/M_Natalensis/GeneMark-ET/run/ET_ini
/sw/bioinfo/GeneMark/4.62-es/snowy/gmes_petap.pl : [Tue May  4 13:25:21 2021] /sw/bioinfo/GeneMark/4.62-es/rackham/make_nt_freq_mat.pl --cfg /domus/h1/mama5390/genome_analysis/genome_analysis/scripts/braker/M_Natalensis/GeneMark-ET/run.cfg --section donor_GT    --format DONOR 
/sw/bioinfo/GeneMark/4.62-es/snowy/gmes_petap.pl : [Tue May  4 13:25:21 2021] /sw/bioinfo/GeneMark/4.62-es/rackham/make_nt_freq_mat.pl --cfg /domus/h1/mama5390/genome_analysis/genome_analysis/scripts/braker/M_Natalensis/GeneMark-ET/run.cfg --section acceptor_AG --format ACCEPTOR 
/sw/bioinfo/GeneMark/4.62-es/snowy/gmes_petap.pl : [Tue May  4 13:25:24 2021] /sw/bioinfo/GeneMark/4.62-es/rackham/histogram.pl --cfg /domus/h1/mama5390/genome_analysis/genome_analysis/scripts/braker/M_Natalensis/GeneMark-ET/run.cfg --section intron_DUR
/sw/bioinfo/GeneMark/4.62-es/snowy/gmes_petap.pl : [Tue May  4 13:25:24 2021] /sw/bioinfo/GeneMark/4.62-es/rackham/build_mod.pl --cfg /domus/h1/mama5390/genome_analysis/genome_analysis/scripts/braker/M_Natalensis/GeneMark-ET/run.cfg  --section ET_ini --def /sw/bioinfo/GeneMark/4.62-es/rackham/heu_dir/heu_05_gcode_1_gc_45.mod 
/sw/bioinfo/GeneMark/4.62-es/snowy/gmes_petap.pl : [Tue May  4 13:25:24 2021] ln -sf  /domus/h1/mama5390/genome_analysis/genome_analysis/scripts/braker/M_Natalensis/GeneMark-ET/run/ET_ini/et_ini.mod  run/ini.mod
/sw/bioinfo/GeneMark/4.62-es/snowy/gmes_petap.pl : [Tue May  4 13:25:24 2021] 1 contigs in training
/sw/bioinfo/GeneMark/4.62-es/snowy/gmes_petap.pl : [Tue May  4 13:26:46 2021] ln -sf /domus/h1/mama5390/genome_analysis/genome_analysis/scripts/braker/M_Natalensis/GeneMark-ET/run/ET_ini/et_ini.mod  /domus/h1/mama5390/genome_analysis/genome_analysis/scripts/braker/M_Natalensis/GeneMark-ET/run/ET_A_1/prev.mod
/sw/bioinfo/GeneMark/4.62-es/snowy/gmes_petap.pl : [Tue May  4 13:26:46 2021] /sw/bioinfo/GeneMark/4.62-es/rackham/parse_ET.pl --section ET_A --cfg  /domus/h1/mama5390/genome_analysis/genome_analysis/scripts/braker/M_Natalensis/GeneMark-ET/run.cfg  --v
/sw/bioinfo/GeneMark/4.62-es/snowy/gmes_petap.pl : [Tue May  4 13:26:46 2021] /sw/bioinfo/GeneMark/4.62-es/rackham/make_nt_freq_mat.pl --cfg /domus/h1/mama5390/genome_analysis/genome_analysis/scripts/braker/M_Natalensis/GeneMark-ET/run.cfg --section start_ATG  --format INI
/sw/bioinfo/GeneMark/4.62-es/snowy/gmes_petap.pl : [Tue May  4 13:26:47 2021] /sw/bioinfo/GeneMark/4.62-es/rackham/make_nt_freq_mat.pl --cfg /domus/h1/mama5390/genome_analysis/genome_analysis/scripts/braker/M_Natalensis/GeneMark-ET/run.cfg --section stop_TAA   --format TERM_TAA
/sw/bioinfo/GeneMark/4.62-es/snowy/gmes_petap.pl : [Tue May  4 13:26:47 2021] /sw/bioinfo/GeneMark/4.62-es/rackham/make_nt_freq_mat.pl --cfg /domus/h1/mama5390/genome_analysis/genome_analysis/scripts/braker/M_Natalensis/GeneMark-ET/run.cfg --section stop_TAG   --format TERM_TAG
/sw/bioinfo/GeneMark/4.62-es/snowy/gmes_petap.pl : [Tue May  4 13:26:47 2021] /sw/bioinfo/GeneMark/4.62-es/rackham/make_nt_freq_mat.pl --cfg /domus/h1/mama5390/genome_analysis/genome_analysis/scripts/braker/M_Natalensis/GeneMark-ET/run.cfg --section stop_TGA   --format TERM_TGA
/sw/bioinfo/GeneMark/4.62-es/snowy/gmes_petap.pl : [Tue May  4 13:26:47 2021] /sw/bioinfo/GeneMark/4.62-es/rackham/probuild --cod cod.seq --non non.seq --mkmod_euk mkch    --MKCHAIN_L_MARGING 0  --MKCHAIN_R_MARGING 0  --MKCHAIN_PSEUDOCOUNTS 1  --MKCHAIN_PRECISION 8 --revcomp_non  --ORDM 5 
/sw/bioinfo/GeneMark/4.62-es/snowy/gmes_petap.pl : [Tue May  4 13:26:47 2021] /sw/bioinfo/GeneMark/4.62-es/rackham/build_mod.pl --cfg /domus/h1/mama5390/genome_analysis/genome_analysis/scripts/braker/M_Natalensis/GeneMark-ET/run.cfg --section ET_A --def prev.mod  --out ET_A_1.mod 
/sw/bioinfo/GeneMark/4.62-es/snowy/gmes_petap.pl : [Tue May  4 13:26:47 2021] 1 contigs in training
/sw/bioinfo/GeneMark/4.62-es/snowy/gmes_petap.pl : [Tue May  4 13:28:11 2021] ln -sf /domus/h1/mama5390/genome_analysis/genome_analysis/scripts/braker/M_Natalensis/GeneMark-ET/run/ET_A_1/ET_A_1.mod  /domus/h1/mama5390/genome_analysis/genome_analysis/scripts/braker/M_Natalensis/GeneMark-ET/run/ET_B_1/prev.mod
/sw/bioinfo/GeneMark/4.62-es/snowy/gmes_petap.pl : [Tue May  4 13:28:12 2021] /sw/bioinfo/GeneMark/4.62-es/rackham/parse_ET.pl --section ET_B --cfg  /domus/h1/mama5390/genome_analysis/genome_analysis/scripts/braker/M_Natalensis/GeneMark-ET/run.cfg  --v
/sw/bioinfo/GeneMark/4.62-es/snowy/gmes_petap.pl : [Tue May  4 13:28:12 2021] /sw/bioinfo/GeneMark/4.62-es/rackham/make_nt_freq_mat.pl --cfg /domus/h1/mama5390/genome_analysis/genome_analysis/scripts/braker/M_Natalensis/GeneMark-ET/run.cfg --section start_ATG  --format INI
/sw/bioinfo/GeneMark/4.62-es/snowy/gmes_petap.pl : [Tue May  4 13:28:12 2021] /sw/bioinfo/GeneMark/4.62-es/rackham/make_nt_freq_mat.pl --cfg /domus/h1/mama5390/genome_analysis/genome_analysis/scripts/braker/M_Natalensis/GeneMark-ET/run.cfg --section stop_TAA   --format TERM_TAA
/sw/bioinfo/GeneMark/4.62-es/snowy/gmes_petap.pl : [Tue May  4 13:28:12 2021] /sw/bioinfo/GeneMark/4.62-es/rackham/make_nt_freq_mat.pl --cfg /domus/h1/mama5390/genome_analysis/genome_analysis/scripts/braker/M_Natalensis/GeneMark-ET/run.cfg --section stop_TAG   --format TERM_TAG
/sw/bioinfo/GeneMark/4.62-es/snowy/gmes_petap.pl : [Tue May  4 13:28:12 2021] /sw/bioinfo/GeneMark/4.62-es/rackham/make_nt_freq_mat.pl --cfg /domus/h1/mama5390/genome_analysis/genome_analysis/scripts/braker/M_Natalensis/GeneMark-ET/run.cfg --section stop_TGA   --format TERM_TGA
/sw/bioinfo/GeneMark/4.62-es/snowy/gmes_petap.pl : [Tue May  4 13:28:12 2021] /sw/bioinfo/GeneMark/4.62-es/rackham/probuild --cod cod.seq --non non.seq --mkmod_euk mkch    --MKCHAIN_L_MARGING 0  --MKCHAIN_R_MARGING 0  --MKCHAIN_PSEUDOCOUNTS 1  --MKCHAIN_PRECISION 8 --revcomp_non  --ORDM 5 
/sw/bioinfo/GeneMark/4.62-es/snowy/gmes_petap.pl : [Tue May  4 13:28:14 2021] /sw/bioinfo/GeneMark/4.62-es/rackham/histogram.pl --cfg /domus/h1/mama5390/genome_analysis/genome_analysis/scripts/braker/M_Natalensis/GeneMark-ET/run.cfg --section initial_DUR
/sw/bioinfo/GeneMark/4.62-es/snowy/gmes_petap.pl : [Tue May  4 13:28:16 2021] /sw/bioinfo/GeneMark/4.62-es/rackham/histogram.pl --cfg /domus/h1/mama5390/genome_analysis/genome_analysis/scripts/braker/M_Natalensis/GeneMark-ET/run.cfg --section internal_DUR
/sw/bioinfo/GeneMark/4.62-es/snowy/gmes_petap.pl : [Tue May  4 13:28:18 2021] /sw/bioinfo/GeneMark/4.62-es/rackham/histogram.pl --cfg /domus/h1/mama5390/genome_analysis/genome_analysis/scripts/braker/M_Natalensis/GeneMark-ET/run.cfg --section terminal_DUR
/sw/bioinfo/GeneMark/4.62-es/snowy/gmes_petap.pl : [Tue May  4 13:28:19 2021] /sw/bioinfo/GeneMark/4.62-es/rackham/histogram.pl --cfg /domus/h1/mama5390/genome_analysis/genome_analysis/scripts/braker/M_Natalensis/GeneMark-ET/run.cfg --section single_DUR
/sw/bioinfo/GeneMark/4.62-es/snowy/gmes_petap.pl : [Tue May  4 13:28:19 2021] /sw/bioinfo/GeneMark/4.62-es/rackham/build_mod.pl --cfg /domus/h1/mama5390/genome_analysis/genome_analysis/scripts/braker/M_Natalensis/GeneMark-ET/run.cfg --section ET_B --def prev.mod  --out ET_B_1.mod 
/sw/bioinfo/GeneMark/4.62-es/snowy/gmes_petap.pl : [Tue May  4 13:28:19 2021] 1 contigs in training
/sw/bioinfo/GeneMark/4.62-es/snowy/gmes_petap.pl : [Tue May  4 13:29:43 2021] ln -sf /domus/h1/mama5390/genome_analysis/genome_analysis/scripts/braker/M_Natalensis/GeneMark-ET/run/ET_B_1/ET_B_1.mod  /domus/h1/mama5390/genome_analysis/genome_analysis/scripts/braker/M_Natalensis/GeneMark-ET/run/ET_C_1/prev.mod
/sw/bioinfo/GeneMark/4.62-es/snowy/gmes_petap.pl : [Tue May  4 13:29:43 2021] /sw/bioinfo/GeneMark/4.62-es/rackham/parse_ET.pl --section ET_C --cfg  /domus/h1/mama5390/genome_analysis/genome_analysis/scripts/braker/M_Natalensis/GeneMark-ET/run.cfg  --v
/sw/bioinfo/GeneMark/4.62-es/snowy/gmes_petap.pl : [Tue May  4 13:29:43 2021] /sw/bioinfo/GeneMark/4.62-es/rackham/make_nt_freq_mat.pl --cfg /domus/h1/mama5390/genome_analysis/genome_analysis/scripts/braker/M_Natalensis/GeneMark-ET/run.cfg --section start_ATG  --format INI
/sw/bioinfo/GeneMark/4.62-es/snowy/gmes_petap.pl : [Tue May  4 13:29:44 2021] /sw/bioinfo/GeneMark/4.62-es/rackham/make_nt_freq_mat.pl --cfg /domus/h1/mama5390/genome_analysis/genome_analysis/scripts/braker/M_Natalensis/GeneMark-ET/run.cfg --section stop_TAA   --format TERM_TAA
/sw/bioinfo/GeneMark/4.62-es/snowy/gmes_petap.pl : [Tue May  4 13:29:44 2021] /sw/bioinfo/GeneMark/4.62-es/rackham/make_nt_freq_mat.pl --cfg /domus/h1/mama5390/genome_analysis/genome_analysis/scripts/braker/M_Natalensis/GeneMark-ET/run.cfg --section stop_TAG   --format TERM_TAG
/sw/bioinfo/GeneMark/4.62-es/snowy/gmes_petap.pl : [Tue May  4 13:29:44 2021] /sw/bioinfo/GeneMark/4.62-es/rackham/make_nt_freq_mat.pl --cfg /domus/h1/mama5390/genome_analysis/genome_analysis/scripts/braker/M_Natalensis/GeneMark-ET/run.cfg --section stop_TGA   --format TERM_TGA
/sw/bioinfo/GeneMark/4.62-es/snowy/gmes_petap.pl : [Tue May  4 13:29:44 2021] /sw/bioinfo/GeneMark/4.62-es/rackham/probuild --cod cod.seq --non non.seq --mkmod_euk mkch    --MKCHAIN_L_MARGING 0  --MKCHAIN_R_MARGING 0  --MKCHAIN_PSEUDOCOUNTS 1  --MKCHAIN_PRECISION 8 --revcomp_non  --ORDM 5 
/sw/bioinfo/GeneMark/4.62-es/snowy/gmes_petap.pl : [Tue May  4 13:29:46 2021] /sw/bioinfo/GeneMark/4.62-es/rackham/histogram.pl --cfg /domus/h1/mama5390/genome_analysis/genome_analysis/scripts/braker/M_Natalensis/GeneMark-ET/run.cfg --section initial_DUR
/sw/bioinfo/GeneMark/4.62-es/snowy/gmes_petap.pl : [Tue May  4 13:29:48 2021] /sw/bioinfo/GeneMark/4.62-es/rackham/histogram.pl --cfg /domus/h1/mama5390/genome_analysis/genome_analysis/scripts/braker/M_Natalensis/GeneMark-ET/run.cfg --section internal_DUR
/sw/bioinfo/GeneMark/4.62-es/snowy/gmes_petap.pl : [Tue May  4 13:29:50 2021] /sw/bioinfo/GeneMark/4.62-es/rackham/histogram.pl --cfg /domus/h1/mama5390/genome_analysis/genome_analysis/scripts/braker/M_Natalensis/GeneMark-ET/run.cfg --section terminal_DUR
